{"meta": {"format": 3, "version": "7.11.0", "timestamp": "2026-03-04T08:47:25.343152", "branch_coverage": false, "show_contexts": false}, "files": {"squish/__init__.py": {"executed_lines": [1, 15, 23, 28, 31, 36, 39, 48, 55, 64, 75, 78, 86, 92, 93], "summary": {"covered_lines": 14, "num_statements": 14, "percent_covered": 100.0, "percent_covered_display": "100", "missing_lines": 0, "excluded_lines": 0}, "missing_lines": [], "excluded_lines": [], "functions": {"": {"executed_lines": [1, 15, 23, 28, 31, 36, 39, 48, 55, 64, 75, 78, 86, 92, 93], "summary": {"covered_lines": 14, "num_statements": 14, "percent_covered": 100.0, "percent_covered_display": "100", "missing_lines": 0, "excluded_lines": 0}, "missing_lines": [], "excluded_lines": []}}, "classes": {"": {"executed_lines": [1, 15, 23, 28, 31, 36, 39, 48, 55, 64, 75, 78, 86, 92, 93], "summary": {"covered_lines": 14, "num_statements": 14, "percent_covered": 100.0, "percent_covered_display": "100", "missing_lines": 0, "excluded_lines": 0}, "missing_lines": [], "excluded_lines": []}}}, "squish/awq.py": {"executed_lines": [2, 46, 47, 48, 49, 51, 57, 85, 86, 96, 100, 120, 127, 255, 262, 263, 265, 266, 267, 268, 269, 272, 274, 275, 276, 278, 280, 284, 291, 293, 294, 297, 298, 299, 300, 301, 302, 303, 304, 305, 306, 320, 350, 358, 360, 361, 362, 363, 364, 369, 372, 373, 374, 384, 388, 389, 393, 397, 398, 399, 401, 404, 406, 407, 409, 410, 412, 415, 426, 428, 429, 432, 434, 437, 452, 453, 454, 462, 519], "summary": {"covered_lines": 77, "num_statements": 207, "percent_covered": 37.19806763285024, "percent_covered_display": "37", "missing_lines": 130, "excluded_lines": 0}, "missing_lines": [97, 98, 102, 103, 104, 106, 107, 108, 111, 112, 114, 115, 117, 118, 122, 123, 124, 158, 160, 161, 164, 167, 171, 173, 174, 175, 176, 179, 180, 181, 183, 184, 185, 186, 187, 189, 190, 193, 194, 195, 196, 197, 199, 200, 201, 202, 203, 205, 206, 208, 209, 210, 212, 213, 214, 215, 216, 217, 218, 219, 220, 221, 223, 224, 226, 227, 228, 231, 232, 233, 236, 237, 238, 239, 240, 242, 243, 245, 246, 248, 281, 295, 309, 310, 311, 312, 313, 377, 378, 379, 380, 381, 382, 385, 390, 402, 442, 443, 444, 450, 455, 463, 466, 468, 470, 472, 474, 476, 478, 479, 481, 482, 483, 484, 485, 488, 489, 490, 491, 492, 495, 496, 497, 498, 499, 500, 503, 514, 516, 520], "excluded_lines": [], "functions": {"_ActivationHook.__init__": {"executed_lines": [], "summary": {"covered_lines": 0, "num_statements": 2, "percent_covered": 0.0, "percent_covered_display": "0", "missing_lines": 2, "excluded_lines": 0}, "missing_lines": [97, 98], "excluded_lines": []}, "_ActivationHook.__call__": {"executed_lines": [], "summary": {"covered_lines": 0, "num_statements": 12, "percent_covered": 0.0, "percent_covered_display": "0", "missing_lines": 12, "excluded_lines": 0}, "missing_lines": [102, 103, 104, 106, 107, 108, 111, 112, 114, 115, 117, 118], "excluded_lines": []}, "_ActivationHook.mean_activation": {"executed_lines": [], "summary": {"covered_lines": 0, "num_statements": 3, "percent_covered": 0.0, "percent_covered_display": "0", "missing_lines": 3, "excluded_lines": 0}, "missing_lines": [122, 123, 124], "excluded_lines": []}, "collect_activation_scales": {"executed_lines": [], "summary": {"covered_lines": 0, "num_statements": 54, "percent_covered": 0.0, "percent_covered_display": "0", "missing_lines": 54, "excluded_lines": 0}, "missing_lines": [158, 160, 161, 164, 167, 171, 173, 174, 175, 176, 179, 180, 187, 189, 190, 193, 194, 195, 196, 197, 199, 205, 206, 208, 209, 210, 212, 213, 214, 215, 216, 217, 218, 219, 220, 221, 223, 224, 226, 227, 228, 231, 232, 233, 236, 237, 238, 239, 240, 242, 243, 245, 246, 248], "excluded_lines": []}, "collect_activation_scales._collect": {"executed_lines": [], "summary": {"covered_lines": 0, "num_statements": 5, "percent_covered": 0.0, "percent_covered_display": "0", "missing_lines": 5, "excluded_lines": 0}, "missing_lines": [181, 183, 184, 185, 186], "excluded_lines": []}, "collect_activation_scales._make_patched": {"executed_lines": [], "summary": {"covered_lines": 0, "num_statements": 2, "percent_covered": 0.0, "percent_covered_display": "0", "missing_lines": 2, "excluded_lines": 0}, "missing_lines": [200, 203], "excluded_lines": []}, "collect_activation_scales._make_patched._patched": {"executed_lines": [], "summary": {"covered_lines": 0, "num_statements": 2, "percent_covered": 0.0, "percent_covered_display": "0", "missing_lines": 2, "excluded_lines": 0}, "missing_lines": [201, 202], "excluded_lines": []}, "save_awq_scales": {"executed_lines": [262, 263, 265, 266, 267, 268, 269, 272, 274, 275, 276, 278, 280], "summary": {"covered_lines": 13, "num_statements": 14, "percent_covered": 92.85714285714286, "percent_covered_display": "93", "missing_lines": 1, "excluded_lines": 0}, "missing_lines": [281], "excluded_lines": []}, "load_awq_scales": {"executed_lines": [291, 293, 294, 297, 298, 299, 300, 301, 302, 303, 304, 305, 306], "summary": {"covered_lines": 13, "num_statements": 19, "percent_covered": 68.42105263157895, "percent_covered_display": "68", "missing_lines": 6, "excluded_lines": 0}, "missing_lines": [295, 309, 310, 311, 312, 313], "excluded_lines": []}, "apply_awq_to_weights": {"executed_lines": [350, 358, 360, 361, 362, 363, 364, 369, 372, 373, 374, 384, 388, 389, 393, 397, 398, 399, 401, 404, 406, 407, 409, 410, 412], "summary": {"covered_lines": 25, "num_statements": 34, "percent_covered": 73.52941176470588, "percent_covered_display": "74", "missing_lines": 9, "excluded_lines": 0}, "missing_lines": [377, 378, 379, 380, 381, 382, 385, 390, 402], "excluded_lines": []}, "_preceding_norm_name": {"executed_lines": [426, 428, 429, 432, 434, 437, 452, 453, 454], "summary": {"covered_lines": 9, "num_statements": 14, "percent_covered": 64.28571428571429, "percent_covered_display": "64", "missing_lines": 5, "excluded_lines": 0}, "missing_lines": [442, 443, 444, 450, 455], "excluded_lines": []}, "main": {"executed_lines": [], "summary": {"covered_lines": 0, "num_statements": 28, "percent_covered": 0.0, "percent_covered_display": "0", "missing_lines": 28, "excluded_lines": 0}, "missing_lines": [463, 466, 468, 470, 472, 474, 476, 478, 479, 481, 482, 483, 484, 485, 488, 489, 490, 491, 492, 495, 496, 497, 498, 499, 500, 503, 514, 516], "excluded_lines": []}, "": {"executed_lines": [2, 46, 47, 48, 49, 51, 57, 85, 86, 96, 100, 120, 127, 255, 284, 320, 415, 462, 519], "summary": {"covered_lines": 17, "num_statements": 18, "percent_covered": 94.44444444444444, "percent_covered_display": "94", "missing_lines": 1, "excluded_lines": 0}, "missing_lines": [520], "excluded_lines": []}}, "classes": {"_ActivationHook": {"executed_lines": [], "summary": {"covered_lines": 0, "num_statements": 17, "percent_covered": 0.0, "percent_covered_display": "0", "missing_lines": 17, "excluded_lines": 0}, "missing_lines": [97, 98, 102, 103, 104, 106, 107, 108, 111, 112, 114, 115, 117, 118, 122, 123, 124], "excluded_lines": []}, "": {"executed_lines": [2, 46, 47, 48, 49, 51, 57, 85, 86, 96, 100, 120, 127, 255, 262, 263, 265, 266, 267, 268, 269, 272, 274, 275, 276, 278, 280, 284, 291, 293, 294, 297, 298, 299, 300, 301, 302, 303, 304, 305, 306, 320, 350, 358, 360, 361, 362, 363, 364, 369, 372, 373, 374, 384, 388, 389, 393, 397, 398, 399, 401, 404, 406, 407, 409, 410, 412, 415, 426, 428, 429, 432, 434, 437, 452, 453, 454, 462, 519], "summary": {"covered_lines": 77, "num_statements": 190, "percent_covered": 40.526315789473685, "percent_covered_display": "41", "missing_lines": 113, "excluded_lines": 0}, "missing_lines": [158, 160, 161, 164, 167, 171, 173, 174, 175, 176, 179, 180, 181, 183, 184, 185, 186, 187, 189, 190, 193, 194, 195, 196, 197, 199, 200, 201, 202, 203, 205, 206, 208, 209, 210, 212, 213, 214, 215, 216, 217, 218, 219, 220, 221, 223, 224, 226, 227, 228, 231, 232, 233, 236, 237, 238, 239, 240, 242, 243, 245, 246, 248, 281, 295, 309, 310, 311, 312, 313, 377, 378, 379, 380, 381, 382, 385, 390, 402, 442, 443, 444, 450, 455, 463, 466, 468, 470, 472, 474, 476, 478, 479, 481, 482, 483, 484, 485, 488, 489, 490, 491, 492, 495, 496, 497, 498, 499, 500, 503, 514, 516, 520], "excluded_lines": []}}}, "squish/catalog.py": {"executed_lines": [1, 24, 26, 27, 28, 29, 30, 31, 32, 33, 37, 40, 41, 44, 49, 50, 51, 54, 57, 60, 63, 66, 69, 72, 75, 78, 81, 83, 84, 88, 89, 93, 104, 244, 259, 274, 278, 354, 357, 374, 400, 421, 452, 475, 494, 503, 517], "summary": {"covered_lines": 45, "num_statements": 200, "percent_covered": 22.5, "percent_covered_display": "22", "missing_lines": 155, "excluded_lines": 0}, "missing_lines": [86, 91, 94, 95, 260, 275, 291, 293, 294, 295, 296, 297, 298, 301, 302, 303, 304, 305, 306, 307, 310, 311, 312, 313, 314, 315, 316, 317, 320, 321, 322, 323, 324, 325, 326, 327, 330, 331, 332, 334, 335, 336, 337, 338, 340, 342, 345, 346, 347, 348, 349, 351, 365, 366, 367, 368, 369, 370, 371, 382, 383, 384, 385, 387, 388, 389, 390, 391, 392, 393, 394, 395, 397, 411, 412, 431, 434, 436, 439, 440, 443, 444, 445, 447, 459, 460, 461, 468, 469, 478, 479, 480, 486, 487, 488, 496, 497, 498, 499, 500, 508, 509, 544, 545, 546, 548, 549, 550, 555, 556, 557, 560, 561, 562, 565, 566, 567, 568, 569, 570, 571, 574, 575, 576, 577, 578, 579, 580, 583, 584, 585, 586, 588, 589, 590, 591, 592, 595, 596, 597, 598, 600, 603, 604, 605, 611, 612, 613, 614, 616, 617, 618, 619, 624, 625], "excluded_lines": [], "functions": {"CatalogEntry.dir_name": {"executed_lines": [], "summary": {"covered_lines": 0, "num_statements": 1, "percent_covered": 0.0, "percent_covered_display": "0", "missing_lines": 1, "excluded_lines": 0}, "missing_lines": [86], "excluded_lines": []}, "CatalogEntry.has_prebuilt": {"executed_lines": [], "summary": {"covered_lines": 0, "num_statements": 1, "percent_covered": 0.0, "percent_covered_display": "0", "missing_lines": 1, "excluded_lines": 0}, "missing_lines": [91], "excluded_lines": []}, "CatalogEntry.__str__": {"executed_lines": [], "summary": {"covered_lines": 0, "num_statements": 2, "percent_covered": 0.0, "percent_covered_display": "0", "missing_lines": 2, "excluded_lines": 0}, "missing_lines": [94, 95], "excluded_lines": []}, "_entry_from_dict": {"executed_lines": [], "summary": {"covered_lines": 0, "num_statements": 1, "percent_covered": 0.0, "percent_covered_display": "0", "missing_lines": 1, "excluded_lines": 0}, "missing_lines": [260], "excluded_lines": []}, "_bundled_catalog": {"executed_lines": [], "summary": {"covered_lines": 0, "num_statements": 1, "percent_covered": 0.0, "percent_covered_display": "0", "missing_lines": 1, "excluded_lines": 0}, "missing_lines": [275], "excluded_lines": []}, "_try_refresh_catalog": {"executed_lines": [], "summary": {"covered_lines": 0, "num_statements": 26, "percent_covered": 0.0, "percent_covered_display": "0", "missing_lines": 26, "excluded_lines": 0}, "missing_lines": [291, 293, 301, 302, 303, 304, 305, 306, 307, 310, 311, 312, 313, 314, 315, 316, 317, 320, 340, 342, 345, 346, 347, 348, 349, 351], "excluded_lines": []}, "_try_refresh_catalog._merge": {"executed_lines": [], "summary": {"covered_lines": 0, "num_statements": 5, "percent_covered": 0.0, "percent_covered_display": "0", "missing_lines": 5, "excluded_lines": 0}, "missing_lines": [294, 295, 296, 297, 298], "excluded_lines": []}, "_try_refresh_catalog._background_fetch": {"executed_lines": [], "summary": {"covered_lines": 0, "num_statements": 15, "percent_covered": 0.0, "percent_covered_display": "0", "missing_lines": 15, "excluded_lines": 0}, "missing_lines": [321, 322, 323, 324, 325, 326, 327, 330, 331, 332, 334, 335, 336, 337, 338], "excluded_lines": []}, "load_catalog": {"executed_lines": [], "summary": {"covered_lines": 0, "num_statements": 7, "percent_covered": 0.0, "percent_covered_display": "0", "missing_lines": 7, "excluded_lines": 0}, "missing_lines": [365, 366, 367, 368, 369, 370, 371], "excluded_lines": []}, "list_catalog": {"executed_lines": [], "summary": {"covered_lines": 0, "num_statements": 6, "percent_covered": 0.0, "percent_covered_display": "0", "missing_lines": 6, "excluded_lines": 0}, "missing_lines": [382, 383, 384, 385, 387, 397], "excluded_lines": []}, "list_catalog._sort_key": {"executed_lines": [], "summary": {"covered_lines": 0, "num_statements": 8, "percent_covered": 0.0, "percent_covered_display": "0", "missing_lines": 8, "excluded_lines": 0}, "missing_lines": [388, 389, 390, 391, 392, 393, 394, 395], "excluded_lines": []}, "search": {"executed_lines": [], "summary": {"covered_lines": 0, "num_statements": 2, "percent_covered": 0.0, "percent_covered_display": "0", "missing_lines": 2, "excluded_lines": 0}, "missing_lines": [411, 412], "excluded_lines": []}, "resolve": {"executed_lines": [], "summary": {"covered_lines": 0, "num_statements": 9, "percent_covered": 0.0, "percent_covered_display": "0", "missing_lines": 9, "excluded_lines": 0}, "missing_lines": [431, 434, 436, 439, 440, 443, 444, 445, 447], "excluded_lines": []}, "_hf_download": {"executed_lines": [], "summary": {"covered_lines": 0, "num_statements": 5, "percent_covered": 0.0, "percent_covered_display": "0", "missing_lines": 5, "excluded_lines": 0}, "missing_lines": [459, 460, 461, 468, 469], "excluded_lines": []}, "_hf_file_download": {"executed_lines": [], "summary": {"covered_lines": 0, "num_statements": 6, "percent_covered": 0.0, "percent_covered_display": "0", "missing_lines": 6, "excluded_lines": 0}, "missing_lines": [478, 479, 480, 486, 487, 488], "excluded_lines": []}, "_hf_list_files": {"executed_lines": [], "summary": {"covered_lines": 0, "num_statements": 5, "percent_covered": 0.0, "percent_covered_display": "0", "missing_lines": 5, "excluded_lines": 0}, "missing_lines": [496, 497, 498, 499, 500], "excluded_lines": []}, "_has_squish_weights": {"executed_lines": [], "summary": {"covered_lines": 0, "num_statements": 2, "percent_covered": 0.0, "percent_covered_display": "0", "missing_lines": 2, "excluded_lines": 0}, "missing_lines": [508, 509], "excluded_lines": []}, "pull": {"executed_lines": [], "summary": {"covered_lines": 0, "num_statements": 53, "percent_covered": 0.0, "percent_covered_display": "0", "missing_lines": 53, "excluded_lines": 0}, "missing_lines": [544, 545, 546, 548, 549, 550, 555, 556, 557, 560, 561, 562, 565, 566, 567, 568, 569, 570, 571, 574, 575, 576, 577, 578, 579, 580, 583, 584, 585, 586, 588, 589, 590, 591, 592, 595, 596, 597, 598, 600, 603, 604, 605, 611, 612, 613, 614, 616, 617, 618, 619, 624, 625], "excluded_lines": []}, "": {"executed_lines": [1, 24, 26, 27, 28, 29, 30, 31, 32, 33, 37, 40, 41, 44, 49, 50, 51, 54, 57, 60, 63, 66, 69, 72, 75, 78, 81, 83, 84, 88, 89, 93, 104, 244, 259, 274, 278, 354, 357, 374, 400, 421, 452, 475, 494, 503, 517], "summary": {"covered_lines": 45, "num_statements": 45, "percent_covered": 100.0, "percent_covered_display": "100", "missing_lines": 0, "excluded_lines": 0}, "missing_lines": [], "excluded_lines": []}}, "classes": {"CatalogEntry": {"executed_lines": [], "summary": {"covered_lines": 0, "num_statements": 4, "percent_covered": 0.0, "percent_covered_display": "0", "missing_lines": 4, "excluded_lines": 0}, "missing_lines": [86, 91, 94, 95], "excluded_lines": []}, "": {"executed_lines": [1, 24, 26, 27, 28, 29, 30, 31, 32, 33, 37, 40, 41, 44, 49, 50, 51, 54, 57, 60, 63, 66, 69, 72, 75, 78, 81, 83, 84, 88, 89, 93, 104, 244, 259, 274, 278, 354, 357, 374, 400, 421, 452, 475, 494, 503, 517], "summary": {"covered_lines": 45, "num_statements": 196, "percent_covered": 22.959183673469386, "percent_covered_display": "23", "missing_lines": 151, "excluded_lines": 0}, "missing_lines": [260, 275, 291, 293, 294, 295, 296, 297, 298, 301, 302, 303, 304, 305, 306, 307, 310, 311, 312, 313, 314, 315, 316, 317, 320, 321, 322, 323, 324, 325, 326, 327, 330, 331, 332, 334, 335, 336, 337, 338, 340, 342, 345, 346, 347, 348, 349, 351, 365, 366, 367, 368, 369, 370, 371, 382, 383, 384, 385, 387, 388, 389, 390, 391, 392, 393, 394, 395, 397, 411, 412, 431, 434, 436, 439, 440, 443, 444, 445, 447, 459, 460, 461, 468, 469, 478, 479, 480, 486, 487, 488, 496, 497, 498, 499, 500, 508, 509, 544, 545, 546, 548, 549, 550, 555, 556, 557, 560, 561, 562, 565, 566, 567, 568, 569, 570, 571, 574, 575, 576, 577, 578, 579, 580, 583, 584, 585, 586, 588, 589, 590, 591, 592, 595, 596, 597, 598, 600, 603, 604, 605, 611, 612, 613, 614, 616, 617, 618, 619, 624, 625], "excluded_lines": []}}}, "squish/cli.py": {"executed_lines": [], "summary": {"covered_lines": 0, "num_statements": 839, "percent_covered": 0.0, "percent_covered_display": "0", "missing_lines": 839, "excluded_lines": 2}, "missing_lines": [38, 39, 40, 41, 42, 43, 44, 45, 47, 48, 51, 54, 57, 64, 68, 109, 112, 115, 120, 122, 123, 124, 125, 126, 127, 128, 131, 132, 133, 135, 136, 137, 139, 141, 143, 144, 145, 151, 152, 154, 155, 156, 158, 159, 160, 161, 163, 166, 167, 168, 171, 173, 174, 175, 176, 177, 182, 184, 185, 186, 187, 188, 189, 191, 192, 193, 194, 195, 196, 197, 198, 200, 201, 202, 203, 204, 205, 207, 208, 209, 210, 211, 214, 215, 216, 217, 218, 220, 221, 222, 223, 224, 225, 230, 232, 234, 237, 238, 241, 242, 243, 244, 245, 246, 247, 248, 249, 251, 252, 253, 254, 255, 256, 257, 259, 260, 262, 263, 268, 269, 270, 271, 272, 274, 275, 276, 278, 279, 280, 281, 282, 283, 284, 285, 286, 287, 288, 289, 291, 292, 293, 296, 297, 298, 299, 300, 302, 303, 304, 305, 306, 307, 308, 310, 311, 312, 317, 319, 321, 323, 324, 325, 327, 328, 329, 330, 331, 332, 333, 334, 335, 336, 337, 338, 339, 340, 345, 347, 348, 350, 351, 352, 355, 356, 357, 360, 361, 362, 365, 366, 368, 369, 370, 371, 372, 375, 376, 377, 378, 379, 380, 383, 384, 385, 386, 387, 388, 391, 392, 393, 394, 397, 398, 399, 400, 401, 402, 403, 404, 406, 407, 412, 414, 416, 417, 418, 420, 421, 422, 425, 426, 427, 434, 435, 451, 453, 462, 463, 464, 465, 466, 467, 468, 469, 470, 472, 473, 474, 475, 480, 487, 488, 489, 491, 492, 493, 494, 497, 499, 500, 501, 502, 503, 504, 505, 506, 507, 509, 510, 511, 512, 513, 524, 525, 526, 527, 529, 530, 532, 535, 536, 538, 541, 542, 544, 545, 546, 547, 549, 551, 558, 566, 567, 568, 569, 570, 571, 572, 573, 574, 575, 576, 577, 578, 579, 580, 581, 582, 583, 584, 585, 586, 587, 589, 590, 591, 592, 593, 594, 595, 597, 598, 599, 600, 601, 602, 603, 604, 605, 606, 607, 608, 609, 610, 611, 612, 613, 614, 616, 617, 618, 619, 620, 622, 623, 624, 625, 626, 627, 630, 631, 636, 638, 639, 641, 642, 643, 644, 647, 648, 649, 650, 651, 652, 654, 657, 658, 659, 660, 661, 662, 666, 667, 668, 669, 670, 671, 672, 673, 675, 682, 683, 684, 686, 687, 688, 689, 696, 701, 702, 703, 704, 705, 706, 707, 708, 709, 710, 711, 712, 713, 714, 715, 716, 717, 718, 719, 720, 721, 722, 723, 724, 726, 727, 728, 730, 731, 733, 734, 735, 736, 737, 738, 740, 741, 742, 743, 747, 748, 749, 750, 753, 754, 755, 756, 765, 766, 770, 775, 776, 777, 778, 779, 784, 786, 787, 789, 790, 791, 793, 795, 797, 798, 799, 800, 801, 802, 805, 809, 811, 812, 813, 814, 815, 816, 819, 820, 821, 824, 825, 828, 829, 830, 831, 834, 835, 838, 839, 840, 843, 844, 847, 848, 849, 852, 853, 856, 857, 858, 861, 862, 865, 866, 867, 868, 869, 873, 874, 876, 881, 882, 883, 884, 885, 886, 888, 889, 892, 893, 894, 895, 897, 901, 902, 903, 904, 905, 906, 911, 912, 915, 916, 917, 918, 919, 920, 921, 923, 925, 926, 927, 929, 932, 934, 936, 937, 938, 940, 941, 942, 943, 944, 946, 947, 948, 949, 950, 951, 953, 955, 956, 957, 958, 959, 960, 962, 963, 965, 966, 967, 968, 969, 970, 971, 972, 973, 974, 975, 976, 978, 979, 980, 982, 983, 984, 985, 986, 987, 989, 990, 991, 992, 994, 995, 996, 998, 999, 1000, 1002, 1003, 1019, 1022, 1023, 1024, 1025, 1026, 1027, 1028, 1029, 1030, 1031, 1032, 1033, 1034, 1035, 1038, 1041, 1042, 1043, 1044, 1045, 1046, 1048, 1050, 1052, 1053, 1055, 1057, 1058, 1059, 1060, 1063, 1064, 1065, 1066, 1067, 1068, 1069, 1071, 1072, 1073, 1074, 1078, 1079, 1080, 1081, 1082, 1083, 1084, 1085, 1086, 1087, 1088, 1089, 1090, 1092, 1098, 1099, 1100, 1101, 1102, 1103, 1104, 1105, 1106, 1107, 1109, 1110, 1111, 1113, 1115, 1116, 1117, 1118, 1119, 1120, 1121, 1123, 1124, 1125, 1126, 1128, 1130, 1131, 1132, 1135, 1136, 1137, 1138, 1139, 1140, 1141, 1142, 1143, 1144, 1145, 1146, 1148, 1150, 1155, 1170, 1171, 1173, 1174, 1175, 1178, 1179, 1180, 1185, 1186, 1187, 1196, 1198, 1199, 1207, 1208, 1209, 1210, 1211, 1212, 1214, 1215, 1221, 1226, 1228, 1229, 1231, 1236, 1237, 1238, 1239, 1241, 1242, 1247, 1250, 1251, 1252, 1254, 1255, 1256, 1257, 1263, 1264, 1265, 1267, 1268, 1269, 1271, 1272, 1273, 1276, 1277, 1314, 1316, 1323, 1324, 1325, 1326, 1328, 1329, 1331, 1333, 1334, 1335, 1339, 1342, 1343, 1344, 1345, 1347, 1348, 1349, 1350, 1351, 1352, 1356, 1359, 1360, 1361, 1362, 1363, 1364, 1366, 1368, 1369, 1370, 1373, 1376, 1377, 1380, 1381, 1384, 1385, 1386, 1387, 1388, 1389, 1391, 1394, 1396, 1399, 1400, 1403, 1404, 1408, 1409, 1410, 1411, 1412, 1415, 1416, 1417, 1419, 1421, 1422, 1425, 1429, 1433, 1435, 1436, 1439, 1453, 1454, 1456, 1458, 1460, 1462, 1463, 1466, 1467, 1469, 1471, 1473, 1474, 1475, 1477, 1479, 1481, 1483, 1485, 1486, 1487, 1489, 1491, 1492, 1493, 1495, 1498, 1499], "excluded_lines": [58, 59], "functions": {"_resolve_model": {"executed_lines": [], "summary": {"covered_lines": 0, "num_statements": 29, "percent_covered": 0.0, "percent_covered_display": "0", "missing_lines": 29, "excluded_lines": 0}, "missing_lines": [120, 122, 123, 124, 125, 126, 127, 128, 131, 132, 133, 135, 136, 137, 139, 141, 143, 144, 145, 151, 152, 154, 155, 156, 158, 159, 160, 161, 163], "excluded_lines": []}, "_die": {"executed_lines": [], "summary": {"covered_lines": 0, "num_statements": 2, "percent_covered": 0.0, "percent_covered_display": "0", "missing_lines": 2, "excluded_lines": 0}, "missing_lines": [167, 168], "excluded_lines": []}, "_box": {"executed_lines": [], "summary": {"covered_lines": 0, "num_statements": 5, "percent_covered": 0.0, "percent_covered_display": "0", "missing_lines": 5, "excluded_lines": 0}, "missing_lines": [173, 174, 175, 176, 177], "excluded_lines": []}, "cmd_models": {"executed_lines": [], "summary": {"covered_lines": 0, "num_statements": 36, "percent_covered": 0.0, "percent_covered_display": "0", "missing_lines": 36, "excluded_lines": 0}, "missing_lines": [184, 185, 186, 187, 188, 189, 191, 192, 193, 194, 195, 196, 197, 198, 200, 201, 202, 203, 204, 205, 207, 208, 209, 210, 211, 214, 215, 216, 217, 218, 220, 221, 222, 223, 224, 225], "excluded_lines": []}, "cmd_rm": {"executed_lines": [], "summary": {"covered_lines": 0, "num_statements": 62, "percent_covered": 0.0, "percent_covered_display": "0", "missing_lines": 62, "excluded_lines": 0}, "missing_lines": [232, 234, 237, 238, 241, 242, 243, 244, 245, 246, 247, 248, 249, 251, 252, 253, 254, 255, 256, 257, 259, 260, 262, 263, 268, 269, 270, 271, 272, 274, 275, 276, 278, 279, 280, 281, 282, 283, 284, 285, 286, 287, 288, 289, 291, 292, 293, 296, 297, 298, 299, 300, 302, 303, 304, 305, 306, 307, 308, 310, 311, 312], "excluded_lines": []}, "cmd_search": {"executed_lines": [], "summary": {"covered_lines": 0, "num_statements": 19, "percent_covered": 0.0, "percent_covered_display": "0", "missing_lines": 19, "excluded_lines": 0}, "missing_lines": [319, 321, 323, 324, 325, 327, 328, 329, 330, 331, 332, 333, 334, 335, 336, 337, 338, 339, 340], "excluded_lines": []}, "cmd_info": {"executed_lines": [], "summary": {"covered_lines": 0, "num_statements": 44, "percent_covered": 0.0, "percent_covered_display": "0", "missing_lines": 44, "excluded_lines": 0}, "missing_lines": [347, 348, 350, 351, 352, 355, 356, 357, 360, 361, 362, 365, 366, 368, 369, 370, 371, 372, 375, 376, 377, 378, 379, 380, 383, 384, 385, 386, 387, 388, 391, 392, 393, 394, 397, 398, 399, 400, 401, 402, 403, 404, 406, 407], "excluded_lines": []}, "cmd_run": {"executed_lines": [], "summary": {"covered_lines": 0, "num_statements": 27, "percent_covered": 0.0, "percent_covered_display": "0", "missing_lines": 27, "excluded_lines": 0}, "missing_lines": [414, 416, 417, 418, 420, 421, 422, 425, 426, 427, 434, 435, 451, 453, 462, 463, 464, 465, 466, 467, 468, 469, 470, 472, 473, 474, 475], "excluded_lines": []}, "cmd_chat": {"executed_lines": [], "summary": {"covered_lines": 0, "num_statements": 69, "percent_covered": 0.0, "percent_covered_display": "0", "missing_lines": 69, "excluded_lines": 0}, "missing_lines": [487, 488, 489, 491, 492, 493, 494, 497, 499, 509, 510, 511, 512, 513, 524, 525, 526, 527, 529, 530, 532, 535, 536, 538, 541, 542, 544, 545, 546, 547, 549, 589, 590, 591, 592, 593, 594, 595, 597, 598, 599, 600, 601, 602, 603, 604, 605, 606, 607, 608, 609, 610, 611, 612, 613, 614, 616, 617, 618, 619, 620, 622, 623, 624, 625, 626, 627, 630, 631], "excluded_lines": []}, "cmd_chat._server_up": {"executed_lines": [], "summary": {"covered_lines": 0, "num_statements": 8, "percent_covered": 0.0, "percent_covered_display": "0", "missing_lines": 8, "excluded_lines": 0}, "missing_lines": [500, 501, 502, 503, 504, 505, 506, 507], "excluded_lines": []}, "cmd_chat._stream_chat": {"executed_lines": [], "summary": {"covered_lines": 0, "num_statements": 24, "percent_covered": 0.0, "percent_covered_display": "0", "missing_lines": 24, "excluded_lines": 0}, "missing_lines": [551, 558, 566, 567, 568, 569, 570, 571, 572, 573, 574, 575, 576, 577, 578, 579, 580, 581, 582, 583, 584, 585, 586, 587], "excluded_lines": []}, "cmd_bench": {"executed_lines": [], "summary": {"covered_lines": 0, "num_statements": 91, "percent_covered": 0.0, "percent_covered_display": "0", "missing_lines": 91, "excluded_lines": 0}, "missing_lines": [638, 639, 641, 642, 643, 644, 647, 648, 649, 650, 651, 652, 654, 657, 658, 659, 660, 661, 662, 666, 667, 668, 669, 670, 671, 672, 673, 675, 682, 683, 684, 686, 687, 688, 689, 696, 701, 702, 703, 704, 705, 706, 707, 708, 709, 710, 711, 712, 713, 714, 715, 716, 717, 718, 719, 720, 721, 722, 723, 724, 726, 727, 728, 730, 731, 733, 734, 735, 736, 737, 738, 740, 741, 742, 743, 747, 748, 749, 750, 753, 754, 755, 756, 765, 766, 770, 775, 776, 777, 778, 779], "excluded_lines": []}, "cmd_doctor": {"executed_lines": [], "summary": {"covered_lines": 0, "num_statements": 76, "percent_covered": 0.0, "percent_covered_display": "0", "missing_lines": 76, "excluded_lines": 0}, "missing_lines": [786, 787, 789, 790, 791, 793, 795, 805, 809, 819, 820, 821, 824, 825, 828, 829, 830, 831, 834, 835, 838, 839, 840, 843, 844, 847, 848, 849, 852, 853, 856, 857, 858, 861, 862, 865, 866, 867, 868, 869, 873, 874, 876, 881, 882, 883, 884, 885, 886, 888, 889, 892, 893, 894, 895, 897, 901, 902, 903, 904, 905, 906, 911, 912, 915, 916, 917, 918, 919, 920, 921, 923, 925, 926, 927, 929], "excluded_lines": []}, "cmd_doctor._check": {"executed_lines": [], "summary": {"covered_lines": 0, "num_statements": 6, "percent_covered": 0.0, "percent_covered_display": "0", "missing_lines": 6, "excluded_lines": 0}, "missing_lines": [797, 798, 799, 800, 801, 802], "excluded_lines": []}, "cmd_doctor._ver_ok": {"executed_lines": [], "summary": {"covered_lines": 0, "num_statements": 5, "percent_covered": 0.0, "percent_covered_display": "0", "missing_lines": 5, "excluded_lines": 0}, "missing_lines": [811, 812, 814, 815, 816], "excluded_lines": []}, "cmd_doctor._ver_ok._to_tuple": {"executed_lines": [], "summary": {"covered_lines": 0, "num_statements": 1, "percent_covered": 0.0, "percent_covered_display": "0", "missing_lines": 1, "excluded_lines": 0}, "missing_lines": [813], "excluded_lines": []}, "cmd_daemon": {"executed_lines": [], "summary": {"covered_lines": 0, "num_statements": 63, "percent_covered": 0.0, "percent_covered_display": "0", "missing_lines": 63, "excluded_lines": 0}, "missing_lines": [934, 936, 937, 938, 940, 946, 953, 955, 956, 957, 958, 959, 960, 962, 963, 965, 966, 967, 968, 969, 970, 971, 972, 973, 974, 975, 976, 978, 979, 980, 982, 983, 984, 985, 986, 987, 989, 990, 991, 992, 994, 995, 996, 998, 999, 1000, 1002, 1003, 1019, 1022, 1023, 1024, 1025, 1026, 1027, 1028, 1029, 1030, 1031, 1032, 1033, 1034, 1035], "excluded_lines": []}, "cmd_daemon._read_pid": {"executed_lines": [], "summary": {"covered_lines": 0, "num_statements": 4, "percent_covered": 0.0, "percent_covered_display": "0", "missing_lines": 4, "excluded_lines": 0}, "missing_lines": [941, 942, 943, 944], "excluded_lines": []}, "cmd_daemon._is_running": {"executed_lines": [], "summary": {"covered_lines": 0, "num_statements": 5, "percent_covered": 0.0, "percent_covered_display": "0", "missing_lines": 5, "excluded_lines": 0}, "missing_lines": [947, 948, 949, 950, 951], "excluded_lines": []}, "cmd_compress": {"executed_lines": [], "summary": {"covered_lines": 0, "num_statements": 77, "percent_covered": 0.0, "percent_covered_display": "0", "missing_lines": 77, "excluded_lines": 0}, "missing_lines": [1041, 1042, 1043, 1044, 1045, 1046, 1048, 1050, 1052, 1053, 1055, 1057, 1058, 1059, 1060, 1063, 1064, 1065, 1066, 1067, 1068, 1069, 1071, 1072, 1073, 1074, 1078, 1079, 1080, 1081, 1082, 1083, 1084, 1085, 1086, 1087, 1088, 1089, 1090, 1092, 1098, 1099, 1100, 1101, 1102, 1103, 1104, 1105, 1106, 1107, 1109, 1110, 1111, 1113, 1115, 1123, 1124, 1125, 1126, 1128, 1130, 1131, 1132, 1135, 1136, 1137, 1138, 1139, 1140, 1141, 1142, 1143, 1144, 1145, 1146, 1148, 1150], "excluded_lines": []}, "cmd_compress._heartbeat": {"executed_lines": [], "summary": {"covered_lines": 0, "num_statements": 6, "percent_covered": 0.0, "percent_covered_display": "0", "missing_lines": 6, "excluded_lines": 0}, "missing_lines": [1116, 1117, 1118, 1119, 1120, 1121], "excluded_lines": []}, "cmd_pull": {"executed_lines": [], "summary": {"covered_lines": 0, "num_statements": 23, "percent_covered": 0.0, "percent_covered_display": "0", "missing_lines": 23, "excluded_lines": 0}, "missing_lines": [1170, 1171, 1173, 1174, 1175, 1178, 1179, 1180, 1185, 1186, 1187, 1196, 1198, 1199, 1207, 1208, 1209, 1210, 1211, 1212, 1214, 1215, 1221], "excluded_lines": []}, "cmd_catalog": {"executed_lines": [], "summary": {"covered_lines": 0, "num_statements": 26, "percent_covered": 0.0, "percent_covered_display": "0", "missing_lines": 26, "excluded_lines": 0}, "missing_lines": [1228, 1229, 1231, 1236, 1237, 1238, 1239, 1241, 1242, 1247, 1250, 1251, 1252, 1254, 1255, 1256, 1257, 1263, 1264, 1265, 1267, 1268, 1269, 1271, 1272, 1273], "excluded_lines": []}, "main": {"executed_lines": [], "summary": {"covered_lines": 0, "num_statements": 96, "percent_covered": 0.0, "percent_covered_display": "0", "missing_lines": 96, "excluded_lines": 0}, "missing_lines": [1277, 1314, 1316, 1323, 1324, 1325, 1326, 1328, 1329, 1331, 1333, 1334, 1335, 1339, 1342, 1343, 1344, 1345, 1347, 1348, 1349, 1350, 1351, 1352, 1356, 1359, 1360, 1361, 1362, 1363, 1364, 1366, 1368, 1369, 1370, 1373, 1376, 1377, 1380, 1381, 1384, 1385, 1386, 1387, 1388, 1389, 1391, 1394, 1396, 1399, 1400, 1403, 1404, 1408, 1409, 1410, 1411, 1412, 1415, 1416, 1417, 1419, 1421, 1422, 1425, 1429, 1433, 1435, 1436, 1439, 1453, 1454, 1456, 1458, 1460, 1462, 1463, 1466, 1467, 1469, 1471, 1473, 1474, 1475, 1477, 1479, 1481, 1483, 1485, 1486, 1487, 1489, 1491, 1492, 1493, 1495], "excluded_lines": []}, "": {"executed_lines": [], "summary": {"covered_lines": 0, "num_statements": 35, "percent_covered": 0.0, "percent_covered_display": "0", "missing_lines": 35, "excluded_lines": 2}, "missing_lines": [38, 39, 40, 41, 42, 43, 44, 45, 47, 48, 51, 54, 57, 64, 68, 109, 112, 115, 166, 171, 182, 230, 317, 345, 412, 480, 636, 784, 932, 1038, 1155, 1226, 1276, 1498, 1499], "excluded_lines": [58, 59]}}, "classes": {"": {"executed_lines": [], "summary": {"covered_lines": 0, "num_statements": 839, "percent_covered": 0.0, "percent_covered_display": "0", "missing_lines": 839, "excluded_lines": 2}, "missing_lines": [38, 39, 40, 41, 42, 43, 44, 45, 47, 48, 51, 54, 57, 64, 68, 109, 112, 115, 120, 122, 123, 124, 125, 126, 127, 128, 131, 132, 133, 135, 136, 137, 139, 141, 143, 144, 145, 151, 152, 154, 155, 156, 158, 159, 160, 161, 163, 166, 167, 168, 171, 173, 174, 175, 176, 177, 182, 184, 185, 186, 187, 188, 189, 191, 192, 193, 194, 195, 196, 197, 198, 200, 201, 202, 203, 204, 205, 207, 208, 209, 210, 211, 214, 215, 216, 217, 218, 220, 221, 222, 223, 224, 225, 230, 232, 234, 237, 238, 241, 242, 243, 244, 245, 246, 247, 248, 249, 251, 252, 253, 254, 255, 256, 257, 259, 260, 262, 263, 268, 269, 270, 271, 272, 274, 275, 276, 278, 279, 280, 281, 282, 283, 284, 285, 286, 287, 288, 289, 291, 292, 293, 296, 297, 298, 299, 300, 302, 303, 304, 305, 306, 307, 308, 310, 311, 312, 317, 319, 321, 323, 324, 325, 327, 328, 329, 330, 331, 332, 333, 334, 335, 336, 337, 338, 339, 340, 345, 347, 348, 350, 351, 352, 355, 356, 357, 360, 361, 362, 365, 366, 368, 369, 370, 371, 372, 375, 376, 377, 378, 379, 380, 383, 384, 385, 386, 387, 388, 391, 392, 393, 394, 397, 398, 399, 400, 401, 402, 403, 404, 406, 407, 412, 414, 416, 417, 418, 420, 421, 422, 425, 426, 427, 434, 435, 451, 453, 462, 463, 464, 465, 466, 467, 468, 469, 470, 472, 473, 474, 475, 480, 487, 488, 489, 491, 492, 493, 494, 497, 499, 500, 501, 502, 503, 504, 505, 506, 507, 509, 510, 511, 512, 513, 524, 525, 526, 527, 529, 530, 532, 535, 536, 538, 541, 542, 544, 545, 546, 547, 549, 551, 558, 566, 567, 568, 569, 570, 571, 572, 573, 574, 575, 576, 577, 578, 579, 580, 581, 582, 583, 584, 585, 586, 587, 589, 590, 591, 592, 593, 594, 595, 597, 598, 599, 600, 601, 602, 603, 604, 605, 606, 607, 608, 609, 610, 611, 612, 613, 614, 616, 617, 618, 619, 620, 622, 623, 624, 625, 626, 627, 630, 631, 636, 638, 639, 641, 642, 643, 644, 647, 648, 649, 650, 651, 652, 654, 657, 658, 659, 660, 661, 662, 666, 667, 668, 669, 670, 671, 672, 673, 675, 682, 683, 684, 686, 687, 688, 689, 696, 701, 702, 703, 704, 705, 706, 707, 708, 709, 710, 711, 712, 713, 714, 715, 716, 717, 718, 719, 720, 721, 722, 723, 724, 726, 727, 728, 730, 731, 733, 734, 735, 736, 737, 738, 740, 741, 742, 743, 747, 748, 749, 750, 753, 754, 755, 756, 765, 766, 770, 775, 776, 777, 778, 779, 784, 786, 787, 789, 790, 791, 793, 795, 797, 798, 799, 800, 801, 802, 805, 809, 811, 812, 813, 814, 815, 816, 819, 820, 821, 824, 825, 828, 829, 830, 831, 834, 835, 838, 839, 840, 843, 844, 847, 848, 849, 852, 853, 856, 857, 858, 861, 862, 865, 866, 867, 868, 869, 873, 874, 876, 881, 882, 883, 884, 885, 886, 888, 889, 892, 893, 894, 895, 897, 901, 902, 903, 904, 905, 906, 911, 912, 915, 916, 917, 918, 919, 920, 921, 923, 925, 926, 927, 929, 932, 934, 936, 937, 938, 940, 941, 942, 943, 944, 946, 947, 948, 949, 950, 951, 953, 955, 956, 957, 958, 959, 960, 962, 963, 965, 966, 967, 968, 969, 970, 971, 972, 973, 974, 975, 976, 978, 979, 980, 982, 983, 984, 985, 986, 987, 989, 990, 991, 992, 994, 995, 996, 998, 999, 1000, 1002, 1003, 1019, 1022, 1023, 1024, 1025, 1026, 1027, 1028, 1029, 1030, 1031, 1032, 1033, 1034, 1035, 1038, 1041, 1042, 1043, 1044, 1045, 1046, 1048, 1050, 1052, 1053, 1055, 1057, 1058, 1059, 1060, 1063, 1064, 1065, 1066, 1067, 1068, 1069, 1071, 1072, 1073, 1074, 1078, 1079, 1080, 1081, 1082, 1083, 1084, 1085, 1086, 1087, 1088, 1089, 1090, 1092, 1098, 1099, 1100, 1101, 1102, 1103, 1104, 1105, 1106, 1107, 1109, 1110, 1111, 1113, 1115, 1116, 1117, 1118, 1119, 1120, 1121, 1123, 1124, 1125, 1126, 1128, 1130, 1131, 1132, 1135, 1136, 1137, 1138, 1139, 1140, 1141, 1142, 1143, 1144, 1145, 1146, 1148, 1150, 1155, 1170, 1171, 1173, 1174, 1175, 1178, 1179, 1180, 1185, 1186, 1187, 1196, 1198, 1199, 1207, 1208, 1209, 1210, 1211, 1212, 1214, 1215, 1221, 1226, 1228, 1229, 1231, 1236, 1237, 1238, 1239, 1241, 1242, 1247, 1250, 1251, 1252, 1254, 1255, 1256, 1257, 1263, 1264, 1265, 1267, 1268, 1269, 1271, 1272, 1273, 1276, 1277, 1314, 1316, 1323, 1324, 1325, 1326, 1328, 1329, 1331, 1333, 1334, 1335, 1339, 1342, 1343, 1344, 1345, 1347, 1348, 1349, 1350, 1351, 1352, 1356, 1359, 1360, 1361, 1362, 1363, 1364, 1366, 1368, 1369, 1370, 1373, 1376, 1377, 1380, 1381, 1384, 1385, 1386, 1387, 1388, 1389, 1391, 1394, 1396, 1399, 1400, 1403, 1404, 1408, 1409, 1410, 1411, 1412, 1415, 1416, 1417, 1419, 1421, 1422, 1425, 1429, 1433, 1435, 1436, 1439, 1453, 1454, 1456, 1458, 1460, 1462, 1463, 1466, 1467, 1469, 1471, 1473, 1474, 1475, 1477, 1479, 1481, 1483, 1485, 1486, 1487, 1489, 1491, 1492, 1493, 1495, 1498, 1499], "excluded_lines": [58, 59]}}}, "squish/compressed_loader.py": {"executed_lines": [2, 25, 26, 27, 28, 29, 30, 31, 32, 34, 39, 40, 41, 45, 46, 51, 54, 66, 96, 99, 108, 109, 112, 127, 128, 130, 143, 145, 146, 147, 150, 151, 152, 153, 154, 157, 159, 160, 161, 162, 164, 172, 191, 199, 231, 238, 253, 291, 292, 293, 296, 338, 404, 465, 470, 525, 670, 766, 787, 1128], "summary": {"covered_lines": 59, "num_statements": 611, "percent_covered": 9.656301145662848, "percent_covered_display": "10", "missing_lines": 552, "excluded_lines": 0}, "missing_lines": [42, 43, 57, 58, 59, 60, 61, 62, 63, 78, 79, 80, 81, 82, 83, 84, 88, 90, 91, 101, 103, 104, 105, 119, 120, 121, 122, 123, 148, 158, 193, 194, 195, 196, 204, 205, 206, 208, 209, 211, 212, 213, 214, 219, 220, 222, 223, 224, 233, 234, 235, 243, 244, 245, 246, 247, 248, 249, 250, 258, 260, 264, 265, 267, 268, 271, 274, 275, 277, 283, 284, 309, 310, 312, 313, 314, 316, 317, 318, 319, 320, 321, 322, 323, 324, 325, 326, 327, 328, 329, 330, 331, 332, 333, 334, 348, 349, 350, 351, 353, 354, 355, 356, 357, 359, 360, 361, 363, 364, 365, 367, 369, 370, 371, 372, 373, 374, 375, 376, 378, 379, 380, 381, 383, 384, 386, 387, 389, 396, 397, 399, 400, 401, 419, 420, 421, 422, 424, 425, 426, 427, 428, 429, 431, 432, 433, 436, 437, 439, 440, 441, 442, 444, 445, 447, 448, 450, 457, 458, 460, 461, 462, 467, 485, 488, 489, 490, 491, 493, 495, 496, 499, 501, 502, 503, 504, 505, 507, 508, 511, 512, 513, 515, 521, 522, 553, 554, 559, 560, 561, 563, 564, 565, 566, 568, 569, 571, 572, 573, 583, 584, 587, 588, 589, 591, 592, 593, 594, 596, 598, 599, 600, 601, 603, 604, 605, 606, 607, 609, 610, 611, 616, 619, 622, 625, 627, 628, 630, 631, 632, 634, 635, 636, 639, 640, 641, 643, 652, 653, 654, 655, 657, 659, 697, 698, 699, 700, 705, 707, 708, 709, 712, 714, 715, 716, 718, 719, 721, 722, 723, 724, 725, 727, 728, 729, 731, 732, 733, 734, 735, 736, 738, 739, 742, 743, 744, 745, 747, 748, 750, 751, 752, 753, 756, 775, 776, 777, 778, 779, 780, 782, 783, 784, 811, 812, 813, 814, 815, 821, 822, 823, 824, 825, 827, 828, 829, 830, 831, 832, 833, 834, 835, 841, 842, 843, 852, 853, 854, 855, 856, 858, 860, 861, 862, 863, 864, 865, 866, 867, 869, 875, 876, 877, 880, 881, 885, 886, 892, 893, 896, 897, 898, 899, 900, 901, 902, 903, 911, 912, 913, 914, 915, 916, 917, 921, 922, 923, 924, 925, 929, 930, 931, 933, 934, 935, 936, 937, 939, 940, 941, 943, 944, 956, 957, 958, 959, 960, 961, 962, 967, 968, 969, 970, 971, 972, 974, 975, 976, 977, 979, 981, 982, 983, 984, 985, 986, 987, 990, 991, 992, 995, 996, 997, 998, 999, 1000, 1002, 1003, 1004, 1005, 1006, 1007, 1009, 1010, 1011, 1012, 1016, 1017, 1021, 1022, 1023, 1024, 1025, 1026, 1027, 1028, 1029, 1030, 1031, 1033, 1034, 1035, 1036, 1037, 1038, 1039, 1040, 1042, 1043, 1044, 1046, 1047, 1048, 1050, 1054, 1055, 1056, 1057, 1058, 1059, 1060, 1061, 1062, 1063, 1064, 1065, 1066, 1068, 1069, 1070, 1072, 1073, 1078, 1079, 1080, 1081, 1082, 1083, 1086, 1087, 1088, 1089, 1090, 1091, 1092, 1094, 1096, 1097, 1110, 1111, 1115, 1116, 1117, 1118, 1119, 1121, 1122, 1123, 1151, 1152, 1156, 1157, 1159, 1160, 1161, 1164, 1165, 1166, 1167, 1168, 1171, 1174, 1175, 1176, 1177, 1179, 1180, 1183, 1184, 1185, 1186, 1187, 1189, 1190, 1191, 1192, 1193, 1194, 1196, 1199, 1200, 1202, 1205, 1206, 1207, 1209, 1210, 1211, 1213, 1215, 1216, 1217, 1220, 1222, 1223, 1224, 1228, 1229, 1230, 1231, 1233, 1236, 1238, 1239, 1251, 1252, 1253, 1254, 1255, 1257, 1258, 1259], "excluded_lines": [], "functions": {"_get_zstd_dctx": {"executed_lines": [], "summary": {"covered_lines": 0, "num_statements": 7, "percent_covered": 0.0, "percent_covered_display": "0", "missing_lines": 7, "excluded_lines": 0}, "missing_lines": [57, 58, 59, 60, 61, 62, 63], "excluded_lines": []}, "_load_npy_path": {"executed_lines": [], "summary": {"covered_lines": 0, "num_statements": 10, "percent_covered": 0.0, "percent_covered_display": "0", "missing_lines": 10, "excluded_lines": 0}, "missing_lines": [78, 79, 80, 81, 82, 83, 84, 88, 90, 91], "excluded_lines": []}, "_rss_mb": {"executed_lines": [], "summary": {"covered_lines": 0, "num_statements": 4, "percent_covered": 0.0, "percent_covered_display": "0", "missing_lines": 4, "excluded_lines": 0}, "missing_lines": [101, 103, 104, 105], "excluded_lines": []}, "_rss_mb_throttled": {"executed_lines": [], "summary": {"covered_lines": 0, "num_statements": 5, "percent_covered": 0.0, "percent_covered_display": "0", "missing_lines": 5, "excluded_lines": 0}, "missing_lines": [119, 120, 121, 122, 123], "excluded_lines": []}, "_configure_metal_memory": {"executed_lines": [145, 146, 147, 150, 151, 152, 153, 154, 157, 159, 160, 161, 162], "summary": {"covered_lines": 13, "num_statements": 15, "percent_covered": 86.66666666666667, "percent_covered_display": "87", "missing_lines": 2, "excluded_lines": 0}, "missing_lines": [148, 158], "excluded_lines": []}, "_build_model_args": {"executed_lines": [], "summary": {"covered_lines": 0, "num_statements": 4, "percent_covered": 0.0, "percent_covered_display": "0", "missing_lines": 4, "excluded_lines": 0}, "missing_lines": [193, 194, 195, 196], "excluded_lines": []}, "_instantiate_model": {"executed_lines": [], "summary": {"covered_lines": 0, "num_statements": 14, "percent_covered": 0.0, "percent_covered_display": "0", "missing_lines": 14, "excluded_lines": 0}, "missing_lines": [204, 205, 206, 208, 209, 211, 212, 213, 214, 219, 220, 222, 223, 224], "excluded_lines": []}, "_safe_key_to_original": {"executed_lines": [], "summary": {"covered_lines": 0, "num_statements": 3, "percent_covered": 0.0, "percent_covered_display": "0", "missing_lines": 3, "excluded_lines": 0}, "missing_lines": [233, 234, 235], "excluded_lines": []}, "_unique_base_keys": {"executed_lines": [], "summary": {"covered_lines": 0, "num_statements": 8, "percent_covered": 0.0, "percent_covered_display": "0", "missing_lines": 8, "excluded_lines": 0}, "missing_lines": [243, 244, 245, 246, 247, 248, 249, 250], "excluded_lines": []}, "_dequantize": {"executed_lines": [], "summary": {"covered_lines": 0, "num_statements": 12, "percent_covered": 0.0, "percent_covered_display": "0", "missing_lines": 12, "excluded_lines": 0}, "missing_lines": [258, 260, 264, 265, 267, 268, 271, 274, 275, 277, 283, 284], "excluded_lines": []}, "_save_finalized_cache": {"executed_lines": [], "summary": {"covered_lines": 0, "num_statements": 24, "percent_covered": 0.0, "percent_covered_display": "0", "missing_lines": 24, "excluded_lines": 0}, "missing_lines": [309, 310, 312, 313, 314, 316, 317, 318, 319, 320, 321, 322, 323, 324, 325, 326, 327, 328, 329, 330, 331, 332, 333, 334], "excluded_lines": []}, "_load_finalized_cache": {"executed_lines": [], "summary": {"covered_lines": 0, "num_statements": 38, "percent_covered": 0.0, "percent_covered_display": "0", "missing_lines": 38, "excluded_lines": 0}, "missing_lines": [348, 349, 350, 351, 353, 354, 355, 356, 357, 359, 360, 361, 363, 364, 365, 367, 369, 370, 371, 372, 373, 374, 375, 376, 378, 379, 380, 381, 383, 384, 386, 387, 389, 396, 397, 399, 400, 401], "excluded_lines": []}, "_load_mlx_cache": {"executed_lines": [], "summary": {"covered_lines": 0, "num_statements": 29, "percent_covered": 0.0, "percent_covered_display": "0", "missing_lines": 29, "excluded_lines": 0}, "missing_lines": [419, 420, 421, 422, 424, 425, 426, 427, 428, 429, 431, 432, 433, 436, 437, 439, 440, 441, 442, 444, 445, 447, 448, 450, 457, 458, 460, 461, 462], "excluded_lines": []}, "_npy_exists": {"executed_lines": [], "summary": {"covered_lines": 0, "num_statements": 1, "percent_covered": 0.0, "percent_covered_display": "0", "missing_lines": 1, "excluded_lines": 0}, "missing_lines": [467], "excluded_lines": []}, "_dequantize_npy_dir": {"executed_lines": [], "summary": {"covered_lines": 0, "num_statements": 22, "percent_covered": 0.0, "percent_covered_display": "0", "missing_lines": 22, "excluded_lines": 0}, "missing_lines": [485, 488, 489, 490, 491, 493, 495, 496, 499, 501, 502, 503, 504, 505, 507, 508, 511, 512, 513, 515, 521, 522], "excluded_lines": []}, "save_int4_npy_dir": {"executed_lines": [], "summary": {"covered_lines": 0, "num_statements": 58, "percent_covered": 0.0, "percent_covered_display": "0", "missing_lines": 58, "excluded_lines": 0}, "missing_lines": [553, 554, 559, 560, 561, 563, 564, 565, 566, 568, 569, 571, 572, 573, 583, 584, 587, 588, 589, 591, 592, 593, 594, 596, 598, 599, 600, 601, 603, 604, 605, 606, 607, 609, 610, 611, 616, 619, 622, 625, 627, 628, 630, 631, 632, 634, 635, 636, 639, 640, 641, 643, 652, 653, 654, 655, 657, 659], "excluded_lines": []}, "compress_npy_dir": {"executed_lines": [], "summary": {"covered_lines": 0, "num_statements": 41, "percent_covered": 0.0, "percent_covered_display": "0", "missing_lines": 41, "excluded_lines": 0}, "missing_lines": [697, 698, 699, 700, 705, 707, 708, 709, 712, 714, 715, 716, 718, 719, 721, 722, 723, 724, 725, 727, 728, 729, 731, 732, 733, 734, 735, 736, 738, 739, 742, 743, 744, 745, 747, 748, 750, 751, 752, 753, 756], "excluded_lines": []}, "_decomp_task": {"executed_lines": [], "summary": {"covered_lines": 0, "num_statements": 9, "percent_covered": 0.0, "percent_covered_display": "0", "missing_lines": 9, "excluded_lines": 0}, "missing_lines": [775, 776, 777, 778, 779, 780, 782, 783, 784], "excluded_lines": []}, "load_from_npy_dir": {"executed_lines": [], "summary": {"covered_lines": 0, "num_statements": 195, "percent_covered": 0.0, "percent_covered_display": "0", "missing_lines": 195, "excluded_lines": 0}, "missing_lines": [811, 812, 813, 814, 815, 821, 822, 823, 824, 825, 827, 828, 829, 830, 831, 832, 833, 834, 835, 841, 842, 843, 852, 853, 854, 855, 856, 858, 860, 861, 862, 863, 864, 865, 866, 867, 869, 875, 876, 877, 880, 881, 885, 886, 892, 893, 896, 897, 898, 899, 900, 901, 902, 903, 911, 912, 913, 914, 915, 916, 917, 921, 922, 923, 924, 925, 929, 930, 931, 933, 934, 935, 936, 937, 939, 940, 941, 943, 944, 956, 957, 958, 959, 960, 961, 962, 967, 968, 969, 970, 971, 972, 974, 975, 976, 977, 979, 981, 982, 983, 984, 985, 986, 987, 990, 991, 992, 995, 996, 997, 998, 999, 1000, 1002, 1003, 1004, 1005, 1006, 1007, 1009, 1010, 1011, 1012, 1016, 1017, 1021, 1022, 1023, 1024, 1025, 1026, 1027, 1028, 1029, 1030, 1031, 1033, 1034, 1035, 1036, 1037, 1038, 1039, 1040, 1042, 1043, 1044, 1046, 1047, 1048, 1050, 1054, 1055, 1056, 1057, 1058, 1059, 1060, 1061, 1062, 1063, 1064, 1065, 1066, 1068, 1069, 1070, 1072, 1073, 1078, 1079, 1080, 1081, 1082, 1083, 1086, 1087, 1088, 1089, 1090, 1091, 1092, 1094, 1096, 1097, 1110, 1111, 1115, 1116, 1117, 1118, 1119, 1121, 1122, 1123], "excluded_lines": []}, "load_compressed_model": {"executed_lines": [], "summary": {"covered_lines": 0, "num_statements": 64, "percent_covered": 0.0, "percent_covered_display": "0", "missing_lines": 64, "excluded_lines": 0}, "missing_lines": [1151, 1152, 1156, 1157, 1159, 1160, 1161, 1164, 1165, 1166, 1167, 1168, 1171, 1174, 1175, 1176, 1177, 1179, 1180, 1183, 1184, 1185, 1186, 1187, 1189, 1190, 1191, 1192, 1193, 1194, 1196, 1199, 1200, 1202, 1205, 1206, 1207, 1209, 1210, 1211, 1213, 1215, 1216, 1217, 1220, 1222, 1223, 1224, 1228, 1229, 1230, 1231, 1233, 1236, 1238, 1239, 1251, 1252, 1253, 1254, 1255, 1257, 1258, 1259], "excluded_lines": []}, "": {"executed_lines": [2, 25, 26, 27, 28, 29, 30, 31, 32, 34, 39, 40, 41, 45, 46, 51, 54, 66, 96, 99, 108, 109, 112, 127, 128, 130, 143, 164, 172, 191, 199, 231, 238, 253, 291, 292, 293, 296, 338, 404, 465, 470, 525, 670, 766, 787, 1128], "summary": {"covered_lines": 46, "num_statements": 48, "percent_covered": 95.83333333333333, "percent_covered_display": "96", "missing_lines": 2, "excluded_lines": 0}, "missing_lines": [42, 43], "excluded_lines": []}}, "classes": {"": {"executed_lines": [2, 25, 26, 27, 28, 29, 30, 31, 32, 34, 39, 40, 41, 45, 46, 51, 54, 66, 96, 99, 108, 109, 112, 127, 128, 130, 143, 145, 146, 147, 150, 151, 152, 153, 154, 157, 159, 160, 161, 162, 164, 172, 191, 199, 231, 238, 253, 291, 292, 293, 296, 338, 404, 465, 470, 525, 670, 766, 787, 1128], "summary": {"covered_lines": 59, "num_statements": 611, "percent_covered": 9.656301145662848, "percent_covered_display": "10", "missing_lines": 552, "excluded_lines": 0}, "missing_lines": [42, 43, 57, 58, 59, 60, 61, 62, 63, 78, 79, 80, 81, 82, 83, 84, 88, 90, 91, 101, 103, 104, 105, 119, 120, 121, 122, 123, 148, 158, 193, 194, 195, 196, 204, 205, 206, 208, 209, 211, 212, 213, 214, 219, 220, 222, 223, 224, 233, 234, 235, 243, 244, 245, 246, 247, 248, 249, 250, 258, 260, 264, 265, 267, 268, 271, 274, 275, 277, 283, 284, 309, 310, 312, 313, 314, 316, 317, 318, 319, 320, 321, 322, 323, 324, 325, 326, 327, 328, 329, 330, 331, 332, 333, 334, 348, 349, 350, 351, 353, 354, 355, 356, 357, 359, 360, 361, 363, 364, 365, 367, 369, 370, 371, 372, 373, 374, 375, 376, 378, 379, 380, 381, 383, 384, 386, 387, 389, 396, 397, 399, 400, 401, 419, 420, 421, 422, 424, 425, 426, 427, 428, 429, 431, 432, 433, 436, 437, 439, 440, 441, 442, 444, 445, 447, 448, 450, 457, 458, 460, 461, 462, 467, 485, 488, 489, 490, 491, 493, 495, 496, 499, 501, 502, 503, 504, 505, 507, 508, 511, 512, 513, 515, 521, 522, 553, 554, 559, 560, 561, 563, 564, 565, 566, 568, 569, 571, 572, 573, 583, 584, 587, 588, 589, 591, 592, 593, 594, 596, 598, 599, 600, 601, 603, 604, 605, 606, 607, 609, 610, 611, 616, 619, 622, 625, 627, 628, 630, 631, 632, 634, 635, 636, 639, 640, 641, 643, 652, 653, 654, 655, 657, 659, 697, 698, 699, 700, 705, 707, 708, 709, 712, 714, 715, 716, 718, 719, 721, 722, 723, 724, 725, 727, 728, 729, 731, 732, 733, 734, 735, 736, 738, 739, 742, 743, 744, 745, 747, 748, 750, 751, 752, 753, 756, 775, 776, 777, 778, 779, 780, 782, 783, 784, 811, 812, 813, 814, 815, 821, 822, 823, 824, 825, 827, 828, 829, 830, 831, 832, 833, 834, 835, 841, 842, 843, 852, 853, 854, 855, 856, 858, 860, 861, 862, 863, 864, 865, 866, 867, 869, 875, 876, 877, 880, 881, 885, 886, 892, 893, 896, 897, 898, 899, 900, 901, 902, 903, 911, 912, 913, 914, 915, 916, 917, 921, 922, 923, 924, 925, 929, 930, 931, 933, 934, 935, 936, 937, 939, 940, 941, 943, 944, 956, 957, 958, 959, 960, 961, 962, 967, 968, 969, 970, 971, 972, 974, 975, 976, 977, 979, 981, 982, 983, 984, 985, 986, 987, 990, 991, 992, 995, 996, 997, 998, 999, 1000, 1002, 1003, 1004, 1005, 1006, 1007, 1009, 1010, 1011, 1012, 1016, 1017, 1021, 1022, 1023, 1024, 1025, 1026, 1027, 1028, 1029, 1030, 1031, 1033, 1034, 1035, 1036, 1037, 1038, 1039, 1040, 1042, 1043, 1044, 1046, 1047, 1048, 1050, 1054, 1055, 1056, 1057, 1058, 1059, 1060, 1061, 1062, 1063, 1064, 1065, 1066, 1068, 1069, 1070, 1072, 1073, 1078, 1079, 1080, 1081, 1082, 1083, 1086, 1087, 1088, 1089, 1090, 1091, 1092, 1094, 1096, 1097, 1110, 1111, 1115, 1116, 1117, 1118, 1119, 1121, 1122, 1123, 1151, 1152, 1156, 1157, 1159, 1160, 1161, 1164, 1165, 1166, 1167, 1168, 1171, 1174, 1175, 1176, 1177, 1179, 1180, 1183, 1184, 1185, 1186, 1187, 1189, 1190, 1191, 1192, 1193, 1194, 1196, 1199, 1200, 1202, 1205, 1206, 1207, 1209, 1210, 1211, 1213, 1215, 1216, 1217, 1220, 1222, 1223, 1224, 1228, 1229, 1230, 1231, 1233, 1236, 1238, 1239, 1251, 1252, 1253, 1254, 1255, 1257, 1258, 1259], "excluded_lines": []}}}, "squish/convert.py": {"executed_lines": [], "summary": {"covered_lines": 0, "num_statements": 280, "percent_covered": 0.0, "percent_covered_display": "0", "missing_lines": 280, "excluded_lines": 0}, "missing_lines": [25, 26, 27, 28, 29, 30, 32, 38, 43, 44, 45, 46, 47, 48, 49, 50, 51, 54, 59, 61, 62, 63, 69, 82, 84, 85, 86, 87, 88, 89, 90, 92, 93, 95, 96, 97, 98, 99, 100, 101, 102, 103, 104, 106, 107, 109, 110, 112, 113, 114, 116, 117, 118, 119, 120, 122, 123, 125, 126, 129, 131, 134, 136, 137, 138, 139, 142, 157, 160, 161, 162, 163, 164, 165, 167, 169, 170, 176, 177, 178, 179, 181, 183, 184, 187, 188, 189, 190, 195, 202, 208, 209, 210, 212, 213, 215, 216, 217, 219, 220, 221, 227, 237, 238, 239, 241, 242, 243, 244, 245, 248, 269, 270, 271, 273, 274, 276, 277, 279, 281, 283, 284, 285, 286, 288, 289, 290, 291, 292, 295, 296, 298, 301, 302, 303, 305, 306, 311, 312, 314, 315, 317, 319, 320, 321, 322, 323, 325, 326, 328, 329, 332, 333, 335, 337, 338, 341, 363, 364, 365, 366, 367, 368, 369, 370, 371, 372, 373, 376, 377, 378, 379, 380, 386, 393, 399, 407, 408, 417, 419, 420, 421, 424, 425, 427, 429, 434, 435, 438, 439, 440, 441, 442, 443, 444, 445, 446, 448, 449, 458, 460, 461, 462, 463, 464, 465, 466, 467, 469, 470, 471, 472, 473, 474, 475, 476, 477, 478, 479, 480, 484, 485, 486, 488, 489, 490, 491, 498, 499, 500, 501, 502, 503, 504, 506, 508, 509, 511, 512, 513, 514, 516, 517, 519, 521, 522, 523, 524, 525, 527, 529, 530, 531, 532, 533, 534, 535, 536, 537, 539, 540, 541, 542, 543, 544, 545, 547, 548, 549, 550, 551, 552, 553, 554, 555, 556, 557, 558, 561, 562], "excluded_lines": [], "functions": {"_apply_awq_single": {"executed_lines": [], "summary": {"covered_lines": 0, "num_statements": 9, "percent_covered": 0.0, "percent_covered_display": "0", "missing_lines": 9, "excluded_lines": 0}, "missing_lines": [43, 44, 45, 46, 47, 48, 49, 50, 51], "excluded_lines": []}, "_clear_line": {"executed_lines": [], "summary": {"covered_lines": 0, "num_statements": 3, "percent_covered": 0.0, "percent_covered_display": "0", "missing_lines": 3, "excluded_lines": 0}, "missing_lines": [61, 62, 63], "excluded_lines": []}, "Spinner.__init__": {"executed_lines": [], "summary": {"covered_lines": 0, "num_statements": 6, "percent_covered": 0.0, "percent_covered_display": "0", "missing_lines": 6, "excluded_lines": 0}, "missing_lines": [85, 86, 87, 88, 89, 90], "excluded_lines": []}, "Spinner._spin": {"executed_lines": [], "summary": {"covered_lines": 0, "num_statements": 13, "percent_covered": 0.0, "percent_covered_display": "0", "missing_lines": 13, "excluded_lines": 0}, "missing_lines": [93, 95, 96, 97, 98, 99, 100, 101, 102, 103, 104, 106, 107], "excluded_lines": []}, "Spinner.update": {"executed_lines": [], "summary": {"covered_lines": 0, "num_statements": 1, "percent_covered": 0.0, "percent_covered_display": "0", "missing_lines": 1, "excluded_lines": 0}, "missing_lines": [110], "excluded_lines": []}, "Spinner.start": {"executed_lines": [], "summary": {"covered_lines": 0, "num_statements": 2, "percent_covered": 0.0, "percent_covered_display": "0", "missing_lines": 2, "excluded_lines": 0}, "missing_lines": [113, 114], "excluded_lines": []}, "Spinner.stop": {"executed_lines": [], "summary": {"covered_lines": 0, "num_statements": 4, "percent_covered": 0.0, "percent_covered_display": "0", "missing_lines": 4, "excluded_lines": 0}, "missing_lines": [117, 118, 119, 120], "excluded_lines": []}, "Spinner.__enter__": {"executed_lines": [], "summary": {"covered_lines": 0, "num_statements": 1, "percent_covered": 0.0, "percent_covered_display": "0", "missing_lines": 1, "excluded_lines": 0}, "missing_lines": [123], "excluded_lines": []}, "Spinner.__exit__": {"executed_lines": [], "summary": {"covered_lines": 0, "num_statements": 1, "percent_covered": 0.0, "percent_covered_display": "0", "missing_lines": 1, "excluded_lines": 0}, "missing_lines": [126], "excluded_lines": []}, "safe_key": {"executed_lines": [], "summary": {"covered_lines": 0, "num_statements": 1, "percent_covered": 0.0, "percent_covered_display": "0", "missing_lines": 1, "excluded_lines": 0}, "missing_lines": [131], "excluded_lines": []}, "has_outliers": {"executed_lines": [], "summary": {"covered_lines": 0, "num_statements": 4, "percent_covered": 0.0, "percent_covered_display": "0", "missing_lines": 4, "excluded_lines": 0}, "missing_lines": [136, 137, 138, 139], "excluded_lines": []}, "quantize_tensor": {"executed_lines": [], "summary": {"covered_lines": 0, "num_statements": 22, "percent_covered": 0.0, "percent_covered_display": "0", "missing_lines": 22, "excluded_lines": 0}, "missing_lines": [157, 160, 161, 162, 163, 164, 165, 167, 169, 170, 176, 177, 178, 179, 181, 183, 184, 187, 188, 189, 190, 195], "excluded_lines": []}, "load_mlx_weights_shard": {"executed_lines": [], "summary": {"covered_lines": 0, "num_statements": 11, "percent_covered": 0.0, "percent_covered_display": "0", "missing_lines": 11, "excluded_lines": 0}, "missing_lines": [208, 209, 210, 212, 213, 215, 216, 217, 219, 220, 221], "excluded_lines": []}, "load_mlx_weights": {"executed_lines": [], "summary": {"covered_lines": 0, "num_statements": 8, "percent_covered": 0.0, "percent_covered_display": "0", "missing_lines": 8, "excluded_lines": 0}, "missing_lines": [237, 238, 239, 241, 242, 243, 244, 245], "excluded_lines": []}, "process_weights_streaming": {"executed_lines": [], "summary": {"covered_lines": 0, "num_statements": 45, "percent_covered": 0.0, "percent_covered_display": "0", "missing_lines": 45, "excluded_lines": 0}, "missing_lines": [269, 270, 271, 273, 274, 276, 277, 279, 281, 283, 284, 285, 286, 288, 289, 290, 291, 292, 295, 296, 298, 301, 302, 303, 305, 306, 311, 312, 314, 315, 317, 319, 320, 321, 322, 323, 325, 326, 328, 329, 332, 333, 335, 337, 338], "excluded_lines": []}, "write_npy_dir": {"executed_lines": [], "summary": {"covered_lines": 0, "num_statements": 11, "percent_covered": 0.0, "percent_covered_display": "0", "missing_lines": 11, "excluded_lines": 0}, "missing_lines": [363, 364, 365, 366, 367, 368, 369, 370, 371, 372, 373], "excluded_lines": []}, "main": {"executed_lines": [], "summary": {"covered_lines": 0, "num_statements": 109, "percent_covered": 0.0, "percent_covered_display": "0", "missing_lines": 109, "excluded_lines": 0}, "missing_lines": [377, 378, 379, 380, 386, 393, 399, 407, 408, 417, 419, 420, 421, 424, 425, 427, 429, 434, 435, 438, 439, 440, 441, 442, 443, 444, 445, 446, 448, 449, 458, 460, 461, 462, 463, 464, 465, 466, 467, 469, 470, 471, 472, 473, 474, 475, 476, 477, 478, 479, 480, 484, 485, 486, 488, 489, 490, 491, 498, 499, 500, 501, 502, 503, 504, 506, 508, 509, 511, 512, 513, 514, 516, 517, 519, 521, 522, 523, 524, 525, 527, 529, 530, 531, 532, 533, 534, 535, 536, 537, 539, 540, 541, 542, 543, 544, 545, 547, 548, 549, 550, 551, 552, 553, 554, 555, 556, 557, 558], "excluded_lines": []}, "": {"executed_lines": [], "summary": {"covered_lines": 0, "num_statements": 29, "percent_covered": 0.0, "percent_covered_display": "0", "missing_lines": 29, "excluded_lines": 0}, "missing_lines": [25, 26, 27, 28, 29, 30, 32, 38, 54, 59, 69, 82, 84, 92, 109, 112, 116, 122, 125, 129, 134, 142, 202, 227, 248, 341, 376, 561, 562], "excluded_lines": []}}, "classes": {"Spinner": {"executed_lines": [], "summary": {"covered_lines": 0, "num_statements": 28, "percent_covered": 0.0, "percent_covered_display": "0", "missing_lines": 28, "excluded_lines": 0}, "missing_lines": [85, 86, 87, 88, 89, 90, 93, 95, 96, 97, 98, 99, 100, 101, 102, 103, 104, 106, 107, 110, 113, 114, 117, 118, 119, 120, 123, 126], "excluded_lines": []}, "": {"executed_lines": [], "summary": {"covered_lines": 0, "num_statements": 252, "percent_covered": 0.0, "percent_covered_display": "0", "missing_lines": 252, "excluded_lines": 0}, "missing_lines": [25, 26, 27, 28, 29, 30, 32, 38, 43, 44, 45, 46, 47, 48, 49, 50, 51, 54, 59, 61, 62, 63, 69, 82, 84, 92, 109, 112, 116, 122, 125, 129, 131, 134, 136, 137, 138, 139, 142, 157, 160, 161, 162, 163, 164, 165, 167, 169, 170, 176, 177, 178, 179, 181, 183, 184, 187, 188, 189, 190, 195, 202, 208, 209, 210, 212, 213, 215, 216, 217, 219, 220, 221, 227, 237, 238, 239, 241, 242, 243, 244, 245, 248, 269, 270, 271, 273, 274, 276, 277, 279, 281, 283, 284, 285, 286, 288, 289, 290, 291, 292, 295, 296, 298, 301, 302, 303, 305, 306, 311, 312, 314, 315, 317, 319, 320, 321, 322, 323, 325, 326, 328, 329, 332, 333, 335, 337, 338, 341, 363, 364, 365, 366, 367, 368, 369, 370, 371, 372, 373, 376, 377, 378, 379, 380, 386, 393, 399, 407, 408, 417, 419, 420, 421, 424, 425, 427, 429, 434, 435, 438, 439, 440, 441, 442, 443, 444, 445, 446, 448, 449, 458, 460, 461, 462, 463, 464, 465, 466, 467, 469, 470, 471, 472, 473, 474, 475, 476, 477, 478, 479, 480, 484, 485, 486, 488, 489, 490, 491, 498, 499, 500, 501, 502, 503, 504, 506, 508, 509, 511, 512, 513, 514, 516, 517, 519, 521, 522, 523, 524, 525, 527, 529, 530, 531, 532, 533, 534, 535, 536, 537, 539, 540, 541, 542, 543, 544, 545, 547, 548, 549, 550, 551, 552, 553, 554, 555, 556, 557, 558, 561, 562], "excluded_lines": []}}}, "squish/entropy.py": {"executed_lines": [2, 31, 32, 33, 34, 38, 49, 130, 161, 185, 247, 268], "summary": {"covered_lines": 11, "num_statements": 146, "percent_covered": 7.534246575342466, "percent_covered_display": "8", "missing_lines": 135, "excluded_lines": 0}, "missing_lines": [39, 40, 41, 42, 43, 44, 63, 64, 65, 66, 68, 69, 70, 72, 73, 74, 75, 76, 78, 80, 81, 82, 84, 85, 86, 88, 89, 91, 92, 93, 94, 96, 97, 98, 101, 103, 104, 105, 107, 109, 119, 120, 121, 122, 123, 125, 134, 135, 136, 138, 139, 140, 142, 143, 145, 146, 147, 148, 150, 151, 152, 153, 155, 156, 168, 170, 172, 173, 174, 176, 177, 179, 180, 190, 192, 193, 195, 196, 197, 198, 199, 200, 202, 203, 204, 205, 207, 209, 210, 211, 212, 213, 214, 215, 216, 217, 218, 219, 221, 222, 223, 224, 225, 227, 228, 229, 230, 231, 233, 234, 235, 236, 237, 238, 239, 240, 241, 242, 248, 249, 250, 251, 252, 253, 255, 257, 258, 259, 260, 261, 262, 263, 264, 265, 269], "excluded_lines": [], "functions": {"_require_zstd": {"executed_lines": [], "summary": {"covered_lines": 0, "num_statements": 6, "percent_covered": 0.0, "percent_covered_display": "0", "missing_lines": 6, "excluded_lines": 0}, "missing_lines": [39, 40, 41, 42, 43, 44], "excluded_lines": []}, "compress_npy_dir": {"executed_lines": [], "summary": {"covered_lines": 0, "num_statements": 40, "percent_covered": 0.0, "percent_covered_display": "0", "missing_lines": 40, "excluded_lines": 0}, "missing_lines": [63, 64, 65, 66, 68, 69, 70, 72, 73, 74, 75, 76, 78, 80, 81, 82, 84, 85, 86, 88, 89, 91, 92, 93, 94, 96, 97, 98, 101, 103, 104, 105, 107, 109, 119, 120, 121, 122, 123, 125], "excluded_lines": []}, "decompress_npy_dir": {"executed_lines": [], "summary": {"covered_lines": 0, "num_statements": 18, "percent_covered": 0.0, "percent_covered_display": "0", "missing_lines": 18, "excluded_lines": 0}, "missing_lines": [134, 135, 136, 138, 139, 140, 142, 143, 145, 146, 147, 148, 150, 151, 152, 153, 155, 156], "excluded_lines": []}, "load_npy_zst": {"executed_lines": [], "summary": {"covered_lines": 0, "num_statements": 9, "percent_covered": 0.0, "percent_covered_display": "0", "missing_lines": 9, "excluded_lines": 0}, "missing_lines": [168, 170, 172, 173, 174, 176, 177, 179, 180], "excluded_lines": []}, "benchmark_compression": {"executed_lines": [], "summary": {"covered_lines": 0, "num_statements": 45, "percent_covered": 0.0, "percent_covered_display": "0", "missing_lines": 45, "excluded_lines": 0}, "missing_lines": [190, 192, 193, 195, 196, 197, 198, 199, 200, 202, 203, 204, 205, 207, 209, 210, 211, 212, 213, 214, 215, 216, 217, 218, 219, 221, 222, 223, 224, 225, 227, 228, 229, 230, 231, 233, 234, 235, 236, 237, 238, 239, 240, 241, 242], "excluded_lines": []}, "main": {"executed_lines": [], "summary": {"covered_lines": 0, "num_statements": 16, "percent_covered": 0.0, "percent_covered_display": "0", "missing_lines": 16, "excluded_lines": 0}, "missing_lines": [248, 249, 250, 251, 252, 253, 255, 257, 258, 259, 260, 261, 262, 263, 264, 265], "excluded_lines": []}, "": {"executed_lines": [2, 31, 32, 33, 34, 38, 49, 130, 161, 185, 247, 268], "summary": {"covered_lines": 11, "num_statements": 12, "percent_covered": 91.66666666666667, "percent_covered_display": "92", "missing_lines": 1, "excluded_lines": 0}, "missing_lines": [269], "excluded_lines": []}}, "classes": {"": {"executed_lines": [2, 31, 32, 33, 34, 38, 49, 130, 161, 185, 247, 268], "summary": {"covered_lines": 11, "num_statements": 146, "percent_covered": 7.534246575342466, "percent_covered_display": "8", "missing_lines": 135, "excluded_lines": 0}, "missing_lines": [39, 40, 41, 42, 43, 44, 63, 64, 65, 66, 68, 69, 70, 72, 73, 74, 75, 76, 78, 80, 81, 82, 84, 85, 86, 88, 89, 91, 92, 93, 94, 96, 97, 98, 101, 103, 104, 105, 107, 109, 119, 120, 121, 122, 123, 125, 134, 135, 136, 138, 139, 140, 142, 143, 145, 146, 147, 148, 150, 151, 152, 153, 155, 156, 168, 170, 172, 173, 174, 176, 177, 179, 180, 190, 192, 193, 195, 196, 197, 198, 199, 200, 202, 203, 204, 205, 207, 209, 210, 211, 212, 213, 214, 215, 216, 217, 218, 219, 221, 222, 223, 224, 225, 227, 228, 229, 230, 231, 233, 234, 235, 236, 237, 238, 239, 240, 241, 242, 248, 249, 250, 251, 252, 253, 255, 257, 258, 259, 260, 261, 262, 263, 264, 265, 269], "excluded_lines": []}}}, "squish/flash_attention.py": {"executed_lines": [2, 55, 57, 58, 59, 61, 67, 76, 82, 89, 90, 98, 100, 101, 102, 111, 112, 130, 143, 146, 156, 157, 158, 159, 160, 161, 163, 164, 175, 198, 199, 201, 202, 203, 205, 263, 277, 279, 280, 281, 285, 286, 287, 288, 290, 291, 296, 298, 299, 300, 302, 303, 304, 305, 306, 307, 309, 311, 312, 320, 334, 361, 365, 367, 368, 370, 372, 374, 376, 384, 387, 414, 444, 445, 449, 452, 453, 459, 460, 462, 464, 465, 466, 467, 471, 472, 473, 475, 476, 477, 478, 480, 481, 482, 483, 484, 485, 488, 489, 490, 491, 492, 493, 495, 496, 497, 499, 506, 509], "summary": {"covered_lines": 107, "num_statements": 182, "percent_covered": 58.79120879120879, "percent_covered_display": "59", "missing_lines": 75, "excluded_lines": 0}, "missing_lines": [68, 69, 91, 92, 93, 94, 95, 103, 104, 131, 132, 133, 134, 136, 137, 138, 139, 140, 141, 144, 147, 148, 149, 204, 207, 209, 215, 216, 218, 220, 221, 222, 224, 225, 226, 228, 233, 234, 236, 238, 239, 240, 241, 248, 249, 250, 251, 256, 282, 283, 297, 310, 313, 314, 316, 362, 397, 398, 399, 400, 401, 402, 403, 446, 447, 450, 454, 511, 512, 513, 515, 516, 517, 518, 519], "excluded_lines": [], "functions": {"_mx": {"executed_lines": [], "summary": {"covered_lines": 0, "num_statements": 2, "percent_covered": 0.0, "percent_covered_display": "0", "missing_lines": 2, "excluded_lines": 0}, "missing_lines": [68, 69], "excluded_lines": []}, "_uses_fast_sdp": {"executed_lines": [89, 90], "summary": {"covered_lines": 2, "num_statements": 7, "percent_covered": 28.571428571428573, "percent_covered_display": "29", "missing_lines": 5, "excluded_lines": 0}, "missing_lines": [91, 92, 93, 94, 95], "excluded_lines": []}, "_has_fast_sdp_available": {"executed_lines": [100, 101, 102], "summary": {"covered_lines": 3, "num_statements": 5, "percent_covered": 60.0, "percent_covered_display": "60", "missing_lines": 2, "excluded_lines": 0}, "missing_lines": [103, 104], "excluded_lines": []}, "FlashAttentionWrapper.__init__": {"executed_lines": [], "summary": {"covered_lines": 0, "num_statements": 10, "percent_covered": 0.0, "percent_covered_display": "0", "missing_lines": 10, "excluded_lines": 0}, "missing_lines": [131, 132, 133, 134, 136, 137, 138, 139, 140, 141], "excluded_lines": []}, "FlashAttentionWrapper.__call__": {"executed_lines": [], "summary": {"covered_lines": 0, "num_statements": 1, "percent_covered": 0.0, "percent_covered_display": "0", "missing_lines": 1, "excluded_lines": 0}, "missing_lines": [144], "excluded_lines": []}, "FlashAttentionWrapper.__getattr__": {"executed_lines": [], "summary": {"covered_lines": 0, "num_statements": 3, "percent_covered": 0.0, "percent_covered_display": "0", "missing_lines": 3, "excluded_lines": 0}, "missing_lines": [147, 148, 149], "excluded_lines": []}, "PatchResult.__str__": {"executed_lines": [164], "summary": {"covered_lines": 1, "num_statements": 1, "percent_covered": 100.0, "percent_covered_display": "100", "missing_lines": 0, "excluded_lines": 0}, "missing_lines": [], "excluded_lines": []}, "patch_model_attention": {"executed_lines": [198, 199, 201, 202, 203, 205], "summary": {"covered_lines": 6, "num_statements": 31, "percent_covered": 19.35483870967742, "percent_covered_display": "19", "missing_lines": 25, "excluded_lines": 0}, "missing_lines": [204, 207, 209, 215, 216, 218, 220, 221, 222, 224, 225, 226, 228, 233, 234, 236, 238, 239, 240, 241, 248, 249, 250, 251, 256], "excluded_lines": []}, "attention_status": {"executed_lines": [277, 279, 280, 281, 285, 286, 287, 288, 290, 291, 296, 298, 299, 300, 302, 303, 304, 305, 306, 307, 309, 311, 312, 320], "summary": {"covered_lines": 24, "num_statements": 31, "percent_covered": 77.41935483870968, "percent_covered_display": "77", "missing_lines": 7, "excluded_lines": 0}, "missing_lines": [282, 283, 297, 310, 313, 314, 316], "excluded_lines": []}, "predict_memory_savings": {"executed_lines": [361, 365, 367, 368, 370, 372, 374, 376, 384], "summary": {"covered_lines": 9, "num_statements": 10, "percent_covered": 90.0, "percent_covered_display": "90", "missing_lines": 1, "excluded_lines": 0}, "missing_lines": [362], "excluded_lines": []}, "print_memory_table": {"executed_lines": [], "summary": {"covered_lines": 0, "num_statements": 7, "percent_covered": 0.0, "percent_covered_display": "0", "missing_lines": 7, "excluded_lines": 0}, "missing_lines": [397, 398, 399, 400, 401, 402, 403], "excluded_lines": []}, "benchmark_attention": {"executed_lines": [444, 445, 449, 452, 453, 459, 460, 462, 464, 465, 466, 467, 471, 472, 473, 475, 476, 477, 478, 480, 481, 482, 483, 484, 485, 488, 489, 490, 491, 492, 493, 495, 496, 497, 499, 506], "summary": {"covered_lines": 36, "num_statements": 40, "percent_covered": 90.0, "percent_covered_display": "90", "missing_lines": 4, "excluded_lines": 0}, "missing_lines": [446, 447, 450, 454], "excluded_lines": []}, "print_benchmark_table": {"executed_lines": [], "summary": {"covered_lines": 0, "num_statements": 8, "percent_covered": 0.0, "percent_covered_display": "0", "missing_lines": 8, "excluded_lines": 0}, "missing_lines": [511, 512, 513, 515, 516, 517, 518, 519], "excluded_lines": []}, "": {"executed_lines": [2, 55, 57, 58, 59, 61, 67, 76, 82, 98, 111, 112, 130, 143, 146, 156, 157, 158, 159, 160, 161, 163, 175, 263, 334, 387, 414, 509], "summary": {"covered_lines": 26, "num_statements": 26, "percent_covered": 100.0, "percent_covered_display": "100", "missing_lines": 0, "excluded_lines": 0}, "missing_lines": [], "excluded_lines": []}}, "classes": {"FlashAttentionWrapper": {"executed_lines": [], "summary": {"covered_lines": 0, "num_statements": 14, "percent_covered": 0.0, "percent_covered_display": "0", "missing_lines": 14, "excluded_lines": 0}, "missing_lines": [131, 132, 133, 134, 136, 137, 138, 139, 140, 141, 144, 147, 148, 149], "excluded_lines": []}, "PatchResult": {"executed_lines": [164], "summary": {"covered_lines": 1, "num_statements": 1, "percent_covered": 100.0, "percent_covered_display": "100", "missing_lines": 0, "excluded_lines": 0}, "missing_lines": [], "excluded_lines": []}, "": {"executed_lines": [2, 55, 57, 58, 59, 61, 67, 76, 82, 89, 90, 98, 100, 101, 102, 111, 112, 130, 143, 146, 156, 157, 158, 159, 160, 161, 163, 175, 198, 199, 201, 202, 203, 205, 263, 277, 279, 280, 281, 285, 286, 287, 288, 290, 291, 296, 298, 299, 300, 302, 303, 304, 305, 306, 307, 309, 311, 312, 320, 334, 361, 365, 367, 368, 370, 372, 374, 376, 384, 387, 414, 444, 445, 449, 452, 453, 459, 460, 462, 464, 465, 466, 467, 471, 472, 473, 475, 476, 477, 478, 480, 481, 482, 483, 484, 485, 488, 489, 490, 491, 492, 493, 495, 496, 497, 499, 506, 509], "summary": {"covered_lines": 106, "num_statements": 167, "percent_covered": 63.47305389221557, "percent_covered_display": "63", "missing_lines": 61, "excluded_lines": 0}, "missing_lines": [68, 69, 91, 92, 93, 94, 95, 103, 104, 204, 207, 209, 215, 216, 218, 220, 221, 222, 224, 225, 226, 228, 233, 234, 236, 238, 239, 240, 241, 248, 249, 250, 251, 256, 282, 283, 297, 310, 313, 314, 316, 362, 397, 398, 399, 400, 401, 402, 403, 446, 447, 450, 454, 511, 512, 513, 515, 516, 517, 518, 519], "excluded_lines": []}}}, "squish/kv_cache.py": {"executed_lines": [2, 46, 48, 53, 54, 59, 61, 70, 86, 88, 89, 91, 92, 93, 94, 95, 98, 111, 112, 119, 120, 136, 145, 146, 147, 148, 149, 150, 151, 152, 153, 154, 155, 159, 164, 165, 166, 167, 169, 170, 173, 174, 175, 178, 179, 180, 181, 183, 185, 186, 187, 188, 191, 192, 193, 194, 196, 197, 198, 199, 200, 202, 203, 204, 205, 207, 216, 218, 220, 221, 222, 226, 230, 231, 233, 235, 237, 238, 242, 243, 244, 245, 248, 250, 252, 261, 262, 263, 264, 266, 267, 269, 270, 271, 272, 273, 274, 275, 277, 279, 280, 281, 282, 283, 287, 288, 290, 292, 311, 313, 314, 315, 316, 317, 318, 319, 321, 331, 351, 352, 353, 357, 358, 361, 362, 365, 366, 369, 370, 373, 374, 375, 378, 379, 382, 383, 387, 388, 389, 390, 391, 392, 396, 398, 399, 402, 403, 404, 405, 406, 407, 408, 409, 410, 411, 412, 413, 414, 415, 416, 417, 418, 419, 420, 421, 422, 424, 426, 428, 430, 438, 439, 456, 473, 476, 477, 478, 479, 480, 481, 484, 488, 491, 495, 501, 506, 507, 509, 512, 513, 515, 519, 525, 526, 528, 530, 531, 533, 534, 536, 537, 547, 548, 551, 555, 556, 560, 561, 570, 591, 616, 665], "summary": {"covered_lines": 208, "num_statements": 272, "percent_covered": 76.47058823529412, "percent_covered_display": "76", "missing_lines": 64, "excluded_lines": 0}, "missing_lines": [55, 56, 240, 246, 254, 255, 256, 257, 258, 320, 354, 359, 474, 489, 493, 496, 497, 517, 521, 522, 523, 552, 553, 557, 558, 562, 563, 573, 574, 575, 576, 577, 578, 579, 580, 582, 583, 584, 587, 588, 609, 610, 645, 649, 651, 652, 657, 658, 687, 689, 690, 692, 694, 695, 697, 699, 700, 701, 704, 705, 708, 710, 711, 712], "excluded_lines": [], "functions": {"_mx": {"executed_lines": [61], "summary": {"covered_lines": 1, "num_statements": 1, "percent_covered": 100.0, "percent_covered_display": "100", "missing_lines": 0, "excluded_lines": 0}, "missing_lines": [], "excluded_lines": []}, "_quantize_int8_per_channel": {"executed_lines": [86, 88, 89, 91, 92, 93, 94, 95], "summary": {"covered_lines": 8, "num_statements": 8, "percent_covered": 100.0, "percent_covered_display": "100", "missing_lines": 0, "excluded_lines": 0}, "missing_lines": [], "excluded_lines": []}, "_dequantize_int8_per_channel": {"executed_lines": [111, 112], "summary": {"covered_lines": 2, "num_statements": 2, "percent_covered": 100.0, "percent_covered_display": "100", "missing_lines": 0, "excluded_lines": 0}, "missing_lines": [], "excluded_lines": []}, "KVLayerCache.__init__": {"executed_lines": [146, 147, 148, 149, 150, 151, 152, 153, 154, 155], "summary": {"covered_lines": 10, "num_statements": 10, "percent_covered": 100.0, "percent_covered_display": "100", "missing_lines": 0, "excluded_lines": 0}, "missing_lines": [], "excluded_lines": []}, "KVLayerCache.append": {"executed_lines": [164, 165, 166, 167, 169, 170, 173, 174, 175, 178, 179, 180, 181, 183, 185, 186, 187, 188, 191, 192, 193, 194, 196, 197, 198, 199, 200, 202, 203, 204, 205], "summary": {"covered_lines": 31, "num_statements": 31, "percent_covered": 100.0, "percent_covered_display": "100", "missing_lines": 0, "excluded_lines": 0}, "missing_lines": [], "excluded_lines": []}, "KVLayerCache.get_full_kv": {"executed_lines": [216, 218, 220, 221, 222, 226, 230, 231, 233, 235, 237, 238, 242, 243, 244, 245, 248, 250], "summary": {"covered_lines": 18, "num_statements": 20, "percent_covered": 90.0, "percent_covered_display": "90", "missing_lines": 2, "excluded_lines": 0}, "missing_lines": [240, 246], "excluded_lines": []}, "KVLayerCache.get_as_mlx": {"executed_lines": [], "summary": {"covered_lines": 0, "num_statements": 5, "percent_covered": 0.0, "percent_covered_display": "0", "missing_lines": 5, "excluded_lines": 0}, "missing_lines": [254, 255, 256, 257, 258], "excluded_lines": []}, "KVLayerCache.n_tokens": {"executed_lines": [263, 264], "summary": {"covered_lines": 2, "num_statements": 2, "percent_covered": 100.0, "percent_covered_display": "100", "missing_lines": 0, "excluded_lines": 0}, "missing_lines": [], "excluded_lines": []}, "KVLayerCache.memory_bytes": {"executed_lines": [269, 270, 271, 272, 273, 274, 275], "summary": {"covered_lines": 7, "num_statements": 7, "percent_covered": 100.0, "percent_covered_display": "100", "missing_lines": 0, "excluded_lines": 0}, "missing_lines": [], "excluded_lines": []}, "KVLayerCache.reset": {"executed_lines": [279, 280, 281, 282, 283], "summary": {"covered_lines": 5, "num_statements": 5, "percent_covered": 100.0, "percent_covered_display": "100", "missing_lines": 0, "excluded_lines": 0}, "missing_lines": [], "excluded_lines": []}, "KVLayerCache.offset": {"executed_lines": [290], "summary": {"covered_lines": 1, "num_statements": 1, "percent_covered": 100.0, "percent_covered_display": "100", "missing_lines": 0, "excluded_lines": 0}, "missing_lines": [], "excluded_lines": []}, "KVLayerCache.update_and_fetch": {"executed_lines": [311, 313, 314, 315, 316, 317, 318, 319, 321], "summary": {"covered_lines": 9, "num_statements": 10, "percent_covered": 90.0, "percent_covered_display": "90", "missing_lines": 1, "excluded_lines": 0}, "missing_lines": [320], "excluded_lines": []}, "_snap_evict": {"executed_lines": [351, 352, 353, 357, 358, 361, 362, 365, 366, 369, 370, 373, 374, 375, 378, 379, 382, 383, 387, 388, 389, 390, 391, 392, 396, 398, 399, 402, 403, 404, 405, 406, 407, 408, 409, 410, 411, 412, 413, 414, 415, 416, 417, 418, 419, 420, 421, 422, 424, 426, 428, 430], "summary": {"covered_lines": 52, "num_statements": 54, "percent_covered": 96.29629629629629, "percent_covered_display": "96", "missing_lines": 2, "excluded_lines": 0}, "missing_lines": [354, 359], "excluded_lines": []}, "QuantizedKVCache.__init__": {"executed_lines": [473, 476, 477, 478, 479, 480, 481, 484], "summary": {"covered_lines": 8, "num_statements": 9, "percent_covered": 88.88888888888889, "percent_covered_display": "89", "missing_lines": 1, "excluded_lines": 0}, "missing_lines": [474], "excluded_lines": []}, "QuantizedKVCache.__len__": {"executed_lines": [], "summary": {"covered_lines": 0, "num_statements": 1, "percent_covered": 0.0, "percent_covered_display": "0", "missing_lines": 1, "excluded_lines": 0}, "missing_lines": [489], "excluded_lines": []}, "QuantizedKVCache.__getitem__": {"executed_lines": [], "summary": {"covered_lines": 0, "num_statements": 1, "percent_covered": 0.0, "percent_covered_display": "0", "missing_lines": 1, "excluded_lines": 0}, "missing_lines": [493], "excluded_lines": []}, "QuantizedKVCache.__iter__": {"executed_lines": [], "summary": {"covered_lines": 0, "num_statements": 2, "percent_covered": 0.0, "percent_covered_display": "0", "missing_lines": 2, "excluded_lines": 0}, "missing_lines": [496, 497], "excluded_lines": []}, "QuantizedKVCache.update": {"executed_lines": [506, 507, 509, 512, 513], "summary": {"covered_lines": 5, "num_statements": 5, "percent_covered": 100.0, "percent_covered_display": "100", "missing_lines": 0, "excluded_lines": 0}, "missing_lines": [], "excluded_lines": []}, "QuantizedKVCache.get_kv_mlx": {"executed_lines": [], "summary": {"covered_lines": 0, "num_statements": 1, "percent_covered": 0.0, "percent_covered_display": "0", "missing_lines": 1, "excluded_lines": 0}, "missing_lines": [517], "excluded_lines": []}, "QuantizedKVCache.reset": {"executed_lines": [], "summary": {"covered_lines": 0, "num_statements": 3, "percent_covered": 0.0, "percent_covered_display": "0", "missing_lines": 3, "excluded_lines": 0}, "missing_lines": [521, 522, 523], "excluded_lines": []}, "QuantizedKVCache.n_tokens": {"executed_lines": [528], "summary": {"covered_lines": 1, "num_statements": 1, "percent_covered": 100.0, "percent_covered_display": "100", "missing_lines": 0, "excluded_lines": 0}, "missing_lines": [], "excluded_lines": []}, "QuantizedKVCache.memory_mb": {"executed_lines": [533, 534], "summary": {"covered_lines": 2, "num_statements": 2, "percent_covered": 100.0, "percent_covered_display": "100", "missing_lines": 0, "excluded_lines": 0}, "missing_lines": [], "excluded_lines": []}, "QuantizedKVCache.stats": {"executed_lines": [537], "summary": {"covered_lines": 1, "num_statements": 1, "percent_covered": 100.0, "percent_covered_display": "100", "missing_lines": 0, "excluded_lines": 0}, "missing_lines": [], "excluded_lines": []}, "_LayerCacheView.__init__": {"executed_lines": [], "summary": {"covered_lines": 0, "num_statements": 2, "percent_covered": 0.0, "percent_covered_display": "0", "missing_lines": 2, "excluded_lines": 0}, "missing_lines": [552, 553], "excluded_lines": []}, "_LayerCacheView.keys": {"executed_lines": [], "summary": {"covered_lines": 0, "num_statements": 2, "percent_covered": 0.0, "percent_covered_display": "0", "missing_lines": 2, "excluded_lines"
[...]
ines": 7, "num_statements": 10, "percent_covered": 70.0, "percent_covered_display": "70", "missing_lines": 3, "excluded_lines": 0}, "missing_lines": [429, 434, 435], "excluded_lines": []}, "profile_model_layers": {"executed_lines": [449, 450, 451, 452, 453, 459], "summary": {"covered_lines": 6, "num_statements": 6, "percent_covered": 100.0, "percent_covered_display": "100", "missing_lines": 0, "excluded_lines": 0}, "missing_lines": [], "excluded_lines": []}, "print_layer_profile": {"executed_lines": [], "summary": {"covered_lines": 0, "num_statements": 11, "percent_covered": 0.0, "percent_covered_display": "0", "missing_lines": 11, "excluded_lines": 0}, "missing_lines": [464, 465, 466, 468, 469, 470, 472, 473, 474, 475, 478], "excluded_lines": []}, "": {"executed_lines": [2, 48, 50, 51, 52, 54, 60, 65, 74, 83, 101, 126, 152, 164, 165, 179, 186, 226, 231, 232, 241, 242, 243, 244, 245, 246, 247, 248, 249, 253, 254, 257, 258, 261, 262, 265, 266, 269, 283, 284, 302, 320, 380, 396, 397, 402, 403, 442, 462], "summary": {"covered_lines": 45, "num_statements": 45, "percent_covered": 100.0, "percent_covered_display": "100", "missing_lines": 0, "excluded_lines": 0}, "missing_lines": [], "excluded_lines": []}}, "classes": {"OffloadedLayer": {"executed_lines": [180, 181, 182], "summary": {"covered_lines": 3, "num_statements": 31, "percent_covered": 9.67741935483871, "percent_covered_display": "10", "missing_lines": 28, "excluded_lines": 0}, "missing_lines": [187, 189, 191, 192, 193, 196, 199, 200, 201, 202, 203, 204, 207, 208, 209, 212, 213, 214, 215, 216, 217, 218, 220, 222, 227, 228, 229, 234], "excluded_lines": []}, "SplitInfo": {"executed_lines": [255, 259, 263, 267, 270, 271], "summary": {"covered_lines": 6, "num_statements": 6, "percent_covered": 100.0, "percent_covered_display": "100", "missing_lines": 0, "excluded_lines": 0}, "missing_lines": [], "excluded_lines": []}, "SplitLayerLoader": {"executed_lines": [309, 310, 311, 312, 313, 315, 316, 327, 328, 330, 331, 333, 334, 340, 341, 343, 345, 346, 347, 348, 349, 350, 351, 352, 357, 358, 360, 362, 363, 364, 366, 367, 368, 370, 371, 372, 374, 375, 377, 378, 421, 422, 424, 425, 427, 428, 432], "summary": {"covered_lines": 47, "num_statements": 62, "percent_covered": 75.80645161290323, "percent_covered_display": "76", "missing_lines": 15, "excluded_lines": 0}, "missing_lines": [354, 355, 385, 386, 387, 388, 389, 390, 392, 393, 394, 398, 429, 434, 435], "excluded_lines": []}, "": {"executed_lines": [2, 48, 50, 51, 52, 54, 60, 65, 74, 83, 101, 108, 109, 110, 114, 115, 117, 118, 119, 121, 123, 126, 152, 164, 165, 179, 186, 226, 231, 232, 241, 242, 243, 244, 245, 246, 247, 248, 249, 253, 254, 257, 258, 261, 262, 265, 266, 269, 283, 284, 302, 320, 380, 396, 397, 402, 403, 442, 449, 450, 451, 452, 453, 459, 462], "summary": {"covered_lines": 61, "num_statements": 116, "percent_covered": 52.58620689655172, "percent_covered_display": "53", "missing_lines": 55, "excluded_lines": 0}, "missing_lines": [61, 62, 66, 67, 76, 77, 78, 79, 80, 85, 86, 87, 88, 89, 90, 91, 92, 93, 94, 95, 96, 97, 98, 111, 112, 116, 120, 134, 136, 138, 139, 140, 141, 142, 143, 144, 145, 146, 148, 149, 154, 155, 156, 157, 464, 465, 466, 468, 469, 470, 472, 473, 474, 475, 478], "excluded_lines": []}}}, "squish/squish_lm_eval.py": {"executed_lines": [], "summary": {"covered_lines": 0, "num_statements": 213, "percent_covered": 0.0, "percent_covered_display": "0", "missing_lines": 213, "excluded_lines": 0}, "missing_lines": [44, 45, 46, 48, 51, 52, 53, 54, 55, 56, 58, 59, 60, 61, 62, 63, 64, 66, 69, 70, 74, 75, 87, 96, 98, 99, 100, 101, 103, 104, 105, 106, 107, 108, 109, 111, 112, 113, 114, 116, 121, 123, 130, 139, 140, 141, 142, 143, 144, 145, 146, 147, 151, 152, 153, 155, 156, 157, 158, 162, 163, 165, 166, 167, 169, 170, 171, 173, 174, 175, 179, 180, 182, 183, 187, 194, 195, 196, 197, 198, 200, 219, 220, 221, 223, 224, 226, 229, 232, 233, 234, 235, 236, 239, 241, 242, 243, 247, 261, 263, 264, 265, 266, 267, 268, 270, 272, 273, 274, 280, 281, 282, 283, 285, 286, 287, 288, 289, 291, 292, 294, 295, 296, 297, 298, 299, 300, 301, 302, 303, 304, 307, 309, 310, 311, 312, 313, 314, 315, 317, 318, 319, 320, 321, 323, 324, 325, 326, 327, 330, 331, 332, 333, 334, 335, 336, 337, 338, 339, 340, 342, 343, 346, 350, 351, 352, 353, 354, 355, 356, 357, 358, 359, 361, 362, 363, 367, 374, 376, 377, 378, 379, 380, 381, 382, 383, 385, 393, 394, 395, 396, 398, 400, 405, 406, 415, 425, 426, 427, 428, 429, 430, 431, 432, 433, 434, 436, 437, 438, 439, 441, 442, 443], "excluded_lines": [], "functions": {"SquishCompressedLM.__init__": {"executed_lines": [], "summary": {"covered_lines": 0, "num_statements": 16, "percent_covered": 0.0, "percent_covered_display": "0", "missing_lines": 16, "excluded_lines": 0}, "missing_lines": [96, 98, 99, 100, 101, 103, 104, 105, 106, 107, 108, 109, 111, 112, 113, 114], "excluded_lines": []}, "SquishCompressedLM._load": {"executed_lines": [], "summary": {"covered_lines": 0, "num_statements": 12, "percent_covered": 0.0, "percent_covered_display": "0", "missing_lines": 12, "excluded_lines": 0}, "missing_lines": [121, 123, 130, 139, 140, 141, 142, 143, 144, 145, 146, 147], "excluded_lines": []}, "SquishCompressedLM.eot_token_id": {"executed_lines": [], "summary": {"covered_lines": 0, "num_statements": 1, "percent_covered": 0.0, "percent_covered_display": "0", "missing_lines": 1, "excluded_lines": 0}, "missing_lines": [153], "excluded_lines": []}, "SquishCompressedLM.max_length": {"executed_lines": [], "summary": {"covered_lines": 0, "num_statements": 4, "percent_covered": 0.0, "percent_covered_display": "0", "missing_lines": 4, "excluded_lines": 0}, "missing_lines": [157, 158, 162, 163], "excluded_lines": []}, "SquishCompressedLM.max_gen_toks": {"executed_lines": [], "summary": {"covered_lines": 0, "num_statements": 1, "percent_covered": 0.0, "percent_covered_display": "0", "missing_lines": 1, "excluded_lines": 0}, "missing_lines": [167], "excluded_lines": []}, "SquishCompressedLM.batch_size": {"executed_lines": [], "summary": {"covered_lines": 0, "num_statements": 1, "percent_covered": 0.0, "percent_covered_display": "0", "missing_lines": 1, "excluded_lines": 0}, "missing_lines": [171], "excluded_lines": []}, "SquishCompressedLM.device": {"executed_lines": [], "summary": {"covered_lines": 0, "num_statements": 1, "percent_covered": 0.0, "percent_covered_display": "0", "missing_lines": 1, "excluded_lines": 0}, "missing_lines": [175], "excluded_lines": []}, "SquishCompressedLM.tok_encode": {"executed_lines": [], "summary": {"covered_lines": 0, "num_statements": 1, "percent_covered": 0.0, "percent_covered_display": "0", "missing_lines": 1, "excluded_lines": 0}, "missing_lines": [180], "excluded_lines": []}, "SquishCompressedLM.tok_decode": {"executed_lines": [], "summary": {"covered_lines": 0, "num_statements": 1, "percent_covered": 0.0, "percent_covered_display": "0", "missing_lines": 1, "excluded_lines": 0}, "missing_lines": [183], "excluded_lines": []}, "SquishCompressedLM._forward_logprobs": {"executed_lines": [], "summary": {"covered_lines": 0, "num_statements": 5, "percent_covered": 0.0, "percent_covered_display": "0", "missing_lines": 5, "excluded_lines": 0}, "missing_lines": [194, 195, 196, 197, 198], "excluded_lines": []}, "SquishCompressedLM._forward_selected_logprobs": {"executed_lines": [], "summary": {"covered_lines": 0, "num_statements": 16, "percent_covered": 0.0, "percent_covered_display": "0", "missing_lines": 16, "excluded_lines": 0}, "missing_lines": [219, 220, 221, 223, 224, 226, 229, 232, 233, 234, 235, 236, 239, 241, 242, 243], "excluded_lines": []}, "SquishCompressedLM.loglikelihood": {"executed_lines": [], "summary": {"covered_lines": 0, "num_statements": 21, "percent_covered": 0.0, "percent_covered_display": "0", "missing_lines": 21, "excluded_lines": 0}, "missing_lines": [261, 263, 264, 265, 266, 267, 268, 270, 330, 331, 332, 333, 334, 335, 336, 337, 338, 339, 340, 342, 343], "excluded_lines": []}, "SquishCompressedLM.loglikelihood._flush_batch": {"executed_lines": [], "summary": {"covered_lines": 0, "num_statements": 43, "percent_covered": 0.0, "percent_covered_display": "0", "missing_lines": 43, "excluded_lines": 0}, "missing_lines": [272, 273, 274, 280, 281, 282, 283, 285, 286, 287, 288, 289, 291, 292, 294, 295, 296, 297, 298, 299, 300, 301, 302, 303, 304, 307, 309, 310, 311, 312, 313, 314, 315, 317, 318, 319, 320, 321, 323, 324, 325, 326, 327], "excluded_lines": []}, "SquishCompressedLM.loglikelihood_rolling": {"executed_lines": [], "summary": {"covered_lines": 0, "num_statements": 13, "percent_covered": 0.0, "percent_covered_display": "0", "missing_lines": 13, "excluded_lines": 0}, "missing_lines": [350, 351, 352, 353, 354, 355, 356, 357, 358, 359, 361, 362, 363], "excluded_lines": []}, "SquishCompressedLM.generate_until": {"executed_lines": [], "summary": {"covered_lines": 0, "num_statements": 16, "percent_covered": 0.0, "percent_covered_display": "0", "missing_lines": 16, "excluded_lines": 0}, "missing_lines": [374, 376, 377, 378, 379, 380, 381, 382, 383, 385, 393, 394, 395, 396, 398, 400], "excluded_lines": []}, "SquishReferenceLM.__init__": {"executed_lines": [], "summary": {"covered_lines": 0, "num_statements": 14, "percent_covered": 0.0, "percent_covered_display": "0", "missing_lines": 14, "excluded_lines": 0}, "missing_lines": [425, 426, 427, 428, 429, 430, 431, 432, 433, 434, 436, 437, 438, 439], "excluded_lines": []}, "SquishReferenceLM._load": {"executed_lines": [], "summary": {"covered_lines": 0, "num_statements": 2, "percent_covered": 0.0, "percent_covered_display": "0", "missing_lines": 2, "excluded_lines": 0}, "missing_lines": [442, 443], "excluded_lines": []}, "": {"executed_lines": [], "summary": {"covered_lines": 0, "num_statements": 45, "percent_covered": 0.0, "percent_covered_display": "0", "missing_lines": 45, "excluded_lines": 0}, "missing_lines": [44, 45, 46, 48, 51, 52, 53, 54, 55, 56, 58, 59, 60, 61, 62, 63, 64, 66, 69, 70, 74, 75, 87, 116, 151, 152, 155, 156, 165, 166, 169, 170, 173, 174, 179, 182, 187, 200, 247, 346, 367, 405, 406, 415, 441], "excluded_lines": []}}, "classes": {"SquishCompressedLM": {"executed_lines": [], "summary": {"covered_lines": 0, "num_statements": 152, "percent_covered": 0.0, "percent_covered_display": "0", "missing_lines": 152, "excluded_lines": 0}, "missing_lines": [96, 98, 99, 100, 101, 103, 104, 105, 106, 107, 108, 109, 111, 112, 113, 114, 121, 123, 130, 139, 140, 141, 142, 143, 144, 145, 146, 147, 153, 157, 158, 162, 163, 167, 171, 175, 180, 183, 194, 195, 196, 197, 198, 219, 220, 221, 223, 224, 226, 229, 232, 233, 234, 235, 236, 239, 241, 242, 243, 261, 263, 264, 265, 266, 267, 268, 270, 272, 273, 274, 280, 281, 282, 283, 285, 286, 287, 288, 289, 291, 292, 294, 295, 296, 297, 298, 299, 300, 301, 302, 303, 304, 307, 309, 310, 311, 312, 313, 314, 315, 317, 318, 319, 320, 321, 323, 324, 325, 326, 327, 330, 331, 332, 333, 334, 335, 336, 337, 338, 339, 340, 342, 343, 350, 351, 352, 353, 354, 355, 356, 357, 358, 359, 361, 362, 363, 374, 376, 377, 378, 379, 380, 381, 382, 383, 385, 393, 394, 395, 396, 398, 400], "excluded_lines": []}, "SquishReferenceLM": {"executed_lines": [], "summary": {"covered_lines": 0, "num_statements": 16, "percent_covered": 0.0, "percent_covered_display": "0", "missing_lines": 16, "excluded_lines": 0}, "missing_lines": [425, 426, 427, 428, 429, 430, 431, 432, 433, 434, 436, 437, 438, 439, 442, 443], "excluded_lines": []}, "": {"executed_lines": [], "summary": {"covered_lines": 0, "num_statements": 45, "percent_covered": 0.0, "percent_covered_display": "0", "missing_lines": 45, "excluded_lines": 0}, "missing_lines": [44, 45, 46, 48, 51, 52, 53, 54, 55, 56, 58, 59, 60, 61, 62, 63, 64, 66, 69, 70, 74, 75, 87, 116, 151, 152, 155, 156, 165, 166, 169, 170, 173, 174, 179, 182, 187, 200, 247, 346, 367, 405, 406, 415, 441], "excluded_lines": []}}}, "squish/streaming.py": {"executed_lines": [], "summary": {"covered_lines": 0, "num_statements": 155, "percent_covered": 0.0, "percent_covered_display": "0", "missing_lines": 155, "excluded_lines": 0}, "missing_lines": [37, 38, 39, 40, 41, 42, 43, 45, 46, 47, 49, 60, 61, 62, 63, 64, 71, 74, 84, 85, 87, 88, 89, 90, 91, 92, 93, 94, 96, 98, 105, 114, 115, 116, 117, 118, 119, 120, 121, 122, 124, 125, 132, 144, 145, 147, 148, 149, 152, 153, 154, 155, 156, 159, 162, 163, 164, 165, 166, 167, 170, 171, 172, 173, 176, 177, 178, 179, 180, 181, 186, 187, 188, 189, 190, 191, 192, 193, 194, 195, 196, 197, 198, 199, 200, 201, 206, 210, 211, 213, 215, 216, 217, 218, 219, 221, 223, 224, 225, 230, 233, 235, 236, 237, 238, 241, 242, 246, 248, 249, 250, 253, 254, 256, 257, 258, 259, 260, 262, 263, 270, 272, 275, 277, 280, 282, 297, 298, 299, 300, 301, 302, 303, 304, 306, 312, 313, 315, 317, 318, 320, 324, 325, 326, 327, 329, 330, 336, 337, 339, 340, 341, 342, 343, 344], "excluded_lines": [], "functions": {"_rss_mb": {"executed_lines": [], "summary": {"covered_lines": 0, "num_statements": 4, "percent_covered": 0.0, "percent_covered_display": "0", "missing_lines": 4, "excluded_lines": 0}, "missing_lines": [61, 62, 63, 64], "excluded_lines": []}, "_group_tensors": {"executed_lines": [], "summary": {"covered_lines": 0, "num_statements": 12, "percent_covered": 0.0, "percent_covered_display": "0", "missing_lines": 12, "excluded_lines": 0}, "missing_lines": [84, 85, 87, 88, 89, 90, 91, 92, 93, 94, 96, 98], "excluded_lines": []}, "_decompress_group": {"executed_lines": [], "summary": {"covered_lines": 0, "num_statements": 11, "percent_covered": 0.0, "percent_covered_display": "0", "missing_lines": 11, "excluded_lines": 0}, "missing_lines": [114, 115, 116, 117, 118, 119, 120, 121, 122, 124, 125], "excluded_lines": []}, "load_streaming": {"executed_lines": [], "summary": {"covered_lines": 0, "num_statements": 87, "percent_covered": 0.0, "percent_covered_display": "0", "missing_lines": 87, "excluded_lines": 0}, "missing_lines": [144, 145, 147, 148, 149, 152, 153, 154, 155, 156, 159, 162, 163, 164, 165, 166, 167, 170, 171, 172, 173, 176, 177, 178, 179, 180, 181, 186, 187, 188, 189, 190, 191, 192, 193, 194, 195, 196, 197, 198, 199, 200, 201, 206, 210, 211, 213, 221, 223, 224, 225, 230, 233, 235, 236, 237, 238, 241, 242, 246, 248, 249, 250, 253, 254, 256, 257, 258, 259, 260, 262, 263, 270, 272, 275, 277, 280, 282, 297, 298, 299, 300, 301, 302, 303, 304, 306], "excluded_lines": []}, "load_streaming._prefetch_worker": {"executed_lines": [], "summary": {"covered_lines": 0, "num_statements": 5, "percent_covered": 0.0, "percent_covered_display": "0", "missing_lines": 5, "excluded_lines": 0}, "missing_lines": [215, 216, 217, 218, 219], "excluded_lines": []}, "": {"executed_lines": [], "summary": {"covered_lines": 0, "num_statements": 36, "percent_covered": 0.0, "percent_covered_display": "0", "missing_lines": 36, "excluded_lines": 0}, "missing_lines": [37, 38, 39, 40, 41, 42, 43, 45, 46, 47, 49, 60, 71, 74, 105, 132, 312, 313, 315, 317, 318, 320, 324, 325, 326, 327, 329, 330, 336, 337, 339, 340, 341, 342, 343, 344], "excluded_lines": []}}, "classes": {"": {"executed_lines": [], "summary": {"covered_lines": 0, "num_statements": 155, "percent_covered": 0.0, "percent_covered_display": "0", "missing_lines": 155, "excluded_lines": 0}, "missing_lines": [37, 38, 39, 40, 41, 42, 43, 45, 46, 47, 49, 60, 61, 62, 63, 64, 71, 74, 84, 85, 87, 88, 89, 90, 91, 92, 93, 94, 96, 98, 105, 114, 115, 116, 117, 118, 119, 120, 121, 122, 124, 125, 132, 144, 145, 147, 148, 149, 152, 153, 154, 155, 156, 159, 162, 163, 164, 165, 166, 167, 170, 171, 172, 173, 176, 177, 178, 179, 180, 181, 186, 187, 188, 189, 190, 191, 192, 193, 194, 195, 196, 197, 198, 199, 200, 201, 206, 210, 211, 213, 215, 216, 217, 218, 219, 221, 223, 224, 225, 230, 233, 235, 236, 237, 238, 241, 242, 246, 248, 249, 250, 253, 254, 256, 257, 258, 259, 260, 262, 263, 270, 272, 275, 277, 280, 282, 297, 298, 299, 300, 301, 302, 303, 304, 306, 312, 313, 315, 317, 318, 320, 324, 325, 326, 327, 329, 330, 336, 337, 339, 340, 341, 342, 343, 344], "excluded_lines": []}}}, "squish/tool_calling.py": {"executed_lines": [2, 42, 43, 44, 45, 49, 63, 77, 78, 81, 82, 83, 84, 85, 86, 87, 90, 91, 93, 95, 96, 97, 98, 99, 101, 102, 108, 111, 116, 117, 118, 119, 120, 121, 122, 123, 126, 129, 130, 131, 132, 133, 134, 135, 136, 137, 138, 139, 140, 141, 142, 143, 146, 148, 149, 150, 151, 154, 156, 157, 158, 159, 164, 166, 167, 168, 171, 179, 180, 181, 182, 185, 186, 187, 190, 191, 192, 193, 195, 200, 222, 223, 224, 225, 227, 228, 229, 230, 233, 241], "summary": {"covered_lines": 89, "num_statements": 95, "percent_covered": 93.6842105263158, "percent_covered_display": "94", "missing_lines": 6, "excluded_lines": 0}, "missing_lines": [124, 125, 127, 128, 161, 232], "excluded_lines": [], "functions": {"format_tools_prompt": {"executed_lines": [77, 78, 81, 82, 83, 84, 85, 86, 87, 90, 91, 93, 95, 96, 97, 98, 99, 101, 102], "summary": {"covered_lines": 19, "num_statements": 19, "percent_covered": 100.0, "percent_covered_display": "100", "missing_lines": 0, "excluded_lines": 0}, "missing_lines": [], "excluded_lines": []}, "_extract_json_objects": {"executed_lines": [116, 117, 118, 119, 120, 121, 122, 123, 126, 129, 130, 131, 132, 133, 134, 135, 136, 137, 138, 139, 140, 141, 142, 143], "summary": {"covered_lines": 24, "num_statements": 28, "percent_covered": 85.71428571428571, "percent_covered_display": "86", "missing_lines": 4, "excluded_lines": 0}, "missing_lines": [124, 125, 127, 128], "excluded_lines": []}, "_try_parse": {"executed_lines": [148, 149, 150, 151], "summary": {"covered_lines": 4, "num_statements": 4, "percent_covered": 100.0, "percent_covered_display": "100", "missing_lines": 0, "excluded_lines": 0}, "missing_lines": [], "excluded_lines": []}, "_is_tool_call": {"executed_lines": [156, 157, 158, 159], "summary": {"covered_lines": 4, "num_statements": 5, "percent_covered": 80.0, "percent_covered_display": "80", "missing_lines": 1, "excluded_lines": 0}, "missing_lines": [161], "excluded_lines": []}, "_normalise": {"executed_lines": [166, 167, 168], "summary": {"covered_lines": 3, "num_statements": 3, "percent_covered": 100.0, "percent_covered_display": "100", "missing_lines": 0, "excluded_lines": 0}, "missing_lines": [], "excluded_lines": []}, "parse_tool_calls": {"executed_lines": [179, 180, 181, 182, 185, 186, 187, 190, 191, 192, 193, 195], "summary": {"covered_lines": 12, "num_statements": 12, "percent_covered": 100.0, "percent_covered_display": "100", "missing_lines": 0, "excluded_lines": 0}, "missing_lines": [], "excluded_lines": []}, "build_tool_calls_response": {"executed_lines": [222, 223, 224, 225, 227, 228, 229, 230, 233, 241], "summary": {"covered_lines": 10, "num_statements": 11, "percent_covered": 90.9090909090909, "percent_covered_display": "91", "missing_lines": 1, "excluded_lines": 0}, "missing_lines": [232], "excluded_lines": []}, "": {"executed_lines": [2, 42, 43, 44, 45, 49, 63, 108, 111, 146, 154, 164, 171, 200], "summary": {"covered_lines": 13, "num_statements": 13, "percent_covered": 100.0, "percent_covered_display": "100", "missing_lines": 0, "excluded_lines": 0}, "missing_lines": [], "excluded_lines": []}}, "classes": {"": {"executed_lines": [2, 42, 43, 44, 45, 49, 63, 77, 78, 81, 82, 83, 84, 85, 86, 87, 90, 91, 93, 95, 96, 97, 98, 99, 101, 102, 108, 111, 116, 117, 118, 119, 120, 121, 122, 123, 126, 129, 130, 131, 132, 133, 134, 135, 136, 137, 138, 139, 140, 141, 142, 143, 146, 148, 149, 150, 151, 154, 156, 157, 158, 159, 164, 166, 167, 168, 171, 179, 180, 181, 182, 185, 186, 187, 190, 191, 192, 193, 195, 200, 222, 223, 224, 225, 227, 228, 229, 230, 233, 241], "summary": {"covered_lines": 89, "num_statements": 95, "percent_covered": 93.6842105263158, "percent_covered_display": "94", "missing_lines": 6, "excluded_lines": 0}, "missing_lines": [124, 125, 127, 128, 161, 232], "excluded_lines": []}}}}, "totals": {"covered_lines": 1263, "num_statements": 5458, "percent_covered": 23.14034444851594, "percent_covered_display": "23", "missing_lines": 4195, "excluded_lines": 3}}