{"meta": {"format": 3, "version": "7.11.0", "timestamp": "2026-03-04T13:27:13.928757", "branch_coverage": true, "show_contexts": false}, "files": {"squish/__init__.py": {"executed_lines": [1, 15, 23, 28, 31, 36, 39, 48, 55, 64, 75, 78, 86, 92, 93], "summary": {"covered_lines": 13, "num_statements": 13, "percent_covered": 100.0, "percent_covered_display": "100", "missing_lines": 0, "excluded_lines": 2, "num_branches": 0, "num_partial_branches": 0, "covered_branches": 0, "missing_branches": 0}, "missing_lines": [], "excluded_lines": [1, 93], "executed_branches": [], "missing_branches": [], "functions": {"": {"executed_lines": [1, 15, 23, 28, 31, 36, 39, 48, 55, 64, 75, 78, 86, 92, 93], "summary": {"covered_lines": 13, "num_statements": 13, "percent_covered": 100.0, "percent_covered_display": "100", "missing_lines": 0, "excluded_lines": 2, "num_branches": 0, "num_partial_branches": 0, "covered_branches": 0, "missing_branches": 0}, "missing_lines": [], "excluded_lines": [1, 93], "executed_branches": [], "missing_branches": []}}, "classes": {"": {"executed_lines": [1, 15, 23, 28, 31, 36, 39, 48, 55, 64, 75, 78, 86, 92, 93], "summary": {"covered_lines": 13, "num_statements": 13, "percent_covered": 100.0, "percent_covered_display": "100", "missing_lines": 0, "excluded_lines": 2, "num_branches": 0, "num_partial_branches": 0, "covered_branches": 0, "missing_branches": 0}, "missing_lines": [], "excluded_lines": [1, 93], "executed_branches": [], "missing_branches": []}}}, "squish/awq.py": {"executed_lines": [2, 46, 47, 48, 49, 51, 57, 85, 86, 96, 97, 98, 100, 102, 103, 104, 106, 107, 108, 111, 112, 114, 115, 117, 118, 120, 122, 123, 124, 127, 255, 262, 263, 265, 266, 267, 268, 269, 272, 274, 275, 276, 278, 280, 281, 284, 291, 293, 294, 295, 297, 298, 299, 300, 301, 302, 303, 304, 305, 306, 309, 310, 311, 312, 313, 320, 350, 358, 360, 361, 362, 363, 364, 369, 372, 373, 374, 377, 378, 379, 380, 381, 382, 384, 385, 388, 389, 390, 393, 397, 398, 399, 401, 402, 404, 406, 407, 409, 410, 412, 415, 426, 428, 429, 432, 434, 437, 442, 443, 444, 450, 452, 453, 454, 455, 462, 519], "summary": {"covered_lines": 112, "num_statements": 112, "percent_covered": 98.79518072289157, "percent_covered_display": "99", "missing_lines": 0, "excluded_lines": 181, "num_branches": 54, "num_partial_branches": 2, "covered_branches": 52, "missing_branches": 2}, "missing_lines": [], "excluded_lines": [2, 110, 127, 128, 129, 130, 131, 132, 133, 134, 135, 136, 137, 138, 139, 140, 141, 142, 143, 144, 145, 146, 147, 148, 149, 150, 151, 152, 153, 154, 155, 156, 157, 158, 159, 160, 161, 162, 163, 164, 165, 166, 167, 168, 169, 170, 171, 172, 173, 174, 175, 176, 177, 178, 179, 180, 181, 182, 183, 184, 185, 186, 187, 188, 189, 190, 191, 192, 193, 194, 195, 196, 197, 198, 199, 200, 201, 202, 203, 204, 205, 206, 207, 208, 209, 210, 211, 212, 213, 214, 215, 216, 217, 218, 219, 220, 221, 222, 223, 224, 225, 226, 227, 228, 229, 230, 231, 232, 233, 234, 235, 236, 237, 238, 239, 240, 241, 242, 243, 244, 245, 246, 247, 248, 462, 463, 464, 465, 466, 467, 468, 469, 470, 471, 472, 473, 474, 475, 476, 477, 478, 479, 480, 481, 482, 483, 484, 485, 486, 487, 488, 489, 490, 491, 492, 493, 494, 495, 496, 497, 498, 499, 500, 501, 502, 503, 504, 505, 506, 507, 508, 509, 510, 511, 512, 513, 514, 515, 516, 519, 520], "executed_branches": [[114, 115], [114, 117], [122, 123], [122, 124], [266, 267], [266, 272], [280, -255], [280, 281], [294, 295], [294, 297], [298, 299], [298, 309], [302, 303], [302, 306], [304, 302], [304, 305], [310, 311], [310, 313], [360, 361], [360, 406], [361, 362], [361, 363], [363, 364], [363, 369], [373, 374], [373, 377], [378, 379], [378, 381], [379, 380], [381, 382], [381, 384], [384, 385], [384, 388], [389, 390], [389, 393], [398, 399], [398, 401], [401, 402], [401, 404], [406, 407], [406, 409], [409, 410], [409, 412], [428, 429], [432, 434], [432, 442], [442, 443], [442, 450], [452, 453], [452, 455], [453, 452], [453, 454]], "missing_branches": [[379, 378], [428, 432]], "functions": {"_ActivationHook.__init__": {"executed_lines": [97, 98], "summary": {"covered_lines": 2, "num_statements": 2, "percent_covered": 100.0, "percent_covered_display": "100", "missing_lines": 0, "excluded_lines": 0, "num_branches": 0, "num_partial_branches": 0, "covered_branches": 0, "missing_branches": 0}, "missing_lines": [], "excluded_lines": [], "executed_branches": [], "missing_branches": []}, "_ActivationHook.__call__": {"executed_lines": [102, 103, 104, 106, 107, 108, 111, 112, 114, 115, 117, 118], "summary": {"covered_lines": 12, "num_statements": 12, "percent_covered": 100.0, "percent_covered_display": "100", "missing_lines": 0, "excluded_lines": 1, "num_branches": 2, "num_partial_branches": 0, "covered_branches": 2, "missing_branches": 0}, "missing_lines": [], "excluded_lines": [110], "executed_branches": [[114, 115], [114, 117]], "missing_branches": []}, "_ActivationHook.mean_activation": {"executed_lines": [122, 123, 124], "summary": {"covered_lines": 3, "num_statements": 3, "percent_covered": 100.0, "percent_covered_display": "100", "missing_lines": 0, "excluded_lines": 0, "num_branches": 2, "num_partial_branches": 0, "covered_branches": 2, "missing_branches": 0}, "missing_lines": [], "excluded_lines": [], "executed_branches": [[122, 123], [122, 124]], "missing_branches": []}, "collect_activation_scales": {"executed_lines": [], "summary": {"covered_lines": 0, "num_statements": 0, "percent_covered": 100.0, "percent_covered_display": "100", "missing_lines": 0, "excluded_lines": 103, "num_branches": 0, "num_partial_branches": 0, "covered_branches": 0, "missing_branches": 0}, "missing_lines": [], "excluded_lines": [136, 137, 138, 139, 140, 141, 142, 143, 144, 145, 146, 147, 148, 149, 150, 151, 152, 153, 154, 155, 156, 157, 158, 159, 160, 161, 162, 163, 164, 165, 166, 167, 168, 169, 170, 171, 172, 173, 174, 175, 176, 177, 178, 179, 180, 187, 188, 189, 190, 191, 192, 193, 194, 195, 196, 197, 198, 199, 204, 205, 206, 207, 208, 209, 210, 211, 212, 213, 214, 215, 216, 217, 218, 219, 220, 221, 222, 223, 224, 225, 226, 227, 228, 229, 230, 231, 232, 233, 234, 235, 236, 237, 238, 239, 240, 241, 242, 243, 244, 245, 246, 247, 248], "executed_branches": [], "missing_branches": []}, "collect_activation_scales._collect": {"executed_lines": [], "summary": {"covered_lines": 0, "num_statements": 0, "percent_covered": 100.0, "percent_covered_display": "100", "missing_lines": 0, "excluded_lines": 6, "num_branches": 0, "num_partial_branches": 0, "covered_branches": 0, "missing_branches": 0}, "missing_lines": [], "excluded_lines": [181, 182, 183, 184, 185, 186], "executed_branches": [], "missing_branches": []}, "collect_activation_scales._make_patched": {"executed_lines": [], "summary": {"covered_lines": 0, "num_statements": 0, "percent_covered": 100.0, "percent_covered_display": "100", "missing_lines": 0, "excluded_lines": 2, "num_branches": 0, "num_partial_branches": 0, "covered_branches": 0, "missing_branches": 0}, "missing_lines": [], "excluded_lines": [200, 203], "executed_branches": [], "missing_branches": []}, "collect_activation_scales._make_patched._patched": {"executed_lines": [], "summary": {"covered_lines": 0, "num_statements": 0, "percent_covered": 100.0, "percent_covered_display": "100", "missing_lines": 0, "excluded_lines": 2, "num_branches": 0, "num_partial_branches": 0, "covered_branches": 0, "missing_branches": 0}, "missing_lines": [], "excluded_lines": [201, 202], "executed_branches": [], "missing_branches": []}, "save_awq_scales": {"executed_lines": [262, 263, 265, 266, 267, 268, 269, 272, 274, 275, 276, 278, 280, 281], "summary": {"covered_lines": 14, "num_statements": 14, "percent_covered": 100.0, "percent_covered_display": "100", "missing_lines": 0, "excluded_lines": 0, "num_branches": 4, "num_partial_branches": 0, "covered_branches": 4, "missing_branches": 0}, "missing_lines": [], "excluded_lines": [], "executed_branches": [[266, 267], [266, 272], [280, -255], [280, 281]], "missing_branches": []}, "load_awq_scales": {"executed_lines": [291, 293, 294, 295, 297, 298, 299, 300, 301, 302, 303, 304, 305, 306, 309, 310, 311, 312, 313], "summary": {"covered_lines": 19, "num_statements": 19, "percent_covered": 100.0, "percent_covered_display": "100", "missing_lines": 0, "excluded_lines": 0, "num_branches": 10, "num_partial_branches": 0, "covered_branches": 10, "missing_branches": 0}, "missing_lines": [], "excluded_lines": [], "executed_branches": [[294, 295], [294, 297], [298, 299], [298, 309], [302, 303], [302, 306], [304, 302], [304, 305], [310, 311], [310, 313]], "missing_branches": []}, "apply_awq_to_weights": {"executed_lines": [350, 358, 360, 361, 362, 363, 364, 369, 372, 373, 374, 377, 378, 379, 380, 381, 382, 384, 385, 388, 389, 390, 393, 397, 398, 399, 401, 402, 404, 406, 407, 409, 410, 412], "summary": {"covered_lines": 34, "num_statements": 34, "percent_covered": 98.33333333333333, "percent_covered_display": "98", "missing_lines": 0, "excluded_lines": 0, "num_branches": 26, "num_partial_branches": 1, "covered_branches": 25, "missing_branches": 1}, "missing_lines": [], "excluded_lines": [], "executed_branches": [[360, 361], [360, 406], [361, 362], [361, 363], [363, 364], [363, 369], [373, 374], [373, 377], [378, 379], [378, 381], [379, 380], [381, 382], [381, 384], [384, 385], [384, 388], [389, 390], [389, 393], [398, 399], [398, 401], [401, 402], [401, 404], [406, 407], [406, 409], [409, 410], [409, 412]], "missing_branches": [[379, 378]]}, "_preceding_norm_name": {"executed_lines": [426, 428, 429, 432, 434, 437, 442, 443, 444, 450, 452, 453, 454, 455], "summary": {"covered_lines": 14, "num_statements": 14, "percent_covered": 95.83333333333333, "percent_covered_display": "96", "missing_lines": 0, "excluded_lines": 0, "num_branches": 10, "num_partial_branches": 1, "covered_branches": 9, "missing_branches": 1}, "missing_lines": [], "excluded_lines": [], "executed_branches": [[428, 429], [432, 434], [432, 442], [442, 443], [442, 450], [452, 453], [452, 455], [453, 452], [453, 454]], "missing_branches": [[428, 432]]}, "main": {"executed_lines": [], "summary": {"covered_lines": 0, "num_statements": 0, "percent_covered": 100.0, "percent_covered_display": "100", "missing_lines": 0, "excluded_lines": 54, "num_branches": 0, "num_partial_branches": 0, "covered_branches": 0, "missing_branches": 0}, "missing_lines": [], "excluded_lines": [463, 464, 465, 466, 467, 468, 469, 470, 471, 472, 473, 474, 475, 476, 477, 478, 479, 480, 481, 482, 483, 484, 485, 486, 487, 488, 489, 490, 491, 492, 493, 494, 495, 496, 497, 498, 499, 500, 501, 502, 503, 504, 505, 506, 507, 508, 509, 510, 511, 512, 513, 514, 515, 516], "executed_branches": [], "missing_branches": []}, "": {"executed_lines": [2, 46, 47, 48, 49, 51, 57, 85, 86, 96, 100, 120, 127, 255, 284, 320, 415, 462, 519], "summary": {"covered_lines": 14, "num_statements": 14, "percent_covered": 100.0, "percent_covered_display": "100", "missing_lines": 0, "excluded_lines": 13, "num_branches": 0, "num_partial_branches": 0, "covered_branches": 0, "missing_branches": 0}, "missing_lines": [], "excluded_lines": [2, 127, 128, 129, 130, 131, 132, 133, 134, 135, 462, 519, 520], "executed_branches": [], "missing_branches": []}}, "classes": {"_ActivationHook": {"executed_lines": [97, 98, 102, 103, 104, 106, 107, 108, 111, 112, 114, 115, 117, 118, 122, 123, 124], "summary": {"covered_lines": 17, "num_statements": 17, "percent_covered": 100.0, "percent_covered_display": "100", "missing_lines": 0, "excluded_lines": 1, "num_branches": 4, "num_partial_branches": 0, "covered_branches": 4, "missing_branches": 0}, "missing_lines": [], "excluded_lines": [110], "executed_branches": [[114, 115], [114, 117], [122, 123], [122, 124]], "missing_branches": []}, "": {"executed_lines": [2, 46, 47, 48, 49, 51, 57, 85, 86, 96, 100, 120, 127, 255, 262, 263, 265, 266, 267, 268, 269, 272, 274, 275, 276, 278, 280, 281, 284, 291, 293, 294, 295, 297, 298, 299, 300, 301, 302, 303, 304, 305, 306, 309, 310, 311, 312, 313, 320, 350, 358, 360, 361, 362, 363, 364, 369, 372, 373, 374, 377, 378, 379, 380, 381, 382, 384, 385, 388, 389, 390, 393, 397, 398, 399, 401, 402, 404, 406, 407, 409, 410, 412, 415, 426, 428, 429, 432, 434, 437, 442, 443, 444, 450, 452, 453, 454, 455, 462, 519], "summary": {"covered_lines": 95, "num_statements": 95, "percent_covered": 98.62068965517241, "percent_covered_display": "99", "missing_lines": 0, "excluded_lines": 180, "num_branches": 50, "num_partial_branches": 2, "covered_branches": 48, "missing_branches": 2}, "missing_lines": [], "excluded_lines": [2, 127, 128, 129, 130, 131, 132, 133, 134, 135, 136, 137, 138, 139, 140, 141, 142, 143, 144, 145, 146, 147, 148, 149, 150, 151, 152, 153, 154, 155, 156, 157, 158, 159, 160, 161, 162, 163, 164, 165, 166, 167, 168, 169, 170, 171, 172, 173, 174, 175, 176, 177, 178, 179, 180, 181, 182, 183, 184, 185, 186, 187, 188, 189, 190, 191, 192, 193, 194, 195, 196, 197, 198, 199, 200, 201, 202, 203, 204, 205, 206, 207, 208, 209, 210, 211, 212, 213, 214, 215, 216, 217, 218, 219, 220, 221, 222, 223, 224, 225, 226, 227, 228, 229, 230, 231, 232, 233, 234, 235, 236, 237, 238, 239, 240, 241, 242, 243, 244, 245, 246, 247, 248, 462, 463, 464, 465, 466, 467, 468, 469, 470, 471, 472, 473, 474, 475, 476, 477, 478, 479, 480, 481, 482, 483, 484, 485, 486, 487, 488, 489, 490, 491, 492, 493, 494, 495, 496, 497, 498, 499, 500, 501, 502, 503, 504, 505, 506, 507, 508, 509, 510, 511, 512, 513, 514, 515, 516, 519, 520], "executed_branches": [[266, 267], [266, 272], [280, -255], [280, 281], [294, 295], [294, 297], [298, 299], [298, 309], [302, 303], [302, 306], [304, 302], [304, 305], [310, 311], [310, 313], [360, 361], [360, 406], [361, 362], [361, 363], [363, 364], [363, 369], [373, 374], [373, 377], [378, 379], [378, 381], [379, 380], [381, 382], [381, 384], [384, 385], [384, 388], [389, 390], [389, 393], [398, 399], [398, 401], [401, 402], [401, 404], [406, 407], [406, 409], [409, 410], [409, 412], [428, 429], [432, 434], [432, 442], [442, 443], [442, 450], [452, 453], [452, 455], [453, 452], [453, 454]], "missing_branches": [[379, 378], [428, 432]]}}}, "squish/catalog.py": {"executed_lines": [1, 24, 26, 27, 28, 29, 30, 31, 32, 33, 37, 40, 41, 44, 49, 50, 51, 54, 57, 60, 63, 66, 69, 72, 75, 78, 81, 83, 84, 86, 88, 89, 91, 93, 94, 95, 104, 244, 259, 260, 274, 275, 278, 291, 293, 294, 295, 296, 301, 302, 303, 304, 305, 306, 307, 310, 311, 312, 313, 314, 315, 316, 317, 320, 321, 322, 323, 324, 325, 326, 327, 330, 337, 338, 340, 342, 345, 346, 347, 348, 349, 351, 354, 357, 365, 366, 367, 368, 369, 370, 371, 374, 382, 383, 384, 385, 387, 388, 389, 390, 391, 392, 393, 394, 395, 397, 400, 411, 412, 421, 431, 434, 436, 439, 440, 443, 444, 445, 447, 452, 475, 494, 503, 508, 509, 517], "summary": {"covered_lines": 105, "num_statements": 106, "percent_covered": 99.21875, "percent_covered_display": "99", "missing_lines": 1, "excluded_lines": 178, "num_branches": 22, "num_partial_branches": 0, "covered_branches": 22, "missing_branches": 0}, "missing_lines": [297], "excluded_lines": [298, 306, 317, 320, 321, 322, 323, 324, 325, 326, 327, 328, 329, 330, 331, 332, 333, 334, 335, 336, 337, 338, 349, 394, 452, 453, 454, 455, 456, 457, 458, 459, 460, 461, 462, 463, 464, 465, 466, 467, 468, 469, 470, 471, 472, 475, 476, 477, 478, 479, 480, 481, 482, 483, 484, 485, 486, 487, 488, 489, 490, 491, 494, 495, 496, 497, 498, 499, 500, 517, 518, 519, 520, 521, 522, 523, 524, 525, 526, 527, 528, 529, 530, 531, 532, 533, 534, 535, 536, 537, 538, 539, 540, 541, 542, 543, 544, 545, 546, 547, 548, 549, 550, 551, 552, 553, 554, 555, 556, 557, 558, 559, 560, 561, 562, 563, 564, 565, 566, 567, 568, 569, 570, 571, 572, 573, 574, 575, 576, 577, 578, 579, 580, 581, 582, 583, 584, 585, 586, 587, 588, 589, 590, 591, 592, 593, 594, 595, 596, 597, 598, 599, 600, 601, 602, 603, 604, 605, 606, 607, 608, 609, 610, 611, 612, 613, 614, 615, 616, 617, 618, 619, 620, 621, 622, 623, 624, 625], "executed_branches": [[294, -293], [294, 295], [301, 302], [301, 310], [302, 303], [302, 307], [345, 346], [345, 351], [365, 366], [365, 367], [368, 369], [368, 370], [384, 385], [384, 387], [389, 390], [389, 395], [390, 389], [390, 391], [439, 440], [439, 443], [444, 445], [444, 447]], "missing_branches": [], "functions": {"CatalogEntry.dir_name": {"executed_lines": [86], "summary": {"covered_lines": 1, "num_statements": 1, "percent_covered": 100.0, "percent_covered_display": "100", "missing_lines": 0, "excluded_lines": 0, "num_branches": 0, "num_partial_branches": 0, "covered_branches": 0, "missing_branches": 0}, "missing_lines": [], "excluded_lines": [], "executed_branches": [], "missing_branches": []}, "CatalogEntry.has_prebuilt": {"executed_lines": [91], "summary": {"covered_lines": 1, "num_statements": 1, "percent_covered": 100.0, "percent_covered_display": "100", "missing_lines": 0, "excluded_lines": 0, "num_branches": 0, "num_partial_branches": 0, "covered_branches": 0, "missing_branches": 0}, "missing_lines": [], "excluded_lines": [], "executed_branches": [], "missing_branches": []}, "CatalogEntry.__str__": {"executed_lines": [94, 95], "summary": {"covered_lines": 2, "num_statements": 2, "percent_covered": 100.0, "percent_covered_display": "100", "missing_lines": 0, "excluded_lines": 0, "num_branches": 0, "num_partial_branches": 0, "covered_branches": 0, "missing_branches": 0}, "missing_lines": [], "excluded_lines": [], "executed_branches": [], "missing_branches": []}, "_entry_from_dict": {"executed_lines": [260], "summary": {"covered_lines": 1, "num_statements": 1, "percent_covered": 100.0, "percent_covered_display": "100", "missing_lines": 0, "excluded_lines": 0, "num_branches": 0, "num_partial_branches": 0, "covered_branches": 0, "missing_branches": 0}, "missing_lines": [], "excluded_lines": [], "executed_branches": [], "missing_branches": []}, "_bundled_catalog": {"executed_lines": [275], "summary": {"covered_lines": 1, "num_statements": 1, "percent_covered": 100.0, "percent_covered_display": "100", "missing_lines": 0, "excluded_lines": 0, "num_branches": 0, "num_partial_branches": 0, "covered_branches": 0, "missing_branches": 0}, "missing_lines": [], "excluded_lines": [], "executed_branches": [], "missing_branches": []}, "_try_refresh_catalog": {"executed_lines": [291, 293, 301, 302, 303, 304, 305, 306, 307, 310, 311, 312, 313, 314, 315, 316, 317, 320, 340, 342, 345, 346, 347, 348, 349, 351], "summary": {"covered_lines": 22, "num_statements": 22, "percent_covered": 100.0, "percent_covered_display": "100", "missing_lines": 0, "excluded_lines": 4, "num_branches": 6, "num_partial_branches": 0, "covered_branches": 6, "missing_branches": 0}, "missing_lines": [], "excluded_lines": [306, 317, 320, 349], "executed_branches": [[301, 302], [301, 310], [302, 303], [302, 307], [345, 346], [345, 351]], "missing_branches": []}, "_try_refresh_catalog._merge": {"executed_lines": [294, 295, 296], "summary": {"covered_lines": 3, "num_statements": 4, "percent_covered": 83.33333333333333, "percent_covered_display": "83", "missing_lines": 1, "excluded_lines": 1, "num_branches": 2, "num_partial_branches": 0, "covered_branches": 2, "missing_branches": 0}, "missing_lines": [297], "excluded_lines": [298], "executed_branches": [[294, -293], [294, 295]], "missing_branches": []}, "_try_refresh_catalog._background_fetch": {"executed_lines": [321, 322, 323, 324, 325, 326, 327, 330, 337, 338], "summary": {"covered_lines": 0, "num_statements": 0, "percent_covered": 100.0, "percent_covered_display": "100", "missing_lines": 0, "excluded_lines": 18, "num_branches": 0, "num_partial_branches": 0, "covered_branches": 0, "missing_branches": 0}, "missing_lines": [], "excluded_lines": [321, 322, 323, 324, 325, 326, 327, 328, 329, 330, 331, 332, 333, 334, 335, 336, 337, 338], "executed_branches": [], "missing_branches": []}, "load_catalog": {"executed_lines": [365, 366, 367, 368, 369, 370, 371], "summary": {"covered_lines": 7, "num_statements": 7, "percent_covered": 100.0, "percent_covered_display": "100", "missing_lines": 0, "excluded_lines": 0, "num_branches": 4, "num_partial_branches": 0, "covered_branches": 4, "missing_branches": 0}, "missing_lines": [], "excluded_lines": [], "executed_branches": [[365, 366], [365, 367], [368, 369], [368, 370]], "missing_branches": []}, "list_catalog": {"executed_lines": [382, 383, 384, 385, 387, 397], "summary": {"covered_lines": 6, "num_statements": 6, "percent_covered": 100.0, "percent_covered_display": "100", "missing_lines": 0, "excluded_lines": 0, "num_branches": 2, "num_partial_branches": 0, "covered_branches": 2, "missing_branches": 0}, "missing_lines": [], "excluded_lines": [], "executed_branches": [[384, 385], [384, 387]], "missing_branches": []}, "list_catalog._sort_key": {"executed_lines": [388, 389, 390, 391, 392, 393, 394, 395], "summary": {"covered_lines": 7, "num_statements": 7, "percent_covered": 100.0, "percent_covered_display": "100", "missing_lines": 0, "excluded_lines": 1, "num_branches": 4, "num_partial_branches": 0, "covered_branches": 4, "missing_branches": 0}, "missing_lines": [], "excluded_lines": [394], "executed_branches": [[389, 390], [389, 395], [390, 389], [390, 391]], "missing_branches": []}, "search": {"executed_lines": [411, 412], "summary": {"covered_lines": 2, "num_statements": 2, "percent_covered": 100.0, "percent_covered_display": "100", "missing_lines": 0, "excluded_lines": 0, "num_branches": 0, "num_partial_branches": 0, "covered_branches": 0, "missing_branches": 0}, "missing_lines": [], "excluded_lines": [], "executed_branches": [], "missing_branches": []}, "resolve": {"executed_lines": [431, 434, 436, 439, 440, 443, 444, 445, 447], "summary": {"covered_lines": 9, "num_statements": 9, "percent_covered": 100.0, "percent_covered_display": "100", "missing_lines": 0, "excluded_lines": 0, "num_branches": 4, "num_partial_branches": 0, "covered_branches": 4, "missing_branches": 0}, "missing_lines": [], "excluded_lines": [], "executed_branches": [[439, 440], [439, 443], [444, 445], [444, 447]], "missing_branches": []}, "_hf_download": {"executed_lines": [], "summary": {"covered_lines": 0, "num_statements": 0, "percent_covered": 100.0, "percent_covered_display": "100", "missing_lines": 0, "excluded_lines": 20, "num_branches": 0, "num_partial_branches": 0, "covered_branches": 0, "missing_branches": 0}, "missing_lines": [], "excluded_lines": [453, 454, 455, 456, 457, 458, 459, 460, 461, 462, 463, 464, 465, 466, 467, 468, 469, 470, 471, 472], "executed_branches": [], "missing_branches": []}, "_hf_file_download": {"executed_lines": [], "summary": {"covered_lines": 0, "num_statements": 0, "percent_covered": 100.0, "percent_covered_display": "100", "missing_lines": 0, "excluded_lines": 15, "num_branches": 0, "num_partial_branches": 0, "covered_branches": 0, "missing_branches": 0}, "missing_lines": [], "excluded_lines": [477, 478, 479, 480, 481, 482, 483, 484, 485, 486, 487, 488, 489, 490, 491], "executed_branches": [], "missing_branches": []}, "_hf_list_files": {"executed_lines": [], "summary": {"covered_lines": 0, "num_statements": 0, "percent_covered": 100.0, "percent_covered_display": "100", "missing_lines": 0, "excluded_lines": 6, "num_branches": 0, "num_partial_branches": 0, "covered_branches": 0, "missing_branches": 0}, "missing_lines": [], "excluded_lines": [495, 496, 497, 498, 499, 500], "executed_branches": [], "missing_branches": []}, "_has_squish_weights": {"executed_lines": [508, 509], "summary": {"covered_lines": 2, "num_statements": 2, "percent_covered": 100.0, "percent_covered_display": "100", "missing_lines": 0, "excluded_lines": 0, "num_branches": 0, "num_partial_branches": 0, "covered_branches": 0, "missing_branches": 0}, "missing_lines": [], "excluded_lines": [], "executed_branches": [], "missing_branches": []}, "pull": {"executed_lines": [], "summary": {"covered_lines": 0, "num_statements": 0, "percent_covered": 100.0, "percent_covered_display": "100", "missing_lines": 0, "excluded_lines": 101, "num_branches": 0, "num_partial_branches": 0, "covered_branches": 0, "missing_branches": 0}, "missing_lines": [], "excluded_lines": [525, 526, 527, 528, 529, 530, 531, 532, 533, 534, 535, 536, 537, 538, 539, 540, 541, 542, 543, 544, 545, 546, 547, 548, 549, 550, 551, 552, 553, 554, 555, 556, 557, 558, 559, 560, 561, 562, 563, 564, 565, 566, 567, 568, 569, 570, 571, 572, 573, 574, 575, 576, 577, 578, 579, 580, 581, 582, 583, 584, 585, 586, 587, 588, 589, 590, 591, 592, 593, 594, 595, 596, 597, 598, 599, 600, 601, 602, 603, 604, 605, 606, 607, 608, 609, 610, 611, 612, 613, 614, 615, 616, 617, 618, 619, 620, 621, 622, 623, 624, 625], "executed_branches": [], "missing_branches": []}, "": {"executed_lines": [1, 24, 26, 27, 28, 29, 30, 31, 32, 33, 37, 40, 41, 44, 49, 50, 51, 54, 57, 60, 63, 66, 69, 72, 75, 78, 81, 83, 84, 88, 89, 93, 104, 244, 259, 274, 278, 354, 357, 374, 400, 421, 452, 475, 494, 503, 517], "summary": {"covered_lines": 41, "num_statements": 41, "percent_covered": 100.0, "percent_covered_display": "100", "missing_lines": 0, "excluded_lines": 12, "num_branches": 0, "num_partial_branches": 0, "covered_branches": 0, "missing_branches": 0}, "missing_lines": [], "excluded_lines": [452, 475, 476, 494, 517, 518, 519, 520, 521, 522, 523, 524], "executed_branches": [], "missing_branches": []}}, "classes": {"CatalogEntry": {"executed_lines": [86, 91, 94, 95], "summary": {"covered_lines": 4, "num_statements": 4, "percent_covered": 100.0, "percent_covered_display": "100", "missing_lines": 0, "excluded_lines": 0, "num_branches": 0, "num_partial_branches": 0, "covered_branches": 0, "missing_branches": 0}, "missing_lines": [], "excluded_lines": [], "executed_branches": [], "missing_branches": []}, "": {"executed_lines": [1, 24, 26, 27, 28, 29, 30, 31, 32, 33, 37, 40, 41, 44, 49, 50, 51, 54, 57, 60, 63, 66, 69, 72, 75, 78, 81, 83, 84, 88, 89, 93, 104, 244, 259, 260, 274, 275, 278, 291, 293, 294, 295, 296, 301, 302, 303, 304, 305, 306, 307, 310, 311, 312, 313, 314, 315, 316, 317, 320, 321, 322, 323, 324, 325, 326, 327, 330, 337, 338, 340, 342, 345, 346, 347, 348, 349, 351, 354, 357, 365, 366, 367, 368, 369, 370, 371, 374, 382, 383, 384, 385, 387, 388, 389, 390, 391, 392, 393, 394, 395, 397, 400, 411, 412, 421, 431, 434, 436, 439, 440, 443, 444, 445, 447, 452, 475, 494, 503, 508, 509, 517], "summary": {"covered_lines": 101, "num_statements": 102, "percent_covered": 99.19354838709677, "percent_covered_display": "99", "missing_lines": 1, "excluded_lines": 178, "num_branches": 22, "num_partial_branches": 0, "covered_branches": 22, "missing_branches": 0}, "missing_lines": [297], "excluded_lines": [298, 306, 317, 320, 321, 322, 323, 324, 325, 326, 327, 328, 329, 330, 331, 332, 333, 334, 335, 336, 337, 338, 349, 394, 452, 453, 454, 455, 456, 457, 458, 459, 460, 461, 462, 463, 464, 465, 466, 467, 468, 469, 470, 471, 472, 475, 476, 477, 478, 479, 480, 481, 482, 483, 484, 485, 486, 487, 488, 489, 490, 491, 494, 495, 496, 497, 498, 499, 500, 517, 518, 519, 520, 521, 522, 523, 524, 525, 526, 527, 528, 529, 530, 531, 532, 533, 534, 535, 536, 537, 538, 539, 540, 541, 542, 543, 544, 545, 546, 547, 548, 549, 550, 551, 552, 553, 554, 555, 556, 557, 558, 559, 560, 561, 562, 563, 564, 565, 566, 567, 568, 569, 570, 571, 572, 573, 574, 575, 576, 577, 578, 579, 580, 581, 582, 583, 584, 585, 586, 587, 588, 589, 590, 591, 592, 593, 594, 595, 596, 597, 598, 599, 600, 601, 602, 603, 604, 605, 606, 607, 608, 609, 610, 611, 612, 613, 614, 615, 616, 617, 618, 619, 620, 621, 622, 623, 624, 625], "executed_branches": [[294, -293], [294, 295], [301, 302], [301, 310], [302, 303], [302, 307], [345, 346], [345, 351], [365, 366], [365, 367], [368, 369], [368, 370], [384, 385], [384, 387], [389, 390], [389, 395], [390, 389], [390, 391], [439, 440], [439, 443], [444, 445], [444, 447]], "missing_branches": []}}}, "squish/cli.py": {"executed_lines": [2, 42, 43, 44, 45, 46, 48, 50, 51, 52, 53, 54, 55, 56, 57, 59, 60, 63, 66, 69, 77, 78, 79, 80, 95, 99, 140, 143, 146, 197, 198, 199, 202, 204, 205, 206, 207, 208, 213, 215, 216, 217, 218, 219, 220, 222, 223, 224, 225, 226, 227, 228, 229, 231, 232, 233, 234, 235, 236, 238, 239, 240, 241, 242, 245, 246, 247, 248, 249, 251, 252, 253, 254, 255, 256, 261, 348, 350, 352, 354, 355, 356, 358, 359, 360, 361, 362, 363, 364, 365, 366, 367, 368, 369, 370, 371, 376, 443, 511, 667, 815, 817, 818, 820, 821, 822, 824, 826, 828, 829, 830, 836, 840, 842, 843, 844, 845, 850, 851, 852, 859, 860, 861, 862, 869, 870, 871, 878, 879, 880, 887, 888, 889, 896, 897, 898, 904, 905, 907, 912, 913, 914, 915, 916, 917, 923, 924, 925, 926, 932, 933, 934, 935, 936, 937, 946, 947, 948, 949, 950, 954, 956, 957, 958, 963, 1069, 1186, 1257, 1259, 1262, 1267, 1268, 1269, 1270, 1272, 1273, 1278, 1281, 1282, 1283, 1285, 1286, 1287, 1288, 1294, 1295, 1296, 1298, 1299, 1300, 1302, 1303, 1304, 1307, 1308, 1345, 1347, 1354, 1355, 1356, 1357, 1359, 1360, 1362, 1364, 1365, 1366, 1370, 1373, 1374, 1375, 1376, 1378, 1379, 1380, 1381, 1382, 1383, 1387, 1390, 1391, 1392, 1393, 1394, 1395, 1397, 1399, 1400, 1401, 1404, 1407, 1408, 1411, 1412, 1415, 1416, 1417, 1418, 1419, 1420, 1422, 1425, 1427, 1430, 1431, 1434, 1435, 1439, 1440, 1441, 1442, 1443, 1446, 1447, 1448, 1450, 1452, 1453, 1456, 1460, 1464, 1466, 1467, 1470, 1484, 1485, 1487, 1489, 1491, 1493, 1494, 1497, 1498, 1500, 1502, 1504, 1505, 1506, 1508, 1510, 1512, 1514, 1516, 1517, 1518, 1520, 1522, 1523, 1524, 1529], "summary": {"covered_lines": 269, "num_statements": 270, "percent_covered": 99.65986394557824, "percent_covered_display": "99", "missing_lines": 1, "excluded_lines": 893, "num_branches": 24, "num_partial_branches": 0, "covered_branches": 24, "missing_branches": 0}, "missing_lines": [960], "excluded_lines": [39, 46, 47, 70, 71, 82, 83, 84, 86, 87, 88, 90, 91, 92, 93, 146, 147, 148, 149, 150, 151, 152, 153, 154, 155, 156, 157, 158, 159, 160, 161, 162, 163, 164, 165, 166, 167, 168, 169, 170, 171, 172, 173, 174, 175, 176, 177, 178, 179, 180, 181, 182, 183, 184, 185, 186, 187, 188, 189, 190, 191, 192, 193, 194, 261, 262, 263, 264, 265, 266, 267, 268, 269, 270, 271, 272, 273, 274, 275, 276, 277, 278, 279, 280, 281, 282, 283, 284, 285, 286, 287, 288, 289, 290, 291, 292, 293, 294, 295, 296, 297, 298, 299, 300, 301, 302, 303, 304, 305, 306, 307, 308, 309, 310, 311, 312, 313, 314, 315, 316, 317, 318, 319, 320, 321, 322, 323, 324, 325, 326, 327, 328, 329, 330, 331, 332, 333, 334, 335, 336, 337, 338, 339, 340, 341, 342, 343, 376, 377, 378, 379, 380, 381, 382, 383, 384, 385, 386, 387, 388, 389, 390, 391, 392, 393, 394, 395, 396, 397, 398, 399, 400, 401, 402, 403, 404, 405, 406, 407, 408, 409, 410, 411, 412, 413, 414, 415, 416, 417, 418, 419, 420, 421, 422, 423, 424, 425, 426, 427, 428, 429, 430, 431, 432, 433, 434, 435, 436, 437, 438, 443, 444, 445, 446, 447, 448, 449, 450, 451, 452, 453, 454, 455, 456, 457, 458, 459, 460, 461, 462, 463, 464, 465, 466, 467, 468, 469, 470, 471, 472, 473, 474, 475, 476, 477, 478, 479, 480, 481, 482, 483, 484, 485, 486, 487, 488, 489, 490, 491, 492, 493, 494, 495, 496, 497, 498, 499, 500, 501, 502, 503, 504, 505, 506, 511, 512, 513, 514, 515, 516, 517, 518, 519, 520, 521, 522, 523, 524, 525, 526, 527, 528, 529, 530, 531, 532, 533, 534, 535, 536, 537, 538, 539, 540, 541, 542, 543, 544, 545, 546, 547, 548, 549, 550, 551, 552, 553, 554, 555, 556, 557, 558, 559, 560, 561, 562, 563, 564, 565, 566, 567, 568, 569, 570, 571, 572, 573, 574, 575, 576, 577, 578, 579, 580, 581, 582, 583, 584, 585, 586, 587, 588, 589, 590, 591, 592, 593, 594, 595, 596, 597, 598, 599, 600, 601, 602, 603, 604, 605, 606, 607, 608, 609, 610, 611, 612, 613, 614, 615, 616, 617, 618, 619, 620, 621, 622, 623, 624, 625, 626, 627, 628, 629, 630, 631, 632, 633, 634, 635, 636, 637, 638, 639, 640, 641, 642, 643, 644, 645, 646, 647, 648, 649, 650, 651, 652, 653, 654, 655, 656, 657, 658, 659, 660, 661, 662, 667, 668, 669, 670, 671, 672, 673, 674, 675, 676, 677, 678, 679, 680, 681, 682, 683, 684, 685, 686, 687, 688, 689, 690, 691, 692, 693, 694, 695, 696, 697, 698, 699, 700, 701, 702, 703, 704, 705, 706, 707, 708, 709, 710, 711, 712, 713, 714, 715, 716, 717, 718, 719, 720, 721, 722, 723, 724, 725, 726, 727, 728, 729, 730, 731, 732, 733, 734, 735, 736, 737, 738, 739, 740, 741, 742, 743, 744, 745, 746, 747, 748, 749, 750, 751, 752, 753, 754, 755, 756, 757, 758, 759, 760, 761, 762, 763, 764, 765, 766, 767, 768, 769, 770, 771, 772, 773, 774, 775, 776, 777, 778, 779, 780, 781, 782, 783, 784, 785, 786, 787, 788, 789, 790, 791, 792, 793, 794, 795, 796, 797, 798, 799, 800, 801, 802, 803, 804, 805, 806, 807, 808, 809, 810, 826, 827, 828, 829, 830, 831, 832, 833, 846, 847, 855, 856, 865, 866, 874, 875, 883, 884, 892, 893, 899, 900, 919, 920, 927, 928, 942, 943, 950, 951, 952, 958, 963, 964, 965, 966, 967, 968, 969, 970, 971, 972, 973, 974, 975, 976, 977, 978, 979, 980, 981, 982, 983, 984, 985, 986, 987, 988, 989, 990, 991, 992, 993, 994, 995, 996, 997, 998, 999, 1000, 1001, 1002, 1003, 1004, 1005, 1006, 1007, 1008, 1009, 1010, 1011, 1012, 1013, 1014, 1015, 1016, 1017, 1018, 1019, 1020, 1021, 1022, 1023, 1024, 1025, 1026, 1027, 1028, 1029, 1030, 1031, 1032, 1033, 1034, 1035, 1036, 1037, 1038, 1039, 1040, 1041, 1042, 1043, 1044, 1045, 1046, 1047, 1048, 1049, 1050, 1051, 1052, 1053, 1054, 1055, 1056, 1057, 1058, 1059, 1060, 1061, 1062, 1063, 1064, 1065, 1066, 1069, 1070, 1071, 1072, 1073, 1074, 1075, 1076, 1077, 1078, 1079, 1080, 1081, 1082, 1083, 1084, 1085, 1086, 1087, 1088, 1089, 1090, 1091, 1092, 1093, 1094, 1095, 1096, 1097, 1098, 1099, 1100, 1101, 1102, 1103, 1104, 1105, 1106, 1107, 1108, 1109, 1110, 1111, 1112, 1113, 1114, 1115, 1116, 1117, 1118, 1119, 1120, 1121, 1122, 1123, 1124, 1125, 1126, 1127, 1128, 1129, 1130, 1131, 1132, 1133, 1134, 1135, 1136, 1137, 1138, 1139, 1140, 1141, 1142, 1143, 1144, 1145, 1146, 1147, 1148, 1149, 1150, 1151, 1152, 1153, 1154, 1155, 1156, 1157, 1158, 1159, 1160, 1161, 1162, 1163, 1164, 1165, 1166, 1167, 1168, 1169, 1170, 1171, 1172, 1173, 1174, 1175, 1176, 1177, 1178, 1179, 1180, 1181, 1186, 1187, 1188, 1189, 1190, 1191, 1192, 1193, 1194, 1195, 1196, 1197, 1198, 1199, 1200, 1201, 1202, 1203, 1204, 1205, 1206, 1207, 1208, 1209, 1210, 1211, 1212, 1213, 1214, 1215, 1216, 1217, 1218, 1219, 1220, 1221, 1222, 1223, 1224, 1225, 1226, 1227, 1228, 1229, 1230, 1231, 1232, 1233, 1234, 1235, 1236, 1237, 1238, 1239, 1240, 1241, 1242, 1243, 1244, 1245, 1246, 1247, 1248, 1249, 1250, 1251, 1252, 1259, 1260, 1450, 1514, 1526, 1529, 1530], "executed_branches": [[206, 207], [206, 208], [218, 219], [218, 222], [223, 224], [223, 238], [224, 225], [224, 226], [226, 227], [226, 228], [238, 239], [238, 245], [248, 249], [248, 251], [354, 355], [354, 358], [365, 366], [365, 369], [1267, 1268], [1267, 1272], [1285, 1286], [1285, 1294], [1298, 1299], [1298, 1302]], "missing_branches": [], "functions": {"_resolve_models_dir": {"executed_lines": [78, 79, 80], "summary": {"covered_lines": 3, "num_statements": 3, "percent_covered": 100.0, "percent_covered_display": "100", "missing_lines": 0, "excluded_lines": 10, "num_branches": 0, "num_partial_branches": 0, "covered_branches": 0, "missing_branches": 0}, "missing_lines": [], "excluded_lines": [82, 83, 84, 86, 87, 88, 90, 91, 92, 93], "executed_branches": [], "missing_branches": []}, "_resolve_model": {"executed_lines": [], "summary": {"covered_lines": 0, "num_statements": 0, "percent_covered": 100.0, "percent_covered_display": "100", "missing_lines": 0, "excluded_lines": 48, "num_branches": 0, "num_partial_branches": 0, "covered_branches": 0, "missing_branches": 0}, "missing_lines": [], "excluded_lines": [147, 148, 149, 150, 151, 152, 153, 154, 155, 156, 157, 158, 159, 160, 161, 162, 163, 164, 165, 166, 167, 168, 169, 170, 171, 172, 173, 174, 175, 176, 177, 178, 179, 180, 181, 182, 183, 184, 185, 186, 187, 188, 189, 190, 191, 192, 193, 194], "executed_branches": [], "missing_branches": []}, "_die": {"executed_lines": [198, 199], "summary": {"covered_lines": 2, "num_statements": 2, "percent_covered": 100.0, "percent_covered_display": "100", "missing_lines": 0, "excluded_lines": 0, "num_branches": 0, "num_partial_branches": 0, "covered_branches": 0, "missing_branches": 0}, "missing_lines": [], "excluded_lines": [], "executed_branches": [], "missing_branches": []}, "_box": {"executed_lines": [204, 205, 206, 207, 208], "summary": {"covered_lines": 5, "num_statements": 5, "percent_covered": 100.0, "percent_covered_display": "100", "missing_lines": 0, "excluded_lines": 0, "num_branches": 2, "num_partial_branches": 0, "covered_branches": 2, "missing_branches": 0}, "missing_lines": [], "excluded_lines": [], "executed_branches": [[206, 207], [206, 208]], "missing_branches": []}, "cmd_models": {"executed_lines": [215, 216, 217, 218, 219, 220, 222, 223, 224, 225, 226, 227, 228, 229, 231, 232, 233, 234, 235, 236, 238, 239, 240, 241, 242, 245, 246, 247, 248, 249, 251, 252, 253, 254, 255, 256], "summary": {"covered_lines": 36, "num_statements": 36, "percent_covered": 100.0, "percent_covered_display": "100", "missing_lines": 0, "excluded_lines": 0, "num_branches": 12, "num_partial_branches": 0, "covered_branches": 12, "missing_branches": 0}, "missing_lines": [], "excluded_lines": [], "executed_branches": [[218, 219], [218, 222], [223, 224], [223, 238], [224, 225], [224, 226], [226, 227], [226, 228], [238, 239], [238, 245], [248, 249], [248, 251]], "missing_branches": []}, "cmd_rm": {"executed_lines": [], "summary": {"covered_lines": 0, "num_statements": 0, "percent_covered": 100.0, "percent_covered_display": "100", "missing_lines": 0, "excluded_lines": 82, "num_branches": 0, "num_partial_branches": 0, "covered_branches": 0, "missing_branches": 0}, "missing_lines": [], "excluded_lines": [262, 263, 264, 265, 266, 267, 268, 269, 270, 271, 272, 273, 274, 275, 276, 277, 278, 279, 280, 281, 282, 283, 284, 285, 286, 287, 288, 289, 290, 291, 292, 293, 294, 295, 296, 297, 298, 299, 300, 301, 302, 303, 304, 305, 306, 307, 308, 309, 310, 311, 312, 313, 314, 315, 316, 317, 318, 319, 320, 321, 322, 323, 324, 325, 326, 327, 328, 329, 330, 331, 332, 333, 334, 335, 336, 337, 338, 339, 340, 341, 342, 343], "executed_branches": [], "missing_branches": []}, "cmd_search": {"executed_lines": [350, 352, 354, 355, 356, 358, 359, 360, 361, 362, 363, 364, 365, 366, 367, 368, 369, 370, 371], "summary": {"covered_lines": 19, "num_statements": 19, "percent_covered": 100.0, "percent_covered_display": "100", "missing_lines": 0, "excluded_lines": 0, "num_branches": 4, "num_partial_branches": 0, "covered_branches": 4, "missing_branches": 0}, "missing_lines": [], "excluded_lines": [], "executed_branches": [[354, 355], [354, 358], [365, 366], [365, 369]], "missing_branches": []}, "cmd_info": {"executed_lines": [], "summary": {"covered_lines": 0, "num_statements": 0, "percent_covered": 100.0, "percent_covered_display": "100", "missing_lines": 0, "excluded_lines": 62, "num_branches": 0, "num_partial_branches": 0, "covered_branches": 0, "missing_branches": 0}, "missing_lines": [], "excluded_lines": [377, 378, 379, 380, 381, 382, 383, 384, 385, 386, 387, 388, 389, 390, 391, 392, 393, 394, 395, 396, 397, 398, 399, 400, 401, 402, 403, 404, 405, 406, 407, 408, 409, 410, 411, 412, 413, 414, 415, 416, 417, 418, 419, 420, 421, 422, 423, 424, 425, 426, 427, 428, 429, 430, 431, 432, 433, 434, 435, 436, 437, 438], "executed_branches": [], "missing_branches": []}, "cmd_run": {"executed_lines": [], "summary": {"covered_lines": 0, "num_statements": 0, "percent_covered": 100.0, "percent_covered_display": "100", "missing_lines": 0, "excluded_lines": 63, "num_branches": 0, "num_partial_branches": 0, "covered_branches": 0, "missing_branches": 0}, "missing_lines": [], "excluded_lines": [444, 445, 446, 447, 448, 449, 450, 451, 452, 453, 454, 455, 456, 457, 458, 459, 460, 461, 462, 463, 464, 465, 466, 467, 468, 469, 470, 471, 472, 473, 474, 475, 476, 477, 478, 479, 480, 481, 482, 483, 484, 485, 486, 487, 488, 489, 490, 491, 492, 493, 494, 495, 496, 497, 498, 499, 500, 501, 502, 503, 504, 505, 506], "executed_branches": [], "missing_branches": []}, "cmd_chat": {"executed_lines": [], "summary": {"covered_lines": 0, "num_statements": 0, "percent_covered": 100.0, "percent_covered_display": "100", "missing_lines": 0, "excluded_lines": 105, "num_branches": 0, "num_partial_branches": 0, "covered_branches": 0, "missing_branches": 0}, "missing_lines": [], "excluded_lines": [512, 513, 514, 515, 516, 517, 518, 519, 520, 521, 522, 523, 524, 525, 526, 527, 528, 529, 530, 539, 540, 541, 542, 543, 544, 545, 546, 547, 548, 549, 550, 551, 552, 553, 554, 555, 556, 557, 558, 559, 560, 561, 562, 563, 564, 565, 566, 567, 568, 569, 570, 571, 572, 573, 574, 575, 576, 577, 578, 579, 580, 619, 620, 621, 622, 623, 624, 625, 626, 627, 628, 629, 630, 631, 632, 633, 634, 635, 636, 637, 638, 639, 640, 641, 642, 643, 644, 645, 646, 647, 648, 649, 650, 651, 652, 653, 654, 655, 656, 657, 658, 659, 660, 661, 662], "executed_branches": [], "missing_branches": []}, "cmd_chat._server_up": {"executed_lines": [], "summary": {"covered_lines": 0, "num_statements": 0, "percent_covered": 100.0, "percent_covered_display": "100", "missing_lines": 0, "excluded_lines": 8, "num_branches": 0, "num_partial_branches": 0, "covered_branches": 0, "missing_branches": 0}, "missing_lines": [], "excluded_lines": [531, 532, 533, 534, 535, 536, 537, 538], "executed_branches": [], "missing_branches": []}, "cmd_chat._stream_chat": {"executed_lines": [], "summary": {"covered_lines": 0, "num_statements": 0, "percent_covered": 100.0, "percent_covered_display": "100", "missing_lines": 0, "excluded_lines": 38, "num_branches": 0, "num_partial_branches": 0, "covered_branches": 0, "missing_branches": 0}, "missing_lines": [], "excluded_lines": [581, 582, 583, 584, 585, 586, 587, 588, 589, 590, 591, 592, 593, 594, 595, 596, 597, 598, 599, 600, 601, 602, 603, 604, 605, 606, 607, 608, 609, 610, 611, 612, 613, 614, 615, 616, 617, 618], "executed_branches": [], "missing_branches": []}, "cmd_bench": {"executed_lines": [], "summary": {"covered_lines": 0, "num_statements": 0, "percent_covered": 100.0, "percent_covered_display": "100", "missing_lines": 0, "excluded_lines": 143, "num_branches": 0, "num_partial_branches": 0, "covered_branches": 0, "missing_branches": 0}, "missing_lines": [], "excluded_lines": [668, 669, 670, 671, 672, 673, 674, 675, 676, 677, 678, 679, 680, 681, 682, 683, 684, 685, 686, 687, 688, 689, 690, 691, 692, 693, 694, 695, 696, 697, 698, 699, 700, 701, 702, 703, 704, 705, 706, 707, 708, 709, 710, 711, 712, 713, 714, 715, 716, 717, 718, 719, 720, 721, 722, 723, 724, 725, 726, 727, 728, 729, 730, 731, 732, 733, 734, 735, 736, 737, 738, 739, 740, 741, 742, 743, 744, 745, 746, 747, 748, 749, 750, 751, 752, 753, 754, 755, 756, 757, 758, 759, 760, 761, 762, 763, 764, 765, 766, 767, 768, 769, 770, 771, 772, 773, 774, 775, 776, 777, 778, 779, 780, 781, 782, 783, 784, 785, 786, 787, 788, 789, 790, 791, 792, 793, 794, 795, 796, 797, 798, 799, 800, 801, 802, 803, 804, 805, 806, 807, 808, 809, 810], "executed_branches": [], "missing_branches": []}, "cmd_doctor": {"executed_lines": [817, 818, 820, 821, 822, 824, 826, 836, 840, 850, 851, 852, 859, 860, 861, 862, 869, 870, 871, 878, 879, 880, 887, 888, 889, 896, 897, 898, 904, 905, 907, 912, 913, 914, 915, 916, 917, 923, 924, 925, 926, 932, 933, 934, 935, 936, 937, 946, 947, 948, 949, 950, 954, 956, 957, 958], "summary": {"covered_lines": 53, "num_statements": 54, "percent_covered": 98.14814814814815, "percent_covered_display": "98", "missing_lines": 1, "excluded_lines": 23, "num_branches": 0, "num_partial_branches": 0, "covered_branches": 0, "missing_branches": 0}, "missing_lines": [960], "excluded_lines": [826, 855, 856, 865, 866, 874, 875, 883, 884, 892, 893, 899, 900, 919, 920, 927, 928, 942, 943, 950, 951, 952, 958], "executed_branches": [], "missing_branches": []}, "cmd_doctor._check": {"executed_lines": [828, 829, 830], "summary": {"covered_lines": 0, "num_statements": 0, "percent_covered": 100.0, "percent_covered_display": "100", "missing_lines": 0, "excluded_lines": 7, "num_branches": 0, "num_partial_branches": 0, "covered_branches": 0, "missing_branches": 0}, "missing_lines": [], "excluded_lines": [827, 828, 829, 830, 831, 832, 833], "executed_branches": [], "missing_branches": []}, "cmd_doctor._ver_ok": {"executed_lines": [842, 843, 845], "summary": {"covered_lines": 3, "num_statements": 3, "percent_covered": 100.0, "percent_covered_display": "100", "missing_lines": 0, "excluded_lines": 2, "num_branches": 0, "num_partial_branches": 0, "covered_branches": 0, "missing_branches": 0}, "missing_lines": [], "excluded_lines": [846, 847], "executed_branches": [], "missing_branches": []}, "cmd_doctor._ver_ok._to_tuple": {"executed_lines": [844], "summary": {"covered_lines": 1, "num_statements": 1, "percent_covered": 100.0, "percent_covered_display": "100", "missing_lines": 0, "excluded_lines": 0, "num_branches": 0, "num_partial_branches": 0, "covered_branches": 0, "missing_branches": 0}, "missing_lines": [], "excluded_lines": [], "executed_branches": [], "missing_branches": []}, "cmd_daemon": {"executed_lines": [], "summary": {"covered_lines": 0, "num_statements": 0, "percent_covered": 100.0, "percent_covered_display": "100", "missing_lines": 0, "excluded_lines": 94, "num_branches": 0, "num_partial_branches": 0, "covered_branches": 0, "missing_branches": 0}, "missing_lines": [], "excluded_lines": [964, 965, 966, 967, 968, 969, 970, 971, 976, 977, 983, 984, 985, 986, 987, 988, 989, 990, 991, 992, 993, 994, 995, 996, 997, 998, 999, 1000, 1001, 1002, 1003, 1004, 1005, 1006, 1007, 1008, 1009, 1010, 1011, 1012, 1013, 1014, 1015, 1016, 1017, 1018, 1019, 1020, 1021, 1022, 1023, 1024, 1025, 1026, 1027, 1028, 1029, 1030, 1031, 1032, 1033, 1034, 1035, 1036, 1037, 1038, 1039, 1040, 1041, 1042, 1043, 1044, 1045, 1046, 1047, 1048, 1049, 1050, 1051, 1052, 1053, 1054, 1055, 1056, 1057, 1058, 1059, 1060, 1061, 1062, 1063, 1064, 1065, 1066], "executed_branches": [], "missing_branches": []}, "cmd_daemon._read_pid": {"executed_lines": [], "summary": {"covered_lines": 0, "num_statements": 0, "percent_covered": 100.0, "percent_covered_display": "100", "missing_lines": 0, "excluded_lines": 4, "num_branches": 0, "num_partial_branches": 0, "covered_branches": 0, "missing_branches": 0}, "missing_lines": [], "excluded_lines": [972, 973, 974, 975], "executed_branches": [], "missing_branches": []}, "cmd_daemon._is_running": {"executed_lines": [], "summary": {"covered_lines": 0, "num_statements": 0, "percent_covered": 100.0, "percent_covered_display": "100", "missing_lines": 0, "excluded_lines": 5, "num_branches": 0, "num_partial_branches": 0, "covered_branches": 0, "missing_branches": 0}, "missing_lines": [], "excluded_lines": [978, 979, 980, 981, 982], "executed_branches": [], "missing_branches": []}, "cmd_compress": {"executed_lines": [], "summary": {"covered_lines": 0, "num_statements": 0, "percent_covered": 100.0, "percent_covered_display": "100", "missing_lines": 0, "excluded_lines": 106, "num_branches": 0, "num_partial_branches": 0, "covered_branches": 0, "missing_branches": 0}, "missing_lines": [], "excluded_lines": [1070, 1071, 1072, 1073, 1074, 1075, 1076, 1077, 1078, 1079, 1080, 1081, 1082, 1083, 1084, 1085, 1086, 1087, 1088, 1089, 1090, 1091, 1092, 1093, 1094, 1095, 1096, 1097, 1098, 1099, 1100, 1101, 1102, 1103, 1104, 1105, 1106, 1107, 1108, 1109, 1110, 1111, 1112, 1113, 1114, 1115, 1116, 1117, 1118, 1119, 1120, 1121, 1122, 1123, 1124, 1125, 1126, 1127, 1128, 1129, 1130, 1131, 1132, 1133, 1134, 1135, 1136, 1137, 1138, 1139, 1140, 1141, 1142, 1143, 1144, 1145, 1146, 1153, 1154, 1155, 1156, 1157, 1158, 1159, 1160, 1161, 1162, 1163, 1164, 1165, 1166, 1167, 1168, 1169, 1170, 1171, 1172, 1173, 1174, 1175, 1176, 1177, 1178, 1179, 1180, 1181], "executed_branches": [], "missing_branches": []}, "cmd_compress._heartbeat": {"executed_lines": [], "summary": {"covered_lines": 0, "num_statements": 0, "percent_covered": 100.0, "percent_covered_display": "100", "missing_lines": 0, "excluded_lines": 6, "num_branches": 0, "num_partial_branches": 0, "covered_branches": 0, "missing_branches": 0}, "missing_lines": [], "excluded_lines": [1147, 1148, 1149, 1150, 1151, 1152], "executed_branches": [], "missing_branches": []}, "cmd_pull": {"executed_lines": [], "summary": {"covered_lines": 0, "num_statements": 0, "percent_covered": 100.0, "percent_covered_display": "100", "missing_lines": 0, "excluded_lines": 66, "num_branches": 0, "num_partial_branches": 0, "covered_branches": 0, "missing_branches": 0}, "missing_lines": [], "excluded_lines": [1187, 1188, 1189, 1190, 1191, 1192, 1193, 1194, 1195, 1196, 1197, 1198, 1199, 1200, 1201, 1202, 1203, 1204, 1205, 1206, 1207, 1208, 1209, 1210, 1211, 1212, 1213, 1214, 1215, 1216, 1217, 1218, 1219, 1220, 1221, 1222, 1223, 1224, 1225, 1226, 1227, 1228, 1229, 1230, 1231, 1232, 1233, 1234, 1235, 1236, 1237, 1238, 1239, 1240, 1241, 1242, 1243, 1244, 1245, 1246, 1247, 1248, 1249, 1250, 1251, 1252], "executed_branches": [], "missing_branches": []}, "cmd_catalog": {"executed_lines": [1259, 1262, 1267, 1268, 1269, 1270, 1272, 1273, 1278, 1281, 1282, 1283, 1285, 1286, 1287, 1288, 1294, 1295, 1296, 1298, 1299, 1300, 1302, 1303, 1304], "summary": {"covered_lines": 24, "num_statements": 24, "percent_covered": 100.0, "percent_covered_display": "100", "missing_lines": 0, "excluded_lines": 2, "num_branches": 6, "num_partial_branches": 0, "covered_branches": 6, "missing_branches": 0}, "missing_lines": [], "excluded_lines": [1259, 1260], "executed_branches": [[1267, 1268], [1267, 1272], [1285, 1286], [1285, 1294], [1298, 1299], [1298, 1302]], "missing_branches": []}, "main": {"executed_lines": [1308, 1345, 1347, 1354, 1355, 1356, 1357, 1359, 1360, 1362, 1364, 1365, 1366, 1370, 1373, 1374, 1375, 1376, 1378, 1379, 1380, 1381, 1382, 1383, 1387, 1390, 1391, 1392, 1393, 1394, 1395, 1397, 1399, 1400, 1401, 1404, 1407, 1408, 1411, 1412, 1415, 1416, 1417, 1418, 1419, 1420, 1422, 1425, 1427, 1430, 1431, 1434, 1435, 1439, 1440, 1441, 1442, 1443, 1446, 1447, 1448, 1450, 1452, 1453, 1456, 1460, 1464, 1466, 1467, 1470, 1484, 1485, 1487, 1489, 1491, 1493, 1494, 1497, 1498, 1500, 1502, 1504, 1505, 1506, 1508, 1510, 1512, 1514, 1516, 1517, 1518, 1520, 1522, 1523, 1524], "summary": {"covered_lines": 93, "num_statements": 93, "percent_covered": 100.0, "percent_covered_display": "100", "missing_lines": 0, "excluded_lines": 3, "num_branches": 0, "num_partial_branches": 0, "covered_branches": 0, "missing_branches": 0}, "missing_lines": [], "excluded_lines": [1450, 1514, 1526], "executed_branches": [], "missing_branches": []}, "": {"executed_lines": [2, 42, 43, 44, 45, 46, 48, 50, 51, 52, 53, 54, 55, 56, 57, 59, 60, 63, 66, 69, 77, 95, 99, 140, 143, 146, 197, 202, 213, 261, 348, 376, 443, 511, 667, 815, 963, 1069, 1186, 1257, 1307, 1529], "summary": {"covered_lines": 30, "num_statements": 30, "percent_covered": 100.0, "percent_covered_display": "100", "missing_lines": 0, "excluded_lines": 16, "num_branches": 0, "num_partial_branches": 0, "covered_branches": 0, "missing_branches": 0}, "missing_lines": [], "excluded_lines": [39, 46, 47, 70, 71, 146, 261, 376, 443, 511, 667, 963, 1069, 1186, 1529, 1530], "executed_branches": [], "missing_branches": []}}, "classes": {"": {"executed_lines": [2, 42, 43, 44, 45, 46, 48, 50, 51, 52, 53, 54, 55, 56, 57, 59, 60, 63, 66, 69, 77, 78, 79, 80, 95, 99, 140, 143, 146, 197, 198, 199, 202, 204, 205, 206, 207, 208, 213, 215, 216, 217, 218, 219, 220, 222, 223, 224, 225, 226, 227, 228, 229, 231, 232, 233, 234, 235, 236, 238, 239, 240, 241, 242, 245, 246, 247, 248, 249, 251, 252, 253, 254, 255, 256, 261, 348, 350, 352, 354, 355, 356, 358, 359, 360, 361, 362, 363, 364, 365, 366, 367, 368, 369, 370, 371, 376, 443, 511, 667, 815, 817, 818, 820, 821, 822, 824, 826, 828, 829, 830, 836, 840, 842, 843, 844, 845, 850, 851, 852, 859, 860, 861, 862, 869, 870, 871, 878, 879, 880, 887, 888, 889, 896, 897, 898, 904, 905, 907, 912, 913, 914, 915, 916, 917, 923, 924, 925, 926, 932, 933, 934, 935, 936, 937, 946, 947, 948, 949, 950, 954, 956, 957, 958, 963, 1069, 1186, 1257, 1259, 1262, 1267, 1268, 1269, 1270, 1272, 1273, 1278, 1281, 1282, 1283, 1285, 1286, 1287, 1288, 1294, 1295, 1296, 1298, 1299, 1300, 1302, 1303, 1304, 1307, 1308, 1345, 1347, 1354, 1355, 1356, 1357, 1359, 1360, 1362, 1364, 1365, 1366, 1370, 1373, 1374, 1375, 1376, 1378, 1379, 1380, 1381, 1382, 1383, 1387, 1390, 1391, 1392, 1393, 1394, 1395, 1397, 1399, 1400, 1401, 1404, 1407, 1408, 1411, 1412, 1415, 1416, 1417, 1418, 1419, 1420, 1422, 1425, 1427, 1430, 1431, 1434, 1435, 1439, 1440, 1441, 1442, 1443, 1446, 1447, 1448, 1450, 1452, 1453, 1456, 1460, 1464, 1466, 1467, 1470, 1484, 1485, 1487, 1489, 1491, 1493, 1494, 1497, 1498, 1500, 1502, 1504, 1505, 1506, 1508, 1510, 1512, 1514, 1516, 1517, 1518, 1520, 1522, 1523, 1524, 1529], "summary": {"covered_lines": 269, "num_statements": 270, "percent_covered": 99.65986394557824, "percent_covered_display": "99", "missing_lines": 1, "excluded_lines": 893, "num_branches": 24, "num_partial_branches": 0, "covered_branches": 24, "missing_branches": 0}, "missing_lines": [960], "excluded_lines": [39, 46, 47, 70, 71, 82, 83, 84, 86, 87, 88, 90, 91, 92, 93, 146, 147, 148, 149, 150, 151, 152, 153, 154, 155, 156, 157, 158, 159, 160, 161, 162, 163, 164, 165, 166, 167, 168, 169, 170, 171, 172, 173, 174, 175, 176, 177, 178, 179, 180, 181, 182, 183, 184, 185, 186, 187, 188, 189, 190, 191, 192, 193, 194, 261, 262, 263, 264, 265, 266, 267, 268, 269, 270, 271, 272, 273, 274, 275, 276, 277, 278, 279, 280, 281, 282, 283, 284, 285, 286, 287, 288, 289, 290, 291, 292, 293, 294, 295, 296, 297, 298, 299, 300, 301, 302, 303, 304, 305, 306, 307, 308, 309, 310, 311, 312, 313, 314, 315, 316, 317, 318, 319, 320, 321, 322, 323, 324, 325, 326, 327, 328, 329, 330, 331, 332, 333, 334, 335, 336, 337, 338, 339, 340, 341, 342, 343, 376, 377, 378, 379, 380, 381, 382, 383, 384, 385, 386, 387, 388, 389, 390, 391, 392, 393, 394, 395, 396, 397, 398, 399, 400, 401, 402, 403, 404, 405, 406, 407, 408, 409, 410, 411, 412, 413, 414, 415, 416, 417, 418, 419, 420, 421, 422, 423, 424, 425, 426, 427, 428, 429, 430, 431, 432, 433, 434, 435, 436, 437, 438, 443, 444, 445, 446, 447, 448, 449, 450, 451, 452, 453, 454, 455, 456, 457, 458, 459, 460, 461, 462, 463, 464, 465, 466, 467, 468, 469, 470, 471, 472, 473, 474, 475, 476, 477, 478, 479, 480, 481, 482, 483, 484, 485, 486, 487, 488, 489, 490, 491, 492, 493, 494, 495, 496, 497, 498, 499, 500, 501, 502, 503, 504, 505, 506, 511, 512, 513, 514, 515, 516, 517, 518, 519, 520, 521, 522, 523, 524, 525, 526, 527, 528, 529, 530, 531, 532, 533, 534, 535, 536, 537, 538, 539, 540, 541, 542, 543, 544, 545, 546, 547, 548, 549, 550, 551, 552, 553, 554, 555, 556, 557, 558, 559, 560, 561, 562, 563, 564, 565, 566, 567, 568, 569, 570, 571, 572, 573, 574, 575, 576, 577, 578, 579, 580, 581, 582, 583, 584, 585, 586, 587, 588, 589, 590, 591, 592, 593, 594, 595, 596, 597, 598, 599, 600, 601, 602, 603, 604, 605, 606, 607, 608, 609, 610, 611, 612, 613, 614, 615, 616, 617, 618, 619, 620, 621, 622, 623, 624, 625, 626, 627, 628, 629, 630, 631, 632, 633, 634, 635, 636, 637, 638, 639, 640, 641, 642, 643, 644, 645, 646, 647, 648, 649, 650, 651, 652, 653, 654, 655, 656, 657, 658, 659, 660, 661, 662, 667, 668, 669, 670, 671, 672, 673, 674, 675, 676, 677, 678, 679, 680, 681, 682, 683, 684, 685, 686, 687, 688, 689, 690, 691, 692, 693, 694, 695, 696, 697, 698, 699, 700, 701, 702, 703, 704, 705, 706, 707, 708, 709, 710, 711, 712, 713, 714, 715, 716, 717, 718, 719, 720, 721, 722, 723, 724, 725, 726, 727, 728, 729, 730, 731, 732, 733, 734, 735, 736, 737, 738, 739, 740, 741, 742, 743, 744, 745, 746, 747, 748, 749, 750, 751, 752, 753, 754, 755, 756, 757, 758, 759, 760, 761, 762, 763, 764, 765, 766, 767, 768, 769, 770, 771, 772, 773, 774, 775, 776, 777, 778, 779, 780, 781, 782, 783, 784, 785, 786, 787, 788, 789, 790, 791, 792, 793, 794, 795, 796, 797, 798, 799, 800, 801, 802, 803, 804, 805, 806, 807, 808, 809, 810, 826, 827, 828, 829, 830, 831, 832, 833, 846, 847, 855, 856, 865, 866, 874, 875, 883, 884, 892, 893, 899, 900, 919, 920, 927, 928, 942, 943, 950, 951, 952, 958, 963, 964, 965, 966, 967, 968, 969, 970, 971, 972, 973, 974, 975, 976, 977, 978, 979, 980, 981, 982, 983, 984, 985, 986, 987, 988, 989, 990, 991, 992, 993, 994, 995, 996, 997, 998, 999, 1000, 1001, 1002, 1003, 1004, 1005, 1006, 1007, 1008, 1009, 1010, 1011, 1012, 1013, 1014, 1015, 1016, 1017, 1018, 1019, 1020, 1021, 1022, 1023, 1024, 1025, 1026, 1027, 1028, 1029, 1030, 1031, 1032, 1033, 1034, 1035, 1036, 1037, 1038, 1039, 1040, 1041, 1042, 1043, 1044, 1045, 1046, 1047, 1048, 1049, 1050, 1051, 1052, 1053, 1054, 1055, 1056, 1057, 1058, 1059, 1060, 1061, 1062, 1063, 1064, 1065, 1066, 1069, 1070, 1071, 1072, 1073, 1074, 1075, 1076, 1077, 1078, 1079, 1080, 1081, 1082, 1083, 1084, 1085, 1086, 1087, 1088, 1089, 1090, 1091, 1092, 1093, 1094, 1095, 1096, 1097, 1098, 1099, 1100, 1101, 1102, 1103, 1104, 1105, 1106, 1107, 1108, 1109, 1110, 1111, 1112, 1113, 1114, 1115, 1116, 1117, 1118, 1119, 1120, 1121, 1122, 1123, 1124, 1125, 1126, 1127, 1128, 1129, 1130, 1131, 1132, 1133, 1134, 1135, 1136, 1137, 1138, 1139, 1140, 1141, 1142, 1143, 1144, 1145, 1146, 1147, 1148, 1149, 1150, 1151, 1152, 1153, 1154, 1155, 1156, 1157, 1158, 1159, 1160, 1161, 1162, 1163, 1164, 1165, 1166, 1167, 1168, 1169, 1170, 1171, 1172, 1173, 1174, 1175, 1176, 1177, 1178, 1179, 1180, 1181, 1186, 1187, 1188, 1189, 1190, 1191, 1192, 1193, 1194, 1195, 1196, 1197, 1198, 1199, 1200, 1201, 1202, 1203, 1204, 1205, 1206, 1207, 1208, 1209, 1210, 1211, 1212, 1213, 1214, 1215, 1216, 1217, 1218, 1219, 1220, 1221, 1222, 1223, 1224, 1225, 1226, 1227, 1228, 1229, 1230, 1231, 1232, 1233, 1234, 1235, 1236, 1237, 1238, 1239, 1240, 1241, 1242, 1243, 1244, 1245, 1246, 1247, 1248, 1249, 1250, 1251, 1252, 1259, 1260, 1450, 1514, 1526, 1529, 1530], "executed_branches": [[206, 207], [206, 208], [218, 219], [218, 222], [223, 224], [223, 238], [224, 225], [224, 226], [226, 227], [226, 228], [238, 239], [238, 245], [248, 249], [248, 251], [354, 355], [354, 358], [365, 366], [365, 369], [1267, 1268], [1267, 1272], [1285, 1286], [1285, 1294], [1298, 1299], [1298, 1302]], "missing_branches": []}}}, "squish/compressed_loader.py": {"executed_lines": [2, 25, 26, 27, 28, 29, 30, 31, 32, 34, 39, 40, 41, 45, 46, 51, 54, 57, 58, 59, 60, 63, 66, 78, 79, 80, 81, 95, 100, 103, 105, 107, 108, 112, 113, 116, 123, 124, 125, 126, 127, 131, 132, 134, 147, 149, 150, 151, 154, 155, 156, 157, 158, 161, 163, 164, 165, 166, 168, 176, 195, 203, 235, 237, 238, 239, 242, 247, 248, 249, 250, 251, 252, 253, 254, 257, 262, 264, 268, 269, 272, 275, 278, 279, 281, 287, 288, 295, 296, 297, 300, 342, 408, 469, 471, 474, 489, 492, 493, 494, 495, 497, 499, 500, 503, 529, 557, 563, 564, 565, 567, 572, 575, 576, 577, 587, 588, 591, 592, 593, 595, 596, 597, 598, 600, 602, 603, 604, 605, 607, 613, 614, 615, 620, 623, 626, 629, 631, 632, 634, 635, 636, 638, 639, 640, 643, 644, 645, 647, 656, 657, 658, 659, 661, 663, 674, 770, 791, 1132], "summary": {"covered_lines": 74, "num_statements": 75, "percent_covered": 97.8021978021978, "percent_covered_display": "98", "missing_lines": 1, "excluded_lines": 999, "num_branches": 16, "num_partial_branches": 1, "covered_branches": 15, "missing_branches": 1}, "missing_lines": [271], "excluded_lines": [2, 42, 43, 61, 62, 81, 82, 83, 84, 88, 89, 93, 94, 109, 147, 148, 149, 150, 151, 152, 153, 154, 155, 156, 157, 158, 159, 160, 161, 162, 163, 164, 165, 166, 195, 196, 197, 198, 199, 200, 203, 204, 205, 206, 207, 208, 209, 210, 211, 212, 213, 214, 215, 216, 217, 218, 219, 220, 221, 222, 223, 224, 225, 226, 227, 228, 300, 301, 302, 303, 304, 305, 306, 307, 308, 309, 310, 311, 312, 313, 314, 315, 316, 317, 318, 319, 320, 321, 322, 323, 324, 325, 326, 327, 328, 329, 330, 331, 332, 333, 334, 335, 336, 337, 338, 339, 342, 343, 344, 345, 346, 347, 348, 349, 350, 351, 352, 353, 354, 355, 356, 357, 358, 359, 360, 361, 362, 363, 364, 365, 366, 367, 368, 369, 370, 371, 372, 373, 374, 375, 376, 377, 378, 379, 380, 381, 382, 383, 384, 385, 386, 387, 388, 389, 390, 391, 392, 393, 394, 395, 396, 397, 398, 399, 400, 401, 402, 403, 404, 405, 408, 409, 410, 411, 412, 413, 414, 415, 416, 417, 418, 419, 420, 421, 422, 423, 424, 425, 426, 427, 428, 429, 430, 431, 432, 433, 434, 435, 436, 437, 438, 439, 440, 441, 442, 443, 444, 445, 446, 447, 448, 449, 450, 451, 452, 453, 454, 455, 456, 457, 458, 459, 460, 461, 462, 463, 464, 465, 466, 474, 475, 476, 477, 478, 479, 480, 481, 482, 483, 484, 485, 486, 487, 488, 489, 490, 491, 492, 493, 494, 495, 496, 497, 498, 499, 500, 501, 502, 503, 504, 505, 506, 507, 508, 509, 510, 511, 512, 513, 514, 515, 516, 517, 518, 519, 520, 521, 522, 523, 524, 525, 526, 529, 530, 531, 532, 533, 534, 535, 536, 537, 538, 539, 540, 541, 542, 543, 544, 545, 546, 547, 548, 549, 550, 551, 552, 553, 554, 555, 556, 557, 558, 559, 560, 561, 562, 563, 564, 565, 566, 567, 568, 569, 570, 571, 572, 573, 574, 575, 576, 577, 578, 579, 580, 581, 582, 583, 584, 585, 586, 587, 588, 589, 590, 591, 592, 593, 594, 595, 596, 597, 598, 599, 600, 601, 602, 603, 604, 605, 606, 607, 608, 609, 610, 611, 612, 613, 614, 615, 616, 617, 618, 619, 620, 621, 622, 623, 624, 625, 626, 627, 628, 629, 630, 631, 632, 633, 634, 635, 636, 637, 638, 639, 640, 641, 642, 643, 644, 645, 646, 647, 648, 649, 650, 651, 652, 653, 654, 655, 656, 657, 658, 659, 660, 661, 662, 663, 674, 675, 676, 677, 678, 679, 680, 681, 682, 683, 684, 685, 686, 687, 688, 689, 690, 691, 692, 693, 694, 695, 696, 697, 698, 699, 700, 701, 702, 703, 704, 705, 706, 707, 708, 709, 710, 711, 712, 713, 714, 715, 716, 717, 718, 719, 720, 721, 722, 723, 724, 725, 726, 727, 728, 729, 730, 731, 732, 733, 734, 735, 736, 737, 738, 739, 740, 741, 742, 743, 744, 745, 746, 747, 748, 749, 750, 751, 752, 753, 754, 755, 756, 757, 758, 759, 760, 761, 762, 763, 764, 765, 766, 767, 770, 771, 772, 773, 774, 775, 776, 777, 778, 779, 780, 781, 782, 783, 784, 785, 786, 787, 788, 791, 792, 793, 794, 795, 796, 797, 798, 799, 800, 801, 802, 803, 804, 805, 806, 807, 808, 809, 810, 811, 812, 813, 814, 815, 816, 817, 818, 819, 820, 821, 822, 823, 824, 825, 826, 827, 828, 829, 830, 831, 832, 833, 834, 835, 836, 837, 838, 839, 840, 841, 842, 843, 844, 845, 846, 847, 848, 849, 850, 851, 852, 853, 854, 855, 856, 857, 858, 859, 860, 861, 862, 863, 864, 865, 866, 867, 868, 869, 870, 871, 872, 873, 874, 875, 876, 877, 878, 879, 880, 881, 882, 883, 884, 885, 886, 887, 888, 889, 890, 891, 892, 893, 894, 895, 896, 897, 898, 899, 900, 901, 902, 903, 904, 905, 906, 907, 908, 909, 910, 911, 912, 913, 914, 915, 916, 917, 918, 919, 920, 921, 922, 923, 924, 925, 926, 927, 928, 929, 930, 931, 932, 933, 934, 935, 936, 937, 938, 939, 940, 941, 942, 943, 944, 945, 946, 947, 948, 949, 950, 951, 952, 953, 954, 955, 956, 957, 958, 959, 960, 961, 962, 963, 964, 965, 966, 967, 968, 969, 970, 971, 972, 973, 974, 975, 976, 977, 978, 979, 980, 981, 982, 983, 984, 985, 986, 987, 988, 989, 990, 991, 992, 993, 994, 995, 996, 997, 998, 999, 1000, 1001, 1002, 1003, 1004, 1005, 1006, 1007, 1008, 1009, 1010, 1011, 1012, 1013, 1014, 1015, 1016, 1017, 1018, 1019, 1020, 1021, 1022, 1023, 1024, 1025, 1026, 1027, 1028, 1029, 1030, 1031, 1032, 1033, 1034, 1035, 1036, 1037, 1038, 1039, 1040, 1041, 1042, 1043, 1044, 1045, 1046, 1047, 1048, 1049, 1050, 1051, 1052, 1053, 1054, 1055, 1056, 1057, 1058, 1059, 1060, 1061, 1062, 1063, 1064, 1065, 1066, 1067, 1068, 1069, 1070, 1071, 1072, 1073, 1074, 1075, 1076, 1077, 1078, 1079, 1080, 1081, 1082, 1083, 1084, 1085, 1086, 1087, 1088, 1089, 1090, 1091, 1092, 1093, 1094, 1095, 1096, 1097, 1098, 1099, 1100, 1101, 1102, 1103, 1104, 1105, 1106, 1107, 1108, 1109, 1110, 1111, 1112, 1113, 1114, 1115, 1116, 1117, 1118, 1119, 1120, 1121, 1122, 1123, 1124, 1125, 1126, 1127, 1132, 1133, 1134, 1135, 1136, 1137, 1138, 1139, 1140, 1141, 1142, 1143, 1144, 1145, 1146, 1147, 1148, 1149, 1150, 1151, 1152, 1153, 1154, 1155, 1156, 1157, 1158, 1159, 1160, 1161, 1162, 1163, 1164, 1165, 1166, 1167, 1168, 1169, 1170, 1171, 1172, 1173, 1174, 1175, 1176, 1177, 1178, 1179, 1180, 1181, 1182, 1183, 1184, 1185, 1186, 1187, 1188, 1189, 1190, 1191, 1192, 1193, 1194, 1195, 1196, 1197, 1198, 1199, 1200, 1201, 1202, 1203, 1204, 1205, 1206, 1207, 1208, 1209, 1210, 1211, 1212, 1213, 1214, 1215, 1216, 1217, 1218, 1219, 1220, 1221, 1222, 1223, 1224, 1225, 1226, 1227, 1228, 1229, 1230, 1231, 1232, 1233, 1234, 1235, 1236, 1237, 1238, 1239, 1240, 1241, 1242, 1243, 1244, 1245, 1246, 1247, 1248, 1249, 1250, 1251, 1252, 1253, 1254, 1255, 1256, 1257, 1258, 1259, 1260, 1261, 1262, 1263], "executed_branches": [[57, 58], [57, 63], [78, 79], [78, 80], [124, 125], [124, 127], [249, 250], [249, 254], [250, 249], [250, 251], [251, 250], [251, 252], [264, 268], [264, 275], [268, 269]], "missing_branches": [[268, 271]], "functions": {"_get_zstd_dctx": {"executed_lines": [57, 58, 59, 60, 63], "summary": {"covered_lines": 5, "num_statements": 5, "percent_covered": 100.0, "percent_covered_display": "100", "missing_lines": 0, "excluded_lines": 2, "num_branches": 2, "num_partial_branches": 0, "covered_branches": 2, "missing_branches": 0}, "missing_lines": [], "excluded_lines": [61, 62], "executed_branches": [[57, 58], [57, 63]], "missing_branches": []}, "_load_npy_path": {"executed_lines": [78, 79, 80, 81, 95], "summary": {"covered_lines": 4, "num_statements": 4, "percent_covered": 100.0, "percent_covered_display": "100", "missing_lines": 0, "excluded_lines": 8, "num_branches": 2, "num_partial_branches": 0, "covered_branches": 2, "missing_branches": 0}, "missing_lines": [], "excluded_lines": [81, 82, 83, 84, 88, 89, 93, 94], "executed_branches": [[78, 79], [78, 80]], "missing_branches": []}, "_rss_mb": {"executed_lines": [105, 107, 108], "summary": {"covered_lines": 3, "num_statements": 3, "percent_covered": 100.0, "percent_covered_display": "100", "missing_lines": 0, "excluded_lines": 1, "num_branches": 0, "num_partial_branches": 0, "covered_branches": 0, "missing_branches": 0}, "missing_lines": [], "excluded_lines": [109], "executed_branches": [], "missing_branches": []}, "_rss_mb_throttled": {"executed_lines": [123, 124, 125, 126, 127], "summary": {"covered_lines": 5, "num_statements": 5, "percent_covered": 100.0, "percent_covered_display": "100", "missing_lines": 0, "excluded_lines": 0, "num_branches": 2, "num_partial_branches": 0, "covered_branches": 2, "missing_branches": 0}, "missing_lines": [], "excluded_lines": [], "executed_branches": [[124, 125], [124, 127]], "missing_branches": []}, "_configure_metal_memory": {"executed_lines": [149, 150, 151, 154, 155, 156, 157, 158, 161, 163, 164, 165, 166], "summary": {"covered_lines": 0, "num_statements": 0, "percent_covered": 100.0, "percent_covered_display": "100", "missing_lines": 0, "excluded_lines": 19, "num_branches": 0, "num_partial_branches": 0, "covered_branches": 0, "missing_branches": 0}, "missing_lines": [], "excluded_lines": [148, 149, 150, 151, 152, 153, 154, 155, 156, 157, 158, 159, 160, 161, 162, 163, 164, 165, 166], "executed_branches": [], "missing_branches": []}, "_build_model_args": {"executed_lines": [], "summary": {"covered_lines": 0, "num_statements": 0, "percent_covered": 100.0, "percent_covered_display": "100", "missing_lines": 0, "excluded_lines": 5, "num_branches": 0, "num_partial_branches": 0, "covered_branches": 0, "missing_branches": 0}, "missing_lines": [], "excluded_lines": [196, 197, 198, 199, 200], "executed_branches": [], "missing_branches": []}, "_instantiate_model": {"executed_lines": [], "summary": {"covered_lines": 0, "num_statements": 0, "percent_covered": 100.0, "percent_covered_display": "100", "missing_lines": 0, "excluded_lines": 25, "num_branches": 0, "num_partial_branches": 0, "covered_branches": 0, "missing_branches": 0}, "missing_lines": [], "excluded_lines": [204, 205, 206, 207, 208, 209, 210, 211, 212, 213, 214, 215, 216, 217, 218, 219, 220, 221, 222, 223, 224, 225, 226, 227, 228], "executed_branches": [], "missing_branches": []}, "_safe_key_to_original": {"executed_lines": [237, 238, 239], "summary": {"covered_lines": 3, "num_statements": 3, "percent_covered": 100.0, "percent_covered_display": "100", "missing_lines": 0, "excluded_lines": 0, "num_branches": 0, "num_partial_branches": 0, "covered_branches": 0, "missing_branches": 0}, "missing_lines": [], "excluded_lines": [], "executed_branches": [], "missing_branches": []}, "_unique_base_keys": {"executed_lines": [247, 248, 249, 250, 251, 252, 253, 254], "summary": {"covered_lines": 8, "num_statements": 8, "percent_covered": 100.0, "percent_covered_display": "100", "missing_lines": 0, "excluded_lines": 0, "num_branches": 6, "num_partial_branches": 0, "covered_branches": 6, "missing_branches": 0}, "missing_lines": [], "excluded_lines": [], "executed_branches": [[249, 250], [249, 254], [250, 249], [250, 251], [251, 250], [251, 252]], "missing_branches": []}, "_dequantize": {"executed_lines": [262, 264, 268, 269, 272, 275, 278, 279, 281, 287, 288], "summary": {"covered_lines": 11, "num_statements": 12, "percent_covered": 87.5, "percent_covered_display": "88", "missing_lines": 1, "excluded_lines": 0, "num_branches": 4, "num_partial_branches": 1, "covered_branches": 3, "missing_branches": 1}, "missing_lines": [271], "excluded_lines": [], "executed_branches": [[264, 268], [264, 275], [268, 269]], "missing_branches": [[268, 271]]}, "_save_finalized_cache": {"executed_lines": [], "summary": {"covered_lines": 0, "num_statements": 0, "percent_covered": 100.0, "percent_covered_display": "100", "missing_lines": 0, "excluded_lines": 37, "num_branches": 0, "num_partial_branches": 0, "covered_branches": 0, "missing_branches": 0}, "missing_lines": [], "excluded_lines": [303, 304, 305, 306, 307, 308, 309, 310, 311, 312, 313, 314, 315, 316, 317, 318, 319, 320, 321, 322, 323, 324, 325, 326, 327, 328, 329, 330, 331, 332, 333, 334, 335, 336, 337, 338, 339], "executed_branches": [], "missing_branches": []}, "_load_finalized_cache": {"executed_lines": [], "summary": {"covered_lines": 0, "num_statements": 0, "percent_covered": 100.0, "percent_covered_display": "100", "missing_lines": 0, "excluded_lines": 58, "num_branches": 0, "num_partial_branches": 0, "covered_branches": 0, "missing_branches": 0}, "missing_lines": [], "excluded_lines": [348, 349, 350, 351, 352, 353, 354, 355, 356, 357, 358, 359, 360, 361, 362, 363, 364, 365, 366, 367, 368, 369, 370, 371, 372, 373, 374, 375, 376, 377, 378, 379, 380, 381, 382, 383, 384, 385, 386, 387, 388, 389, 390, 391, 392, 393, 394, 395, 396, 397, 398, 399, 400, 401, 402, 403, 404, 405], "executed_branches": [], "missing_branches": []}, "_load_mlx_cache": {"executed_lines": [], "summary": {"covered_lines": 0, "num_statements": 0, "percent_covered": 100.0, "percent_covered_display": "100", "missing_lines": 0, "excluded_lines": 53, "num_branches": 0, "num_partial_branches": 0, "covered_branches": 0, "missing_branches": 0}, "missing_lines": [], "excluded_lines": [414, 415, 416, 417, 418, 419, 420, 421, 422, 423, 424, 425, 426, 427, 428, 429, 430, 431, 432, 433, 434, 435, 436, 437, 438, 439, 440, 441, 442, 443, 444, 445, 446, 447, 448, 449, 450, 451, 452, 453, 454, 455, 456, 457, 458, 459, 460, 461, 462, 463, 464, 465, 466], "executed_branches": [], "missing_branches": []}, "_npy_exists": {"executed_lines": [471], "summary": {"covered_lines": 1, "num_statements": 1, "percent_covered": 100.0, "percent_covered_display": "100", "missing_lines": 0, "excluded_lines": 0, "num_branches": 0, "num_partial_branches": 0, "covered_branches": 0, "missing_branches": 0}, "missing_lines": [], "excluded_lines": [], "executed_branches": [], "missing_branches": []}, "_dequantize_npy_dir": {"executed_lines": [489, 492, 493, 494, 495, 497, 499, 500, 503], "summary": {"covered_lines": 0, "num_statements": 0, "percent_covered": 100.0, "percent_covered_display": "100", "missing_lines": 0, "excluded_lines": 52, "num_branches": 0, "num_partial_branches": 0, "covered_branches": 0, "missing_branches": 0}, "missing_lines": [], "excluded_lines": [475, 476, 477, 478, 479, 480, 481, 482, 483, 484, 485, 486, 487, 488, 489, 490, 491, 492, 493, 494, 495, 496, 497, 498, 499, 500, 501, 502, 503, 504, 505, 506, 507, 508, 509, 510, 511, 512, 513, 514, 515, 516, 517, 518, 519, 520, 521, 522, 523, 524, 525, 526], "executed_branches": [], "missing_branches": []}, "save_int4_npy_dir": {"executed_lines": [557, 563, 564, 565, 567, 572, 575, 576, 577, 587, 588, 591, 592, 593, 595, 596, 597, 598, 600, 602, 603, 604, 605, 607, 613, 614, 615, 620, 623, 626, 629, 631, 632, 634, 635, 636, 638, 639, 640, 643, 644, 645, 647, 656, 657, 658, 659, 661, 663], "summary": {"covered_lines": 0, "num_statements": 0, "percent_covered": 100.0, "percent_covered_display": "100", "missing_lines": 0, "excluded_lines": 130, "num_branches": 0, "num_partial_branches": 0, "covered_branches": 0, "missing_branches": 0}, "missing_lines": [], "excluded_lines": [534, 535, 536, 537, 538, 539, 540, 541, 542, 543, 544, 545, 546, 547, 548, 549, 550, 551, 552, 553, 554, 555, 556, 557, 558, 559, 560, 561, 562, 563, 564, 565, 566, 567, 568, 569, 570, 571, 572, 573, 574, 575, 576, 577, 578, 579, 580, 581, 582, 583, 584, 585, 586, 587, 588, 589, 590, 591, 592, 593, 594, 595, 596, 597, 598, 599, 600, 601, 602, 603, 604, 605, 606, 607, 608, 609, 610, 611, 612, 613, 614, 615, 616, 617, 618, 619, 620, 621, 622, 623, 624, 625, 626, 627, 628, 629, 630, 631, 632, 633, 634, 635, 636, 637, 638, 639, 640, 641, 642, 643, 644, 645, 646, 647, 648, 649, 650, 651, 652, 653, 654, 655, 656, 657, 658, 659, 660, 661, 662, 663], "executed_branches": [], "missing_branches": []}, "compress_npy_dir": {"executed_lines": [], "summary": {"covered_lines": 0, "num_statements": 0, "percent_covered": 100.0, "percent_covered_display": "100", "missing_lines": 0, "excluded_lines": 87, "num_branches": 0, "num_partial_branches": 0, "covered_branches": 0, "missing_branches": 0}, "missing_lines": [], "excluded_lines": [681, 682, 683, 684, 685, 686, 687, 688, 689, 690, 691, 692, 693, 694, 695, 696, 697, 698, 699, 700, 701, 702, 703, 704, 705, 706, 707, 708, 709, 710, 711, 712, 713, 714, 715, 716, 717, 718, 719, 720, 721, 722, 723, 724, 725, 726, 727, 728, 729, 730, 731, 732, 733, 734, 735, 736, 737, 738, 739, 740, 741, 742, 743, 744, 745, 746, 747, 748, 749, 750, 751, 752, 753, 754, 755, 756, 757, 758, 759, 760, 761, 762, 763, 764, 765, 766, 767], "executed_branches": [], "missing_branches": []}, "_decomp_task": {"executed_lines": [], "summary": {"covered_lines": 0, "num_statements": 0, "percent_covered": 100.0, "percent_covered_display": "100", "missing_lines": 0, "excluded_lines": 16, "num_branches": 0, "num_partial_branches": 0, "covered_branches": 0, "missing_branches": 0}, "missing_lines": [], "excluded_lines": [773, 774, 775, 776, 777, 778, 779, 780, 781, 782, 783, 784, 785, 786, 787, 788], "executed_branches": [], "missing_branches": []}, "load_from_npy_dir": {"executed_lines": [], "summary": {"covered_lines": 0, "num_statements": 0, "percent_covered": 100.0, "percent_covered_display": "100", "missing_lines": 0, "excluded_lines": 329, "num_branches": 0, "num_partial_branches": 0, "covered_branches": 0, "missing_branches": 0}, "missing_lines": [], "excluded_lines": [799, 800, 801, 802, 803, 804, 805, 806, 807, 808, 809, 810, 811, 812, 813, 814, 815, 816, 817, 818, 819, 820, 821, 822, 823, 824, 825, 826, 827, 828, 829, 830, 831, 832, 833, 834, 835, 836, 837, 838, 839, 840, 841, 842, 843, 844, 845, 846, 847, 848, 849, 850, 851, 852, 853, 854, 855, 856, 857, 858, 859, 860, 861, 862, 863, 864, 865, 866, 867, 868, 869, 870, 871, 872, 873, 874, 875, 876, 877, 878, 879, 880, 881, 882, 883, 884, 885, 886, 887, 888, 889, 890, 891, 892, 893, 894, 895, 896, 897, 898, 899, 900, 901, 902, 903, 904, 905, 906, 907, 908, 909, 910, 911, 912, 913, 914, 915, 916, 917, 918, 919, 920, 921, 922, 923, 924, 925, 926, 927, 928, 929, 930, 931, 932, 933, 934, 935, 936, 937, 938, 939, 940, 941, 942, 943, 944, 945, 946, 947, 948, 949, 950, 951, 952, 953, 954, 955, 956, 957, 958, 959, 960, 961, 962, 963, 964, 965, 966, 967, 968, 969, 970, 971, 972, 973, 974, 975, 976, 977, 978, 979, 980, 981, 982, 983, 984, 985, 986, 987, 988, 989, 990, 991, 992, 993, 994, 995, 996, 997, 998, 999, 1000, 1001, 1002, 1003, 1004, 1005, 1006, 1007, 1008, 1009, 1010, 1011, 1012, 1013, 1014, 1015, 1016, 1017, 1018, 1019, 1020, 1021, 1022, 1023, 1024, 1025, 1026, 1027, 1028, 1029, 1030, 1031, 1032, 1033, 1034, 1035, 1036, 1037, 1038, 1039, 1040, 1041, 1042, 1043, 1044, 1045, 1046, 1047, 1048, 1049, 1050, 1051, 1052, 1053, 1054, 1055, 1056, 1057, 1058, 1059, 1060, 1061, 1062, 1063, 1064, 1065, 1066, 1067, 1068, 1069, 1070, 1071, 1072, 1073, 1074, 1075, 1076, 1077, 1078, 1079, 1080, 1081, 1082, 1083, 1084, 1085, 1086, 1087, 1088, 1089, 1090, 1091, 1092, 1093, 1094, 1095, 1096, 1097, 1098, 1099, 1100, 1101, 1102, 1103, 1104, 1105, 1106, 1107, 1108, 1109, 1110, 1111, 1112, 1113, 1114, 1115, 1116, 1117, 1118, 1119, 1120, 1121, 1122, 1123, 1124, 1125, 1126, 1127], "executed_branches": [], "missing_branches": []}, "load_compressed_model": {"executed_lines": [], "summary": {"covered_lines": 0, "num_statements": 0, "percent_covered": 100.0, "percent_covered_display": "100", "missing_lines": 0, "excluded_lines": 124, "num_branches": 0, "num_partial_branches": 0, "covered_branches": 0, "missing_branches": 0}, "missing_lines": [], "excluded_lines": [1140, 1141, 1142, 1143, 1144, 1145, 1146, 1147, 1148, 1149, 1150, 1151, 1152, 1153, 1154, 1155, 1156, 1157, 1158, 1159, 1160, 1161, 1162, 1163, 1164, 1165, 1166, 1167, 1168, 1169, 1170, 1171, 1172, 1173, 1174, 1175, 1176, 1177, 1178, 1179, 1180, 1181, 1182, 1183, 1184, 1185, 1186, 1187, 1188, 1189, 1190, 1191, 1192, 1193, 1194, 1195, 1196, 1197, 1198, 1199, 1200, 1201, 1202, 1203, 1204, 1205, 1206, 1207, 1208, 1209, 1210, 1211, 1212, 1213, 1214, 1215, 1216, 1217, 1218, 1219, 1220, 1221, 1222, 1223, 1224, 1225, 1226, 1227, 1228, 1229, 1230, 1231, 1232, 1233, 1234, 1235, 1236, 1237, 1238, 1239, 1240, 1241, 1242, 1243, 1244, 1245, 1246, 1247, 1248, 1249, 1250, 1251, 1252, 1253, 1254, 1255, 1256, 1257, 1258, 1259, 1260, 1261, 1262, 1263], "executed_branches": [], "missing_branches": []}, "": {"executed_lines": [2, 25, 26, 27, 28, 29, 30, 31, 32, 34, 39, 40, 41, 45, 46, 51, 54, 66, 100, 103, 112, 113, 116, 131, 132, 134, 147, 168, 176, 195, 203, 235, 242, 257, 295, 296, 297, 300, 342, 408, 469, 474, 529, 674, 770, 791, 1132], "summary": {"covered_lines": 34, "num_statements": 34, "percent_covered": 100.0, "percent_covered_display": "100", "missing_lines": 0, "excluded_lines": 53, "num_branches": 0, "num_partial_branches": 0, "covered_branches": 0, "missing_branches": 0}, "missing_lines": [], "excluded_lines": [2, 42, 43, 147, 195, 203, 300, 301, 302, 342, 343, 344, 345, 346, 347, 408, 409, 410, 411, 412, 413, 474, 529, 530, 531, 532, 533, 674, 675, 676, 677, 678, 679, 680, 770, 771, 772, 791, 792, 793, 794, 795, 796, 797, 798, 1132, 1133, 1134, 1135, 1136, 1137, 1138, 1139], "executed_branches": [], "missing_branches": []}}, "classes": {"": {"executed_lines": [2, 25, 26, 27, 28, 29, 30, 31, 32, 34, 39, 40, 41, 45, 46, 51, 54, 57, 58, 59, 60, 63, 66, 78, 79, 80, 81, 95, 100, 103, 105, 107, 108, 112, 113, 116, 123, 124, 125, 126, 127, 131, 132, 134, 147, 149, 150, 151, 154, 155, 156, 157, 158, 161, 163, 164, 165, 166, 168, 176, 195, 203, 235, 237, 238, 239, 242, 247, 248, 249, 250, 251, 252, 253, 254, 257, 262, 264, 268, 269, 272, 275, 278, 279, 281, 287, 288, 295, 296, 297, 300, 342, 408, 469, 471, 474, 489, 492, 493, 494, 495, 497, 499, 500, 503, 529, 557, 563, 564, 565, 567, 572, 575, 576, 577, 587, 588, 591, 592, 593, 595, 596, 597, 598, 600, 602, 603, 604, 605, 607, 613, 614, 615, 620, 623, 626, 629, 631, 632, 634, 635, 636, 638, 639, 640, 643, 644, 645, 647, 656, 657, 658, 659, 661, 663, 674, 770, 791, 1132], "summary": {"covered_lines": 74, "num_statements": 75, "percent_covered": 97.8021978021978, "percent_covered_display": "98", "missing_lines": 1, "excluded_lines": 999, "num_branches": 16, "num_partial_branches": 1, "covered_branches": 15, "missing_branches": 1}, "missing_lines": [271], "excluded_lines": [2, 42, 43, 61, 62, 81, 82, 83, 84, 8
[...]
sing_lines": [], "excluded_lines": [139, 140, 141, 142, 143, 144, 145, 146], "executed_branches": [], "missing_branches": []}, "_restore_params": {"executed_lines": [], "summary": {"covered_lines": 0, "num_statements": 0, "percent_covered": 100.0, "percent_covered_display": "100", "missing_lines": 0, "excluded_lines": 5, "num_branches": 0, "num_partial_branches": 0, "covered_branches": 0, "missing_branches": 0}, "missing_lines": [], "excluded_lines": [153, 154, 155, 156, 157], "executed_branches": [], "missing_branches": []}, "OffloadedLayer.__init__": {"executed_lines": [180, 181, 182], "summary": {"covered_lines": 0, "num_statements": 0, "percent_covered": 100.0, "percent_covered_display": "100", "missing_lines": 0, "excluded_lines": 3, "num_branches": 0, "num_partial_branches": 0, "covered_branches": 0, "missing_branches": 0}, "missing_lines": [], "excluded_lines": [180, 181, 182], "executed_branches": [], "missing_branches": []}, "OffloadedLayer.__call__": {"executed_lines": [], "summary": {"covered_lines": 0, "num_statements": 0, "percent_covered": 100.0, "percent_covered_display": "100", "missing_lines": 0, "excluded_lines": 36, "num_branches": 0, "num_partial_branches": 0, "covered_branches": 0, "missing_branches": 0}, "missing_lines": [], "excluded_lines": [187, 188, 189, 190, 191, 192, 193, 194, 195, 196, 197, 198, 199, 200, 201, 202, 203, 204, 205, 206, 207, 208, 209, 210, 211, 212, 213, 214, 215, 216, 217, 218, 219, 220, 221, 222], "executed_branches": [], "missing_branches": []}, "OffloadedLayer.__getattr__": {"executed_lines": [], "summary": {"covered_lines": 0, "num_statements": 0, "percent_covered": 100.0, "percent_covered_display": "100", "missing_lines": 0, "excluded_lines": 3, "num_branches": 0, "num_partial_branches": 0, "covered_branches": 0, "missing_branches": 0}, "missing_lines": [], "excluded_lines": [227, 228, 229], "executed_branches": [], "missing_branches": []}, "OffloadedLayer.cpu_bytes": {"executed_lines": [], "summary": {"covered_lines": 0, "num_statements": 0, "percent_covered": 100.0, "percent_covered_display": "100", "missing_lines": 0, "excluded_lines": 2, "num_branches": 0, "num_partial_branches": 0, "covered_branches": 0, "missing_branches": 0}, "missing_lines": [], "excluded_lines": [233, 234], "executed_branches": [], "missing_branches": []}, "SplitInfo.gpu_gb": {"executed_lines": [255], "summary": {"covered_lines": 1, "num_statements": 1, "percent_covered": 100.0, "percent_covered_display": "100", "missing_lines": 0, "excluded_lines": 0, "num_branches": 0, "num_partial_branches": 0, "covered_branches": 0, "missing_branches": 0}, "missing_lines": [], "excluded_lines": [], "executed_branches": [], "missing_branches": []}, "SplitInfo.cpu_gb": {"executed_lines": [259], "summary": {"covered_lines": 1, "num_statements": 1, "percent_covered": 100.0, "percent_covered_display": "100", "missing_lines": 0, "excluded_lines": 0, "num_branches": 0, "num_partial_branches": 0, "covered_branches": 0, "missing_branches": 0}, "missing_lines": [], "excluded_lines": [], "executed_branches": [], "missing_branches": []}, "SplitInfo.gpu_count": {"executed_lines": [263], "summary": {"covered_lines": 1, "num_statements": 1, "percent_covered": 100.0, "percent_covered_display": "100", "missing_lines": 0, "excluded_lines": 0, "num_branches": 0, "num_partial_branches": 0, "covered_branches": 0, "missing_branches": 0}, "missing_lines": [], "excluded_lines": [], "executed_branches": [], "missing_branches": []}, "SplitInfo.cpu_count": {"executed_lines": [267], "summary": {"covered_lines": 1, "num_statements": 1, "percent_covered": 100.0, "percent_covered_display": "100", "missing_lines": 0, "excluded_lines": 0, "num_branches": 0, "num_partial_branches": 0, "covered_branches": 0, "missing_branches": 0}, "missing_lines": [], "excluded_lines": [], "executed_branches": [], "missing_branches": []}, "SplitInfo.__str__": {"executed_lines": [270, 271], "summary": {"covered_lines": 2, "num_statements": 2, "percent_covered": 100.0, "percent_covered_display": "100", "missing_lines": 0, "excluded_lines": 0, "num_branches": 0, "num_partial_branches": 0, "covered_branches": 0, "missing_branches": 0}, "missing_lines": [], "excluded_lines": [], "executed_branches": [], "missing_branches": []}, "SplitLayerLoader.__init__": {"executed_lines": [309, 310, 311, 312, 313, 315, 316], "summary": {"covered_lines": 0, "num_statements": 0, "percent_covered": 100.0, "percent_covered_display": "100", "missing_lines": 0, "excluded_lines": 8, "num_branches": 0, "num_partial_branches": 0, "covered_branches": 0, "missing_branches": 0}, "missing_lines": [], "excluded_lines": [309, 310, 311, 312, 313, 314, 315, 316], "executed_branches": [], "missing_branches": []}, "SplitLayerLoader.apply": {"executed_lines": [327, 328, 330, 331, 333, 334, 340, 341, 343, 345, 346, 347, 348, 349, 350, 351, 352, 357, 358, 360, 362, 363, 364, 366, 367, 368, 370, 371, 372, 374, 375, 377, 378], "summary": {"covered_lines": 0, "num_statements": 0, "percent_covered": 100.0, "percent_covered_display": "100", "missing_lines": 0, "excluded_lines": 58, "num_branches": 0, "num_partial_branches": 0, "covered_branches": 0, "missing_branches": 0}, "missing_lines": [], "excluded_lines": [321, 322, 323, 324, 325, 326, 327, 328, 329, 330, 331, 332, 333, 334, 335, 336, 337, 338, 339, 340, 341, 342, 343, 344, 345, 346, 347, 348, 349, 350, 351, 352, 353, 354, 355, 356, 357, 358, 359, 360, 361, 362, 363, 364, 365, 366, 367, 368, 369, 370, 371, 372, 373, 374, 375, 376, 377, 378], "executed_branches": [], "missing_branches": []}, "SplitLayerLoader.restore": {"executed_lines": [], "summary": {"covered_lines": 0, "num_statements": 0, "percent_covered": 100.0, "percent_covered_display": "100", "missing_lines": 0, "excluded_lines": 14, "num_branches": 0, "num_partial_branches": 0, "covered_branches": 0, "missing_branches": 0}, "missing_lines": [], "excluded_lines": [381, 382, 383, 384, 385, 386, 387, 388, 389, 390, 391, 392, 393, 394], "executed_branches": [], "missing_branches": []}, "SplitLayerLoader.info": {"executed_lines": [], "summary": {"covered_lines": 0, "num_statements": 0, "percent_covered": 100.0, "percent_covered_display": "100", "missing_lines": 0, "excluded_lines": 1, "num_branches": 0, "num_partial_branches": 0, "covered_branches": 0, "missing_branches": 0}, "missing_lines": [], "excluded_lines": [398], "executed_branches": [], "missing_branches": []}, "SplitLayerLoader.auto_split": {"executed_lines": [421, 422, 424, 425, 427, 428, 432], "summary": {"covered_lines": 0, "num_statements": 0, "percent_covered": 100.0, "percent_covered_display": "100", "missing_lines": 0, "excluded_lines": 27, "num_branches": 0, "num_partial_branches": 0, "covered_branches": 0, "missing_branches": 0}, "missing_lines": [], "excluded_lines": [409, 410, 411, 412, 413, 414, 415, 416, 417, 418, 419, 420, 421, 422, 423, 424, 425, 426, 427, 428, 429, 430, 431, 432, 433, 434, 435], "executed_branches": [], "missing_branches": []}, "profile_model_layers": {"executed_lines": [449, 450, 451, 452, 453, 459], "summary": {"covered_lines": 0, "num_statements": 0, "percent_covered": 100.0, "percent_covered_display": "100", "missing_lines": 0, "excluded_lines": 17, "num_branches": 0, "num_partial_branches": 0, "covered_branches": 0, "missing_branches": 0}, "missing_lines": [], "excluded_lines": [443, 444, 445, 446, 447, 448, 449, 450, 451, 452, 453, 454, 455, 456, 457, 458, 459], "executed_branches": [], "missing_branches": []}, "print_layer_profile": {"executed_lines": [], "summary": {"covered_lines": 0, "num_statements": 0, "percent_covered": 100.0, "percent_covered_display": "100", "missing_lines": 0, "excluded_lines": 18, "num_branches": 0, "num_partial_branches": 0, "covered_branches": 0, "missing_branches": 0}, "missing_lines": [], "excluded_lines": [463, 464, 465, 466, 467, 468, 469, 470, 471, 472, 473, 474, 475, 476, 477, 478, 479, 480], "executed_branches": [], "missing_branches": []}, "": {"executed_lines": [2, 48, 50, 51, 52, 54, 60, 65, 74, 83, 101, 126, 152, 164, 165, 179, 186, 226, 231, 232, 241, 242, 243, 244, 245, 246, 247, 248, 249, 253, 254, 257, 258, 261, 262, 265, 266, 269, 283, 284, 302, 320, 380, 396, 397, 402, 403, 442, 462], "summary": {"covered_lines": 23, "num_statements": 23, "percent_covered": 100.0, "percent_covered_display": "100", "missing_lines": 0, "excluded_lines": 80, "num_branches": 0, "num_partial_branches": 0, "covered_branches": 0, "missing_branches": 0}, "missing_lines": [], "excluded_lines": [60, 65, 74, 101, 126, 152, 164, 165, 166, 167, 168, 169, 170, 171, 172, 173, 174, 175, 176, 177, 178, 179, 183, 184, 185, 186, 223, 224, 225, 226, 230, 231, 232, 283, 284, 285, 286, 287, 288, 289, 290, 291, 292, 293, 294, 295, 296, 297, 298, 299, 300, 301, 302, 303, 304, 305, 306, 307, 308, 317, 318, 319, 320, 379, 380, 395, 396, 397, 399, 400, 401, 402, 403, 404, 405, 406, 407, 408, 442, 462], "executed_branches": [], "missing_branches": []}}, "classes": {"OffloadedLayer": {"executed_lines": [180, 181, 182], "summary": {"covered_lines": 0, "num_statements": 0, "percent_covered": 100.0, "percent_covered_display": "100", "missing_lines": 0, "excluded_lines": 44, "num_branches": 0, "num_partial_branches": 0, "covered_branches": 0, "missing_branches": 0}, "missing_lines": [], "excluded_lines": [180, 181, 182, 187, 188, 189, 190, 191, 192, 193, 194, 195, 196, 197, 198, 199, 200, 201, 202, 203, 204, 205, 206, 207, 208, 209, 210, 211, 212, 213, 214, 215, 216, 217, 218, 219, 220, 221, 222, 227, 228, 229, 233, 234], "executed_branches": [], "missing_branches": []}, "SplitInfo": {"executed_lines": [255, 259, 263, 267, 270, 271], "summary": {"covered_lines": 6, "num_statements": 6, "percent_covered": 100.0, "percent_covered_display": "100", "missing_lines": 0, "excluded_lines": 0, "num_branches": 0, "num_partial_branches": 0, "covered_branches": 0, "missing_branches": 0}, "missing_lines": [], "excluded_lines": [], "executed_branches": [], "missing_branches": []}, "SplitLayerLoader": {"executed_lines": [309, 310, 311, 312, 313, 315, 316, 327, 328, 330, 331, 333, 334, 340, 341, 343, 345, 346, 347, 348, 349, 350, 351, 352, 357, 358, 360, 362, 363, 364, 366, 367, 368, 370, 371, 372, 374, 375, 377, 378, 421, 422, 424, 425, 427, 428, 432], "summary": {"covered_lines": 0, "num_statements": 0, "percent_covered": 100.0, "percent_covered_display": "100", "missing_lines": 0, "excluded_lines": 108, "num_branches": 0, "num_partial_branches": 0, "covered_branches": 0, "missing_branches": 0}, "missing_lines": [], "excluded_lines": [309, 310, 311, 312, 313, 314, 315, 316, 321, 322, 323, 324, 325, 326, 327, 328, 329, 330, 331, 332, 333, 334, 335, 336, 337, 338, 339, 340, 341, 342, 343, 344, 345, 346, 347, 348, 349, 350, 351, 352, 353, 354, 355, 356, 357, 358, 359, 360, 361, 362, 363, 364, 365, 366, 367, 368, 369, 370, 371, 372, 373, 374, 375, 376, 377, 378, 381, 382, 383, 384, 385, 386, 387, 388, 389, 390, 391, 392, 393, 394, 398, 409, 410, 411, 412, 413, 414, 415, 416, 417, 418, 419, 420, 421, 422, 423, 424, 425, 426, 427, 428, 429, 430, 431, 432, 433, 434, 435], "executed_branches": [], "missing_branches": []}, "": {"executed_lines": [2, 48, 50, 51, 52, 54, 60, 65, 74, 83, 85, 86, 87, 88, 89, 90, 91, 101, 108, 109, 110, 114, 115, 117, 118, 119, 121, 123, 126, 152, 164, 165, 179, 186, 226, 231, 232, 241, 242, 243, 244, 245, 246, 247, 248, 249, 253, 254, 257, 258, 261, 262, 265, 266, 269, 283, 284, 302, 320, 380, 396, 397, 402, 403, 442, 449, 450, 451, 452, 453, 459, 462], "summary": {"covered_lines": 30, "num_statements": 30, "percent_covered": 100.0, "percent_covered_display": "100", "missing_lines": 0, "excluded_lines": 182, "num_branches": 0, "num_partial_branches": 0, "covered_branches": 0, "missing_branches": 0}, "missing_lines": [], "excluded_lines": [60, 61, 62, 65, 66, 67, 74, 75, 76, 77, 78, 79, 80, 92, 93, 94, 95, 96, 97, 98, 101, 102, 103, 104, 105, 106, 107, 108, 109, 110, 111, 112, 113, 114, 115, 116, 117, 118, 119, 120, 121, 122, 123, 126, 127, 128, 129, 130, 131, 132, 133, 134, 135, 136, 137, 138, 139, 140, 141, 142, 143, 144, 145, 146, 147, 148, 149, 152, 153, 154, 155, 156, 157, 164, 165, 166, 167, 168, 169, 170, 171, 172, 173, 174, 175, 176, 177, 178, 179, 183, 184, 185, 186, 223, 224, 225, 226, 230, 231, 232, 283, 284, 285, 286, 287, 288, 289, 290, 291, 292, 293, 294, 295, 296, 297, 298, 299, 300, 301, 302, 303, 304, 305, 306, 307, 308, 317, 318, 319, 320, 379, 380, 395, 396, 397, 399, 400, 401, 402, 403, 404, 405, 406, 407, 408, 442, 443, 444, 445, 446, 447, 448, 449, 450, 451, 452, 453, 454, 455, 456, 457, 458, 459, 462, 463, 464, 465, 466, 467, 468, 469, 470, 471, 472, 473, 474, 475, 476, 477, 478, 479, 480], "executed_branches": [], "missing_branches": []}}}, "squish/tool_calling.py": {"executed_lines": [2, 42, 43, 44, 45, 49, 63, 77, 78, 81, 82, 83, 84, 85, 86, 87, 90, 91, 93, 95, 96, 97, 98, 99, 101, 102, 108, 111, 116, 117, 118, 119, 120, 121, 122, 123, 124, 125, 126, 127, 128, 129, 130, 131, 132, 133, 134, 135, 136, 137, 138, 139, 140, 141, 142, 143, 146, 148, 149, 150, 151, 154, 156, 157, 158, 159, 161, 164, 166, 167, 168, 171, 179, 180, 181, 182, 185, 186, 187, 190, 191, 192, 193, 195, 200, 222, 223, 224, 225, 227, 228, 229, 230, 232, 233, 241], "summary": {"covered_lines": 95, "num_statements": 95, "percent_covered": 99.3103448275862, "percent_covered_display": "99", "missing_lines": 0, "excluded_lines": 3, "num_branches": 50, "num_partial_branches": 1, "covered_branches": 49, "missing_branches": 1}, "missing_lines": [], "excluded_lines": [2, 64, 172], "executed_branches": [[77, 78], [77, 81], [82, 83], [82, 90], [95, 96], [95, 101], [96, 95], [96, 97], [117, 118], [117, 143], [122, 117], [122, 123], [123, 124], [123, 126], [126, 127], [126, 129], [129, 130], [129, 132], [132, 133], [132, 134], [134, 135], [134, 138], [135, 136], [135, 137], [138, 122], [138, 139], [140, 122], [140, 141], [156, 157], [156, 158], [158, 159], [158, 161], [166, 167], [166, 168], [179, 180], [179, 185], [181, 182], [186, 187], [186, 190], [190, 191], [190, 195], [192, 190], [192, 193], [223, 224], [223, 241], [227, 228], [227, 229], [229, 230], [229, 232]], "missing_branches": [[181, 179]], "functions": {"format_tools_prompt": {"executed_lines": [77, 78, 81, 82, 83, 84, 85, 86, 87, 90, 91, 93, 95, 96, 97, 98, 99, 101, 102], "summary": {"covered_lines": 19, "num_statements": 19, "percent_covered": 100.0, "percent_covered_display": "100", "missing_lines": 0, "excluded_lines": 1, "num_branches": 8, "num_partial_branches": 0, "covered_branches": 8, "missing_branches": 0}, "missing_lines": [], "excluded_lines": [64], "executed_branches": [[77, 78], [77, 81], [82, 83], [82, 90], [95, 96], [95, 101], [96, 95], [96, 97]], "missing_branches": []}, "_extract_json_objects": {"executed_lines": [116, 117, 118, 119, 120, 121, 122, 123, 124, 125, 126, 127, 128, 129, 130, 131, 132, 133, 134, 135, 136, 137, 138, 139, 140, 141, 142, 143], "summary": {"covered_lines": 28, "num_statements": 28, "percent_covered": 100.0, "percent_covered_display": "100", "missing_lines": 0, "excluded_lines": 0, "num_branches": 20, "num_partial_branches": 0, "covered_branches": 20, "missing_branches": 0}, "missing_lines": [], "excluded_lines": [], "executed_branches": [[117, 118], [117, 143], [122, 117], [122, 123], [123, 124], [123, 126], [126, 127], [126, 129], [129, 130], [129, 132], [132, 133], [132, 134], [134, 135], [134, 138], [135, 136], [135, 137], [138, 122], [138, 139], [140, 122], [140, 141]], "missing_branches": []}, "_try_parse": {"executed_lines": [148, 149, 150, 151], "summary": {"covered_lines": 4, "num_statements": 4, "percent_covered": 100.0, "percent_covered_display": "100", "missing_lines": 0, "excluded_lines": 0, "num_branches": 0, "num_partial_branches": 0, "covered_branches": 0, "missing_branches": 0}, "missing_lines": [], "excluded_lines": [], "executed_branches": [], "missing_branches": []}, "_is_tool_call": {"executed_lines": [156, 157, 158, 159, 161], "summary": {"covered_lines": 5, "num_statements": 5, "percent_covered": 100.0, "percent_covered_display": "100", "missing_lines": 0, "excluded_lines": 0, "num_branches": 4, "num_partial_branches": 0, "covered_branches": 4, "missing_branches": 0}, "missing_lines": [], "excluded_lines": [], "executed_branches": [[156, 157], [156, 158], [158, 159], [158, 161]], "missing_branches": []}, "_normalise": {"executed_lines": [166, 167, 168], "summary": {"covered_lines": 3, "num_statements": 3, "percent_covered": 100.0, "percent_covered_display": "100", "missing_lines": 0, "excluded_lines": 0, "num_branches": 2, "num_partial_branches": 0, "covered_branches": 2, "missing_branches": 0}, "missing_lines": [], "excluded_lines": [], "executed_branches": [[166, 167], [166, 168]], "missing_branches": []}, "parse_tool_calls": {"executed_lines": [179, 180, 181, 182, 185, 186, 187, 190, 191, 192, 193, 195], "summary": {"covered_lines": 12, "num_statements": 12, "percent_covered": 95.45454545454545, "percent_covered_display": "95", "missing_lines": 0, "excluded_lines": 1, "num_branches": 10, "num_partial_branches": 1, "covered_branches": 9, "missing_branches": 1}, "missing_lines": [], "excluded_lines": [172], "executed_branches": [[179, 180], [179, 185], [181, 182], [186, 187], [186, 190], [190, 191], [190, 195], [192, 190], [192, 193]], "missing_branches": [[181, 179]]}, "build_tool_calls_response": {"executed_lines": [222, 223, 224, 225, 227, 228, 229, 230, 232, 233, 241], "summary": {"covered_lines": 11, "num_statements": 11, "percent_covered": 100.0, "percent_covered_display": "100", "missing_lines": 0, "excluded_lines": 0, "num_branches": 6, "num_partial_branches": 0, "covered_branches": 6, "missing_branches": 0}, "missing_lines": [], "excluded_lines": [], "executed_branches": [[223, 224], [223, 241], [227, 228], [227, 229], [229, 230], [229, 232]], "missing_branches": []}, "": {"executed_lines": [2, 42, 43, 44, 45, 49, 63, 108, 111, 146, 154, 164, 171, 200], "summary": {"covered_lines": 13, "num_statements": 13, "percent_covered": 100.0, "percent_covered_display": "100", "missing_lines": 0, "excluded_lines": 1, "num_branches": 0, "num_partial_branches": 0, "covered_branches": 0, "missing_branches": 0}, "missing_lines": [], "excluded_lines": [2], "executed_branches": [], "missing_branches": []}}, "classes": {"": {"executed_lines": [2, 42, 43, 44, 45, 49, 63, 77, 78, 81, 82, 83, 84, 85, 86, 87, 90, 91, 93, 95, 96, 97, 98, 99, 101, 102, 108, 111, 116, 117, 118, 119, 120, 121, 122, 123, 124, 125, 126, 127, 128, 129, 130, 131, 132, 133, 134, 135, 136, 137, 138, 139, 140, 141, 142, 143, 146, 148, 149, 150, 151, 154, 156, 157, 158, 159, 161, 164, 166, 167, 168, 171, 179, 180, 181, 182, 185, 186, 187, 190, 191, 192, 193, 195, 200, 222, 223, 224, 225, 227, 228, 229, 230, 232, 233, 241], "summary": {"covered_lines": 95, "num_statements": 95, "percent_covered": 99.3103448275862, "percent_covered_display": "99", "missing_lines": 0, "excluded_lines": 3, "num_branches": 50, "num_partial_branches": 1, "covered_branches": 49, "missing_branches": 1}, "missing_lines": [], "excluded_lines": [2, 64, 172], "executed_branches": [[77, 78], [77, 81], [82, 83], [82, 90], [95, 96], [95, 101], [96, 95], [96, 97], [117, 118], [117, 143], [122, 117], [122, 123], [123, 124], [123, 126], [126, 127], [126, 129], [129, 130], [129, 132], [132, 133], [132, 134], [134, 135], [134, 138], [135, 136], [135, 137], [138, 122], [138, 139], [140, 122], [140, 141], [156, 157], [156, 158], [158, 159], [158, 161], [166, 167], [166, 168], [179, 180], [179, 185], [181, 182], [186, 187], [186, 190], [190, 191], [190, 195], [192, 190], [192, 193], [223, 224], [223, 241], [227, 228], [227, 229], [229, 230], [229, 232]], "missing_branches": [[181, 179]]}}}}, "totals": {"covered_lines": 1934, "num_statements": 1939, "percent_covered": 99.16212819438626, "percent_covered_display": "99", "missing_lines": 5, "excluded_lines": 4770, "num_branches": 448, "num_partial_branches": 15, "covered_branches": 433, "missing_branches": 15}}